Using device: cuda
Initialized new model
============================================================
MODEL PARAMETER COUNT
============================================================
Encoder parameters:    12,232,320
Decoder parameters:    970,016
Total parameters:      13,202,336
============================================================
Training from step 0 to 1000000
Step 0 (0.0%): Train Loss = 1.488727, Val Loss = 1.173882, Gnorm = 5.076918, Samples = 256, LR = 2.00e-04, Steps/sec = 0.00, Samples/sec = 0.0
Step 500 (0.1%): Train Loss = 0.157811, Val Loss = 0.149537, Gnorm = 0.635626, Samples = 128256, LR = 2.00e-04, Steps/sec = 1.04, Samples/sec = 266.6
Step 1000 (0.1%): Train Loss = 0.134068, Val Loss = 0.121228, Gnorm = 0.505940, Samples = 256256, LR = 2.00e-04, Steps/sec = 1.03, Samples/sec = 264.4
Step 1500 (0.2%): Train Loss = 0.106237, Val Loss = 0.144754, Gnorm = 0.405603, Samples = 384256, LR = 2.00e-04, Steps/sec = 1.01, Samples/sec = 258.3
Step 2000 (0.2%): Train Loss = 0.093993, Val Loss = 0.092946, Gnorm = 0.398946, Samples = 512256, LR = 2.00e-04, Steps/sec = 1.03, Samples/sec = 264.0
Step 2500 (0.3%): Train Loss = 0.090812, Val Loss = 0.117501, Gnorm = 0.431169, Samples = 640256, LR = 2.00e-04, Steps/sec = 1.01, Samples/sec = 258.8
Step 3000 (0.3%): Train Loss = 0.098912, Val Loss = 0.087847, Gnorm = 0.455927, Samples = 768256, LR = 2.00e-04, Steps/sec = 1.04, Samples/sec = 265.3
Step 3500 (0.4%): Train Loss = 0.091909, Val Loss = 0.081965, Gnorm = 0.373910, Samples = 896256, LR = 2.00e-04, Steps/sec = 1.03, Samples/sec = 264.4
Step 4000 (0.4%): Train Loss = 0.107251, Val Loss = 0.074384, Gnorm = 0.429858, Samples = 1024256, LR = 2.00e-04, Steps/sec = 1.01, Samples/sec = 258.4
Step 4500 (0.5%): Train Loss = 0.083579, Val Loss = 0.084541, Gnorm = 0.275530, Samples = 1152256, LR = 2.00e-04, Steps/sec = 1.03, Samples/sec = 263.4
Step 5000 (0.5%): Train Loss = 0.082297, Val Loss = 0.081360, Gnorm = 0.245716, Samples = 1280256, LR = 2.00e-04, Steps/sec = 1.01, Samples/sec = 258.4
Step 5500 (0.6%): Train Loss = 0.078794, Val Loss = 0.067658, Gnorm = 0.387325, Samples = 1408256, LR = 2.00e-04, Steps/sec = 1.03, Samples/sec = 263.4
Step 6000 (0.6%): Train Loss = 0.078015, Val Loss = 0.076903, Gnorm = 0.493322, Samples = 1536256, LR = 2.00e-04, Steps/sec = 1.01, Samples/sec = 257.3
Step 6500 (0.7%): Train Loss = 0.074246, Val Loss = 0.067317, Gnorm = 0.226241, Samples = 1664256, LR = 2.00e-04, Steps/sec = 1.03, Samples/sec = 264.0
Step 7000 (0.7%): Train Loss = 0.077789, Val Loss = 0.065059, Gnorm = 0.272773, Samples = 1792256, LR = 2.00e-04, Steps/sec = 1.03, Samples/sec = 263.7
Step 7500 (0.8%): Train Loss = 0.077749, Val Loss = 0.079710, Gnorm = 0.359397, Samples = 1920256, LR = 2.00e-04, Steps/sec = 1.01, Samples/sec = 258.2
Step 8000 (0.8%): Train Loss = 0.073930, Val Loss = 0.072741, Gnorm = 0.260227, Samples = 2048256, LR = 2.00e-04, Steps/sec = 1.03, Samples/sec = 264.6
Step 8500 (0.9%): Train Loss = 0.075812, Val Loss = 0.077165, Gnorm = 0.481843, Samples = 2176256, LR = 2.00e-04, Steps/sec = 1.01, Samples/sec = 258.7
Step 9000 (0.9%): Train Loss = 0.068199, Val Loss = 0.073488, Gnorm = 0.392789, Samples = 2304256, LR = 2.00e-04, Steps/sec = 1.04, Samples/sec = 265.8
Step 9500 (1.0%): Train Loss = 0.071816, Val Loss = 0.069670, Gnorm = 0.380467, Samples = 2432256, LR = 2.00e-04, Steps/sec = 1.01, Samples/sec = 258.4
Step 10000 (1.0%): Train Loss = 0.076793, Val Loss = 0.076786, Gnorm = 0.221586, Samples = 2560256, LR = 2.00e-04, Steps/sec = 1.03, Samples/sec = 264.5
Step 10500 (1.1%): Train Loss = 0.076215, Val Loss = 0.067235, Gnorm = 0.376804, Samples = 2688256, LR = 2.00e-04, Steps/sec = 1.03, Samples/sec = 264.7
Step 11000 (1.1%): Train Loss = 0.072394, Val Loss = 0.067415, Gnorm = 0.283763, Samples = 2816256, LR = 2.00e-04, Steps/sec = 1.01, Samples/sec = 259.2
Step 11500 (1.2%): Train Loss = 0.067837, Val Loss = 0.070306, Gnorm = 0.240710, Samples = 2944256, LR = 2.00e-04, Steps/sec = 1.03, Samples/sec = 264.9
Step 12000 (1.2%): Train Loss = 0.070223, Val Loss = 0.079507, Gnorm = 0.547822, Samples = 3072256, LR = 2.00e-04, Steps/sec = 1.01, Samples/sec = 259.2
Step 12500 (1.3%): Train Loss = 0.067683, Val Loss = 0.063175, Gnorm = 0.210792, Samples = 3200256, LR = 2.00e-04, Steps/sec = 1.04, Samples/sec = 266.0
Step 13000 (1.3%): Train Loss = 0.065254, Val Loss = 0.068707, Gnorm = 0.260714, Samples = 3328256, LR = 2.00e-04, Steps/sec = 1.01, Samples/sec = 259.1
Step 13500 (1.4%): Train Loss = 0.071289, Val Loss = 0.065864, Gnorm = 0.198477, Samples = 3456256, LR = 2.00e-04, Steps/sec = 1.04, Samples/sec = 266.2
Step 14000 (1.4%): Train Loss = 0.073367, Val Loss = 0.066690, Gnorm = 0.228088, Samples = 3584256, LR = 2.00e-04, Steps/sec = 1.04, Samples/sec = 265.8
Step 14500 (1.5%): Train Loss = 0.065203, Val Loss = 0.070916, Gnorm = 0.277469, Samples = 3712256, LR = 2.00e-04, Steps/sec = 1.01, Samples/sec = 258.9
Step 15000 (1.5%): Train Loss = 0.066271, Val Loss = 0.061094, Gnorm = 0.229279, Samples = 3840256, LR = 2.00e-04, Steps/sec = 1.04, Samples/sec = 265.9
Step 15500 (1.6%): Train Loss = 0.068419, Val Loss = 0.066944, Gnorm = 0.416769, Samples = 3968256, LR = 2.00e-04, Steps/sec = 1.02, Samples/sec = 260.1
Step 16000 (1.6%): Train Loss = 0.061485, Val Loss = 0.062104, Gnorm = 0.247003, Samples = 4096256, LR = 2.00e-04, Steps/sec = 1.04, Samples/sec = 265.8
Step 16500 (1.7%): Train Loss = 0.067732, Val Loss = 0.067971, Gnorm = 0.166748, Samples = 4224256, LR = 2.00e-04, Steps/sec = 1.01, Samples/sec = 258.3
Step 17000 (1.7%): Train Loss = 0.063633, Val Loss = 0.063944, Gnorm = 0.391700, Samples = 4352256, LR = 2.00e-04, Steps/sec = 1.04, Samples/sec = 265.9
Step 17500 (1.8%): Train Loss = 0.065687, Val Loss = 0.063037, Gnorm = 0.199846, Samples = 4480256, LR = 2.00e-04, Steps/sec = 1.04, Samples/sec = 265.0
Step 18000 (1.8%): Train Loss = 0.070781, Val Loss = 0.064687, Gnorm = 0.207610, Samples = 4608256, LR = 2.00e-04, Steps/sec = 1.01, Samples/sec = 258.9
Step 18500 (1.9%): Train Loss = 0.063486, Val Loss = 0.069514, Gnorm = 0.217286, Samples = 4736256, LR = 2.00e-04, Steps/sec = 1.03, Samples/sec = 264.3
Step 19000 (1.9%): Train Loss = 0.061560, Val Loss = 0.062621, Gnorm = 0.139313, Samples = 4864256, LR = 2.00e-04, Steps/sec = 1.01, Samples/sec = 259.5
Step 19500 (2.0%): Train Loss = 0.065165, Val Loss = 0.063111, Gnorm = 0.189357, Samples = 4992256, LR = 2.00e-04, Steps/sec = 1.04, Samples/sec = 265.4
Step 20000 (2.0%): Train Loss = 0.065396, Val Loss = 0.056669, Gnorm = 0.368020, Samples = 5120256, LR = 2.00e-04, Steps/sec = 1.04, Samples/sec = 265.9
Step 20500 (2.1%): Train Loss = 0.065975, Val Loss = 0.058136, Gnorm = 0.173514, Samples = 5248256, LR = 2.00e-04, Steps/sec = 1.02, Samples/sec = 261.3
Step 21000 (2.1%): Train Loss = 0.063135, Val Loss = 0.060011, Gnorm = 0.309986, Samples = 5376256, LR = 2.00e-04, Steps/sec = 1.04, Samples/sec = 265.7
Step 21500 (2.2%): Train Loss = 0.065061, Val Loss = 0.058116, Gnorm = 0.135521, Samples = 5504256, LR = 2.00e-04, Steps/sec = 1.01, Samples/sec = 258.9
Step 22000 (2.2%): Train Loss = 0.066034, Val Loss = 0.064311, Gnorm = 0.382417, Samples = 5632256, LR = 2.00e-04, Steps/sec = 1.04, Samples/sec = 265.1
Step 22500 (2.3%): Train Loss = 0.067745, Val Loss = 0.058673, Gnorm = 0.114304, Samples = 5760256, LR = 2.00e-04, Steps/sec = 1.01, Samples/sec = 259.2
Step 23000 (2.3%): Train Loss = 0.064663, Val Loss = 0.058021, Gnorm = 0.241862, Samples = 5888256, LR = 2.00e-04, Steps/sec = 1.04, Samples/sec = 265.9
Step 23500 (2.4%): Train Loss = 0.068816, Val Loss = 0.061500, Gnorm = 0.181778, Samples = 6016256, LR = 2.00e-04, Steps/sec = 1.04, Samples/sec = 266.1
Step 24000 (2.4%): Train Loss = 0.061949, Val Loss = 0.058390, Gnorm = 0.129088, Samples = 6144256, LR = 2.00e-04, Steps/sec = 1.01, Samples/sec = 259.8
Step 24500 (2.5%): Train Loss = 0.060784, Val Loss = 0.055676, Gnorm = 0.218490, Samples = 6272256, LR = 2.00e-04, Steps/sec = 1.04, Samples/sec = 265.4
Step 25000 (2.5%): Train Loss = 0.062997, Val Loss = 0.062448, Gnorm = 0.157750, Samples = 6400256, LR = 2.00e-04, Steps/sec = 1.01, Samples/sec = 259.8
Step 25500 (2.6%): Train Loss = 0.063322, Val Loss = 0.066593, Gnorm = 0.178891, Samples = 6528256, LR = 2.00e-04, Steps/sec = 1.03, Samples/sec = 264.6
Step 26000 (2.6%): Train Loss = 0.061452, Val Loss = 0.058021, Gnorm = 0.205547, Samples = 6656256, LR = 2.00e-04, Steps/sec = 1.01, Samples/sec = 257.5
Step 26500 (2.7%): Train Loss = 0.062505, Val Loss = 0.058685, Gnorm = 0.199833, Samples = 6784256, LR = 2.00e-04, Steps/sec = 1.04, Samples/sec = 266.6
Step 27000 (2.7%): Train Loss = 0.058674, Val Loss = 0.058433, Gnorm = 0.191191, Samples = 6912256, LR = 2.00e-04, Steps/sec = 1.04, Samples/sec = 266.3
Step 27500 (2.8%): Train Loss = 0.060373, Val Loss = 0.063968, Gnorm = 0.184372, Samples = 7040256, LR = 2.00e-04, Steps/sec = 1.02, Samples/sec = 260.1
Step 28000 (2.8%): Train Loss = 0.058445, Val Loss = 0.053977, Gnorm = 0.228690, Samples = 7168256, LR = 2.00e-04, Steps/sec = 1.04, Samples/sec = 265.7
Step 28500 (2.9%): Train Loss = 0.059195, Val Loss = 0.051369, Gnorm = 0.258669, Samples = 7296256, LR = 2.00e-04, Steps/sec = 1.02, Samples/sec = 259.9
Step 29000 (2.9%): Train Loss = 0.062911, Val Loss = 0.052399, Gnorm = 0.297677, Samples = 7424256, LR = 2.00e-04, Steps/sec = 1.04, Samples/sec = 265.9
Step 29500 (3.0%): Train Loss = 0.057508, Val Loss = 0.053818, Gnorm = 0.118797, Samples = 7552256, LR = 2.00e-04, Steps/sec = 1.01, Samples/sec = 257.8
Step 30000 (3.0%): Train Loss = 0.061340, Val Loss = 0.058988, Gnorm = 0.236974, Samples = 7680256, LR = 2.00e-04, Steps/sec = 1.04, Samples/sec = 265.3
Step 30500 (3.1%): Train Loss = 0.057454, Val Loss = 0.050769, Gnorm = 0.117201, Samples = 7808256, LR = 2.00e-04, Steps/sec = 1.04, Samples/sec = 266.1
Step 31000 (3.1%): Train Loss = 0.060447, Val Loss = 0.059351, Gnorm = 0.225436, Samples = 7936256, LR = 2.00e-04, Steps/sec = 1.01, Samples/sec = 259.8
Step 31500 (3.2%): Train Loss = 0.064507, Val Loss = 0.050225, Gnorm = 0.391371, Samples = 8064256, LR = 2.00e-04, Steps/sec = 1.04, Samples/sec = 265.1
Step 32000 (3.2%): Train Loss = 0.058126, Val Loss = 0.043697, Gnorm = 0.185885, Samples = 8192256, LR = 1.99e-04, Steps/sec = 1.01, Samples/sec = 259.7
Step 32500 (3.3%): Train Loss = 0.059369, Val Loss = 0.059283, Gnorm = 0.314332, Samples = 8320256, LR = 1.99e-04, Steps/sec = 1.04, Samples/sec = 265.8
Step 33000 (3.3%): Train Loss = 0.059509, Val Loss = 0.059499, Gnorm = 0.093963, Samples = 8448256, LR = 1.99e-04, Steps/sec = 1.01, Samples/sec = 258.2
Step 33500 (3.4%): Train Loss = 0.055625, Val Loss = 0.054102, Gnorm = 0.196913, Samples = 8576256, LR = 1.99e-04, Steps/sec = 1.04, Samples/sec = 266.6
Step 34000 (3.4%): Train Loss = 0.057988, Val Loss = 0.058067, Gnorm = 0.161493, Samples = 8704256, LR = 1.99e-04, Steps/sec = 1.04, Samples/sec = 265.7
Step 34500 (3.5%): Train Loss = 0.055499, Val Loss = 0.053075, Gnorm = 0.226950, Samples = 8832256, LR = 1.99e-04, Steps/sec = 1.01, Samples/sec = 259.1
Step 35000 (3.5%): Train Loss = 0.060020, Val Loss = 0.056066, Gnorm = 0.126866, Samples = 8960256, LR = 1.99e-04, Steps/sec = 1.04, Samples/sec = 265.0
Step 35500 (3.6%): Train Loss = 0.056246, Val Loss = 0.054565, Gnorm = 0.155841, Samples = 9088256, LR = 1.99e-04, Steps/sec = 1.01, Samples/sec = 257.6
Step 36000 (3.6%): Train Loss = 0.056351, Val Loss = 0.058694, Gnorm = 0.085933, Samples = 9216256, LR = 1.99e-04, Steps/sec = 1.04, Samples/sec = 265.8
Step 36500 (3.7%): Train Loss = 0.060520, Val Loss = 0.061085, Gnorm = 0.139123, Samples = 9344256, LR = 1.99e-04, Steps/sec = 1.04, Samples/sec = 265.0
Step 37000 (3.7%): Train Loss = 0.059019, Val Loss = 0.064390, Gnorm = 0.204891, Samples = 9472256, LR = 1.99e-04, Steps/sec = 1.01, Samples/sec = 258.7
Step 37500 (3.8%): Train Loss = 0.055851, Val Loss = 0.049661, Gnorm = 0.141599, Samples = 9600256, LR = 1.99e-04, Steps/sec = 1.03, Samples/sec = 264.7
Step 38000 (3.8%): Train Loss = 0.057803, Val Loss = 0.052505, Gnorm = 0.129568, Samples = 9728256, LR = 1.99e-04, Steps/sec = 1.01, Samples/sec = 258.1
Step 38500 (3.9%): Train Loss = 0.057085, Val Loss = 0.054438, Gnorm = 0.127032, Samples = 9856256, LR = 1.99e-04, Steps/sec = 1.03, Samples/sec = 264.7
Step 39000 (3.9%): Train Loss = 0.054498, Val Loss = 0.056816, Gnorm = 0.264808, Samples = 9984256, LR = 1.99e-04, Steps/sec = 1.01, Samples/sec = 257.9
Step 39500 (4.0%): Train Loss = 0.054497, Val Loss = 0.050032, Gnorm = 0.143599, Samples = 10112256, LR = 1.99e-04, Steps/sec = 1.04, Samples/sec = 266.3
Step 40000 (4.0%): Train Loss = 0.055834, Val Loss = 0.051482, Gnorm = 0.227036, Samples = 10240256, LR = 1.99e-04, Steps/sec = 1.04, Samples/sec = 265.6
Step 40500 (4.1%): Train Loss = 0.051586, Val Loss = 0.055010, Gnorm = 0.156019, Samples = 10368256, LR = 1.99e-04, Steps/sec = 1.01, Samples/sec = 259.2
Step 41000 (4.1%): Train Loss = 0.056987, Val Loss = 0.057385, Gnorm = 0.242553, Samples = 10496256, LR = 1.99e-04, Steps/sec = 1.03, Samples/sec = 264.8
Step 41500 (4.2%): Train Loss = 0.055877, Val Loss = 0.059618, Gnorm = 0.186794, Samples = 10624256, LR = 1.99e-04, Steps/sec = 1.01, Samples/sec = 258.5
Step 42000 (4.2%): Train Loss = 0.053626, Val Loss = 0.054984, Gnorm = 0.163031, Samples = 10752256, LR = 1.99e-04, Steps/sec = 1.04, Samples/sec = 265.9
Step 42500 (4.3%): Train Loss = 0.056583, Val Loss = 0.058497, Gnorm = 0.111120, Samples = 10880256, LR = 1.99e-04, Steps/sec = 1.01, Samples/sec = 258.7
Step 43000 (4.3%): Train Loss = 0.059487, Val Loss = 0.048900, Gnorm = 0.150571, Samples = 11008256, LR = 1.99e-04, Steps/sec = 1.04, Samples/sec = 265.1
Step 43500 (4.4%): Train Loss = 0.055469, Val Loss = 0.051436, Gnorm = 0.135351, Samples = 11136256, LR = 1.99e-04, Steps/sec = 1.04, Samples/sec = 265.4
Step 44000 (4.4%): Train Loss = 0.057875, Val Loss = 0.054571, Gnorm = 0.164668, Samples = 11264256, LR = 1.99e-04, Steps/sec = 1.01, Samples/sec = 258.7
Step 44500 (4.5%): Train Loss = 0.055220, Val Loss = 0.061195, Gnorm = 0.181559, Samples = 11392256, LR = 1.99e-04, Steps/sec = 1.04, Samples/sec = 265.4
Step 45000 (4.5%): Train Loss = 0.051362, Val Loss = 0.054770, Gnorm = 0.148901, Samples = 11520256, LR = 1.99e-04, Steps/sec = 1.01, Samples/sec = 258.5
Step 45500 (4.6%): Train Loss = 0.055839, Val Loss = 0.053225, Gnorm = 0.162955, Samples = 11648256, LR = 1.99e-04, Steps/sec = 1.04, Samples/sec = 265.5
Step 46000 (4.6%): Train Loss = 0.054909, Val Loss = 0.055244, Gnorm = 0.095194, Samples = 11776256, LR = 1.99e-04, Steps/sec = 1.01, Samples/sec = 258.9
Step 46500 (4.7%): Train Loss = 0.055525, Val Loss = 0.051774, Gnorm = 0.136098, Samples = 11904256, LR = 1.99e-04, Steps/sec = 1.04, Samples/sec = 266.0
Step 47000 (4.7%): Train Loss = 0.051209, Val Loss = 0.054349, Gnorm = 0.107698, Samples = 12032256, LR = 1.99e-04, Steps/sec = 1.03, Samples/sec = 264.9
Step 47500 (4.8%): Train Loss = 0.054112, Val Loss = 0.049679, Gnorm = 0.199541, Samples = 12160256, LR = 1.99e-04, Steps/sec = 1.01, Samples/sec = 258.2
Step 48000 (4.8%): Train Loss = 0.051406, Val Loss = 0.051218, Gnorm = 0.106705, Samples = 12288256, LR = 1.99e-04, Steps/sec = 1.04, Samples/sec = 265.5
Step 48500 (4.9%): Train Loss = 0.057373, Val Loss = 0.050974, Gnorm = 0.165639, Samples = 12416256, LR = 1.99e-04, Steps/sec = 1.01, Samples/sec = 259.0
Step 49000 (4.9%): Train Loss = 0.054842, Val Loss = 0.049529, Gnorm = 0.146181, Samples = 12544256, LR = 1.99e-04, Steps/sec = 1.04, Samples/sec = 265.9
Step 49500 (5.0%): Train Loss = 0.050345, Val Loss = 0.051409, Gnorm = 0.157151, Samples = 12672256, LR = 1.99e-04, Steps/sec = 1.01, Samples/sec = 258.2
Step 50000 (5.0%): Train Loss = 0.055398, Val Loss = 0.047355, Gnorm = 0.160077, Samples = 12800256, LR = 1.99e-04, Steps/sec = 1.04, Samples/sec = 266.4
Step 50500 (5.1%): Train Loss = 0.061270, Val Loss = 0.050600, Gnorm = 0.187634, Samples = 12928256, LR = 1.99e-04, Steps/sec = 1.03, Samples/sec = 264.8
Step 51000 (5.1%): Train Loss = 0.053308, Val Loss = 0.051638, Gnorm = 0.162555, Samples = 13056256, LR = 1.99e-04, Steps/sec = 1.02, Samples/sec = 259.9
Step 51500 (5.2%): Train Loss = 0.054529, Val Loss = 0.053217, Gnorm = 0.164317, Samples = 13184256, LR = 1.99e-04, Steps/sec = 1.04, Samples/sec = 267.4
Step 52000 (5.2%): Train Loss = 0.055798, Val Loss = 0.051952, Gnorm = 0.180341, Samples = 13312256, LR = 1.99e-04, Steps/sec = 1.02, Samples/sec = 261.4
Step 52500 (5.3%): Train Loss = 0.052587, Val Loss = 0.050025, Gnorm = 0.086042, Samples = 13440256, LR = 1.99e-04, Steps/sec = 1.05, Samples/sec = 268.1
Step 53000 (5.3%): Train Loss = 0.051077, Val Loss = 0.051940, Gnorm = 0.197486, Samples = 13568256, LR = 1.99e-04, Steps/sec = 1.05, Samples/sec = 267.6
Step 53500 (5.4%): Train Loss = 0.053894, Val Loss = 0.054331, Gnorm = 0.143488, Samples = 13696256, LR = 1.99e-04, Steps/sec = 1.02, Samples/sec = 261.6
Step 54000 (5.4%): Train Loss = 0.057155, Val Loss = 0.056938, Gnorm = 0.138428, Samples = 13824256, LR = 1.99e-04, Steps/sec = 1.05, Samples/sec = 268.4
Step 54500 (5.5%): Train Loss = 0.052418, Val Loss = 0.050611, Gnorm = 0.177228, Samples = 13952256, LR = 1.99e-04, Steps/sec = 1.02, Samples/sec = 261.2
Step 55000 (5.5%): Train Loss = 0.050378, Val Loss = 0.044679, Gnorm = 0.151093, Samples = 14080256, LR = 1.99e-04, Steps/sec = 1.04, Samples/sec = 266.7
Step 55500 (5.6%): Train Loss = 0.060304, Val Loss = 0.054554, Gnorm = 0.175443, Samples = 14208256, LR = 1.98e-04, Steps/sec = 1.01, Samples/sec = 259.8
Step 56000 (5.6%): Train Loss = 0.051024, Val Loss = 0.050978, Gnorm = 0.154593, Samples = 14336256, LR = 1.98e-04, Steps/sec = 1.04, Samples/sec = 266.7
Step 56500 (5.7%): Train Loss = 0.054721, Val Loss = 0.053815, Gnorm = 0.095133, Samples = 14464256, LR = 1.98e-04, Steps/sec = 1.04, Samples/sec = 267.1
Step 57000 (5.7%): Train Loss = 0.053992, Val Loss = 0.056205, Gnorm = 0.142940, Samples = 14592256, LR = 1.98e-04, Steps/sec = 1.02, Samples/sec = 262.2
Step 57500 (5.8%): Train Loss = 0.053207, Val Loss = 0.047797, Gnorm = 0.204206, Samples = 14720256, LR = 1.98e-04, Steps/sec = 1.05, Samples/sec = 268.7
Step 58000 (5.8%): Train Loss = 0.054053, Val Loss = 0.057071, Gnorm = 0.102125, Samples = 14848256, LR = 1.98e-04, Steps/sec = 1.02, Samples/sec = 261.5
Step 58500 (5.9%): Train Loss = 0.054767, Val Loss = 0.053327, Gnorm = 0.083117, Samples = 14976256, LR = 1.98e-04, Steps/sec = 1.05, Samples/sec = 268.2
Step 59000 (5.9%): Train Loss = 0.058618, Val Loss = 0.052841, Gnorm = 0.291228, Samples = 15104256, LR = 1.98e-04, Steps/sec = 1.02, Samples/sec = 262.0
Step 59500 (6.0%): Train Loss = 0.055042, Val Loss = 0.056065, Gnorm = 0.092937, Samples = 15232256, LR = 1.98e-04, Steps/sec = 1.05, Samples/sec = 268.2
Step 60000 (6.0%): Train Loss = 0.051773, Val Loss = 0.050780, Gnorm = 0.100432, Samples = 15360256, LR = 1.98e-04, Steps/sec = 1.04, Samples/sec = 267.3
Step 60500 (6.1%): Train Loss = 0.052282, Val Loss = 0.054356, Gnorm = 0.121888, Samples = 15488256, LR = 1.98e-04, Steps/sec = 1.02, Samples/sec = 260.0
Step 61000 (6.1%): Train Loss = 0.051262, Val Loss = 0.050155, Gnorm = 0.207196, Samples = 15616256, LR = 1.98e-04, Steps/sec = 1.04, Samples/sec = 265.1
Step 61500 (6.2%): Train Loss = 0.050445, Val Loss = 0.051870, Gnorm = 0.130298, Samples = 15744256, LR = 1.98e-04, Steps/sec = 1.01, Samples/sec = 258.9
Step 62000 (6.2%): Train Loss = 0.054255, Val Loss = 0.050879, Gnorm = 0.099925, Samples = 15872256, LR = 1.98e-04, Steps/sec = 1.04, Samples/sec = 265.3
Step 62500 (6.3%): Train Loss = 0.048719, Val Loss = 0.047947, Gnorm = 0.086930, Samples = 16000256, LR = 1.98e-04, Steps/sec = 1.01, Samples/sec = 258.9
Step 63000 (6.3%): Train Loss = 0.051941, Val Loss = 0.048798, Gnorm = 0.108808, Samples = 16128256, LR = 1.98e-04, Steps/sec = 1.04, Samples/sec = 265.5
Step 63500 (6.4%): Train Loss = 0.049894, Val Loss = 0.048162, Gnorm = 0.073626, Samples = 16256256, LR = 1.98e-04, Steps/sec = 1.04, Samples/sec = 266.5
Step 64000 (6.4%): Train Loss = 0.052214, Val Loss = 0.047391, Gnorm = 0.137851, Samples = 16384256, LR = 1.98e-04, Steps/sec = 1.01, Samples/sec = 259.7
Step 64500 (6.5%): Train Loss = 0.051841, Val Loss = 0.046653, Gnorm = 0.121445, Samples = 16512256, LR = 1.98e-04, Steps/sec = 1.04, Samples/sec = 266.0
Step 65000 (6.5%): Train Loss = 0.053732, Val Loss = 0.046410, Gnorm = 0.354712, Samples = 16640256, LR = 1.98e-04, Steps/sec = 1.01, Samples/sec = 259.2
Step 65500 (6.6%): Train Loss = 0.050575, Val Loss = 0.051867, Gnorm = 0.106282, Samples = 16768256, LR = 1.98e-04, Steps/sec = 1.04, Samples/sec = 266.2
Step 66000 (6.6%): Train Loss = 0.052541, Val Loss = 0.051057, Gnorm = 0.225442, Samples = 16896256, LR = 1.98e-04, Steps/sec = 1.01, Samples/sec = 258.1
Step 66500 (6.7%): Train Loss = 0.050035, Val Loss = 0.046092, Gnorm = 0.100820, Samples = 17024256, LR = 1.98e-04, Steps/sec = 1.04, Samples/sec = 266.1
Step 67000 (6.7%): Train Loss = 0.050400, Val Loss = 0.051631, Gnorm = 0.151076, Samples = 17152256, LR = 1.98e-04, Steps/sec = 1.03, Samples/sec = 264.5
Step 67500 (6.8%): Train Loss = 0.050131, Val Loss = 0.048515, Gnorm = 0.178252, Samples = 17280256, LR = 1.98e-04, Steps/sec = 1.01, Samples/sec = 259.6
Step 68000 (6.8%): Train Loss = 0.049938, Val Loss = 0.048434, Gnorm = 0.091895, Samples = 17408256, LR = 1.98e-04, Steps/sec = 1.03, Samples/sec = 264.9
Step 68500 (6.9%): Train Loss = 0.049621, Val Loss = 0.048734, Gnorm = 0.061873, Samples = 17536256, LR = 1.98e-04, Steps/sec = 1.01, Samples/sec = 259.7
Step 69000 (6.9%): Train Loss = 0.049121, Val Loss = 0.057832, Gnorm = 0.117797, Samples = 17664256, LR = 1.98e-04, Steps/sec = 1.04, Samples/sec = 265.6
Step 69500 (7.0%): Train Loss = 0.049365, Val Loss = 0.052032, Gnorm = 0.140507, Samples = 17792256, LR = 1.98e-04, Steps/sec = 1.01, Samples/sec = 258.4
Step 70000 (7.0%): Train Loss = 0.050491, Val Loss = 0.050063, Gnorm = 0.111510, Samples = 17920256, LR = 1.98e-04, Steps/sec = 1.04, Samples/sec = 267.4
Step 70500 (7.1%): Train Loss = 0.049967, Val Loss = 0.048682, Gnorm = 0.077408, Samples = 18048256, LR = 1.98e-04, Steps/sec = 1.04, Samples/sec = 267.1
Step 71000 (7.1%): Train Loss = 0.049407, Val Loss = 0.048806, Gnorm = 0.114266, Samples = 18176256, LR = 1.98e-04, Steps/sec = 1.02, Samples/sec = 259.9
Step 71500 (7.2%): Train Loss = 0.048555, Val Loss = 0.049688, Gnorm = 0.102754, Samples = 18304256, LR = 1.97e-04, Steps/sec = 1.04, Samples/sec = 265.9
Step 72000 (7.2%): Train Loss = 0.054012, Val Loss = 0.043917, Gnorm = 0.156497, Samples = 18432256, LR = 1.97e-04, Steps/sec = 1.01, Samples/sec = 258.9
Step 72500 (7.3%): Train Loss = 0.047130, Val Loss = 0.049185, Gnorm = 0.077443, Samples = 18560256, LR = 1.97e-04, Steps/sec = 1.04, Samples/sec = 265.0
Step 73000 (7.3%): Train Loss = 0.048661, Val Loss = 0.046523, Gnorm = 0.101806, Samples = 18688256, LR = 1.97e-04, Steps/sec = 1.04, Samples/sec = 265.9
Step 73500 (7.4%): Train Loss = 0.053694, Val Loss = 0.048856, Gnorm = 0.095150, Samples = 18816256, LR = 1.97e-04, Steps/sec = 1.01, Samples/sec = 259.0
Step 74000 (7.4%): Train Loss = 0.046883, Val Loss = 0.045900, Gnorm = 0.078599, Samples = 18944256, LR = 1.97e-04, Steps/sec = 1.04, Samples/sec = 265.0
Step 74500 (7.5%): Train Loss = 0.047676, Val Loss = 0.047502, Gnorm = 0.105048, Samples = 19072256, LR = 1.97e-04, Steps/sec = 1.01, Samples/sec = 259.3
Step 75000 (7.5%): Train Loss = 0.047399, Val Loss = 0.045259, Gnorm = 0.150295, Samples = 19200256, LR = 1.97e-04, Steps/sec = 1.04, Samples/sec = 265.3
Step 75500 (7.6%): Train Loss = 0.049441, Val Loss = 0.046297, Gnorm = 0.101096, Samples = 19328256, LR = 1.97e-04, Steps/sec = 1.01, Samples/sec = 258.4
Step 76000 (7.6%): Train Loss = 0.047733, Val Loss = 0.055783, Gnorm = 0.095959, Samples = 19456256, LR = 1.97e-04, Steps/sec = 1.03, Samples/sec = 264.8
Step 76500 (7.7%): Train Loss = 0.044535, Val Loss = 0.044642, Gnorm = 0.091570, Samples = 19584256, LR = 1.97e-04, Steps/sec = 1.03, Samples/sec = 264.5
Step 77000 (7.7%): Train Loss = 0.046685, Val Loss = 0.047663, Gnorm = 0.071446, Samples = 19712256, LR = 1.97e-04, Steps/sec = 1.01, Samples/sec = 258.0
Step 77500 (7.8%): Train Loss = 0.046268, Val Loss = 0.049154, Gnorm = 0.141343, Samples = 19840256, LR = 1.97e-04, Steps/sec = 1.03, Samples/sec = 264.9
Step 78000 (7.8%): Train Loss = 0.047353, Val Loss = 0.045546, Gnorm = 0.084925, Samples = 19968256, LR = 1.97e-04, Steps/sec = 1.01, Samples/sec = 258.8
Step 78500 (7.9%): Train Loss = 0.048838, Val Loss = 0.047190, Gnorm = 0.100773, Samples = 20096256, LR = 1.97e-04, Steps/sec = 1.03, Samples/sec = 264.6
Step 79000 (7.9%): Train Loss = 0.044229, Val Loss = 0.047218, Gnorm = 0.069807, Samples = 20224256, LR = 1.97e-04, Steps/sec = 1.01, Samples/sec = 258.1
Step 79500 (8.0%): Train Loss = 0.044059, Val Loss = 0.044420, Gnorm = 0.066593, Samples = 20352256, LR = 1.97e-04, Steps/sec = 1.03, Samples/sec = 264.8
Step 80000 (8.0%): Train Loss = 0.045451, Val Loss = 0.046702, Gnorm = 0.160917, Samples = 20480256, LR = 1.97e-04, Steps/sec = 1.04, Samples/sec = 265.5
Step 80500 (8.1%): Train Loss = 0.045432, Val Loss = 0.041984, Gnorm = 0.087126, Samples = 20608256, LR = 1.97e-04, Steps/sec = 1.01, Samples/sec = 258.7
Step 81000 (8.1%): Train Loss = 0.044276, Val Loss = 0.041077, Gnorm = 0.062995, Samples = 20736256, LR = 1.97e-04, Steps/sec = 1.04, Samples/sec = 265.0
Step 81500 (8.2%): Train Loss = 0.044048, Val Loss = 0.046929, Gnorm = 0.090973, Samples = 20864256, LR = 1.97e-04, Steps/sec = 1.01, Samples/sec = 258.4
Step 82000 (8.2%): Train Loss = 0.046762, Val Loss = 0.044043, Gnorm = 0.078690, Samples = 20992256, LR = 1.97e-04, Steps/sec = 1.04, Samples/sec = 266.1
Step 82500 (8.3%): Train Loss = 0.047048, Val Loss = 0.040723, Gnorm = 0.126825, Samples = 21120256, LR = 1.97e-04, Steps/sec = 1.01, Samples/sec = 258.0
Step 83000 (8.3%): Train Loss = 0.044767, Val Loss = 0.043975, Gnorm = 0.072826, Samples = 21248256, LR = 1.97e-04, Steps/sec = 1.04, Samples/sec = 265.7
Step 83500 (8.4%): Train Loss = 0.045236, Val Loss = 0.042245, Gnorm = 0.058647, Samples = 21376256, LR = 1.97e-04, Steps/sec = 1.04, Samples/sec = 265.0
Step 84000 (8.4%): Train Loss = 0.045489, Val Loss = 0.041560, Gnorm = 0.071821, Samples = 21504256, LR = 1.97e-04, Steps/sec = 1.01, Samples/sec = 258.1
Step 84500 (8.5%): Train Loss = 0.047992, Val Loss = 0.043151, Gnorm = 0.159295, Samples = 21632256, LR = 1.96e-04, Steps/sec = 1.04, Samples/sec = 265.5
Step 85000 (8.5%): Train Loss = 0.048148, Val Loss = 0.046151, Gnorm = 0.087954, Samples = 21760256, LR = 1.96e-04, Steps/sec = 1.01, Samples/sec = 258.2
Step 85500 (8.6%): Train Loss = 0.049204, Val Loss = 0.044539, Gnorm = 0.105316, Samples = 21888256, LR = 1.96e-04, Steps/sec = 1.04, Samples/sec = 265.1
Step 86000 (8.6%): Train Loss = 0.049259, Val Loss = 0.039610, Gnorm = 0.070906, Samples = 22016256, LR = 1.96e-04, Steps/sec = 1.01, Samples/sec = 257.3
Step 86500 (8.7%): Train Loss = 0.047686, Val Loss = 0.040122, Gnorm = 0.091431, Samples = 22144256, LR = 1.96e-04, Steps/sec = 1.04, Samples/sec = 266.7
Step 87000 (8.7%): Train Loss = 0.046945, Val Loss = 0.046895, Gnorm = 0.079609, Samples = 22272256, LR = 1.96e-04, Steps/sec = 1.04, Samples/sec = 265.0
Step 87500 (8.8%): Train Loss = 0.044788, Val Loss = 0.043536, Gnorm = 0.161230, Samples = 22400256, LR = 1.96e-04, Steps/sec = 1.01, Samples/sec = 258.8
Step 88000 (8.8%): Train Loss = 0.047992, Val Loss = 0.041094, Gnorm = 0.100402, Samples = 22528256, LR = 1.96e-04, Steps/sec = 1.04, Samples/sec = 265.1
Step 88500 (8.9%): Train Loss = 0.044091, Val Loss = 0.045323, Gnorm = 0.084730, Samples = 22656256, LR = 1.96e-04, Steps/sec = 1.01, Samples/sec = 259.1
Step 89000 (8.9%): Train Loss = 0.043124, Val Loss = 0.039609, Gnorm = 0.071953, Samples = 22784256, LR = 1.96e-04, Steps/sec = 1.04, Samples/sec = 266.2
Step 89500 (9.0%): Train Loss = 0.044354, Val Loss = 0.048005, Gnorm = 0.099618, Samples = 22912256, LR = 1.96e-04, Steps/sec = 1.04, Samples/sec = 265.1
Step 90000 (9.0%): Train Loss = 0.042958, Val Loss = 0.048007, Gnorm = 0.078356, Samples = 23040256, LR = 1.96e-04, Steps/sec = 1.01, Samples/sec = 259.2
Step 90500 (9.1%): Train Loss = 0.043298, Val Loss = 0.041296, Gnorm = 0.055040, Samples = 23168256, LR = 1.96e-04, Steps/sec = 1.03, Samples/sec = 264.4
Step 91000 (9.1%): Train Loss = 0.042904, Val Loss = 0.042080, Gnorm = 0.052637, Samples = 23296256, LR = 1.96e-04, Steps/sec = 1.01, Samples/sec = 258.0
Step 91500 (9.2%): Train Loss = 0.046549, Val Loss = 0.047265, Gnorm = 0.060678, Samples = 23424256, LR = 1.96e-04, Steps/sec = 1.04, Samples/sec = 265.4
Step 92000 (9.2%): Train Loss = 0.043884, Val Loss = 0.043745, Gnorm = 0.086568, Samples = 23552256, LR = 1.96e-04, Steps/sec = 1.01, Samples/sec = 257.9
Step 92500 (9.3%): Train Loss = 0.045004, Val Loss = 0.042289, Gnorm = 0.125927, Samples = 23680256, LR = 1.96e-04, Steps/sec = 1.04, Samples/sec = 265.5
Step 93000 (9.3%): Train Loss = 0.045118, Val Loss = 0.041584, Gnorm = 0.107632, Samples = 23808256, LR = 1.96e-04, Steps/sec = 1.04, Samples/sec = 265.8
Step 93500 (9.4%): Train Loss = 0.043603, Val Loss = 0.047831, Gnorm = 0.088723, Samples = 23936256, LR = 1.96e-04, Steps/sec = 1.01, Samples/sec = 258.0
Step 94000 (9.4%): Train Loss = 0.043838, Val Loss = 0.042279, Gnorm = 0.105918, Samples = 24064256, LR = 1.96e-04, Steps/sec = 1.04, Samples/sec = 265.2
Step 94500 (9.5%): Train Loss = 0.041292, Val Loss = 0.040317, Gnorm = 0.082113, Samples = 24192256, LR = 1.96e-04, Steps/sec = 1.01, Samples/sec = 258.4
Step 95000 (9.5%): Train Loss = 0.045149, Val Loss = 0.040299, Gnorm = 0.065123, Samples = 24320256, LR = 1.96e-04, Steps/sec = 1.03, Samples/sec = 264.4
Step 95500 (9.6%): Train Loss = 0.044227, Val Loss = 0.041473, Gnorm = 0.105654, Samples = 24448256, LR = 1.96e-04, Steps/sec = 1.01, Samples/sec = 257.8
Step 96000 (9.6%): Train Loss = 0.046680, Val Loss = 0.050217, Gnorm = 0.139009, Samples = 24576256, LR = 1.95e-04, Steps/sec = 1.03, Samples/sec = 263.8
Step 96500 (9.7%): Train Loss = 0.047201, Val Loss = 0.040676, Gnorm = 0.170054, Samples = 24704256, LR = 1.95e-04, Steps/sec = 1.04, Samples/sec = 265.4
Step 97000 (9.7%): Train Loss = 0.040165, Val Loss = 0.041550, Gnorm = 0.107777, Samples = 24832256, LR = 1.95e-04, Steps/sec = 1.01, Samples/sec = 258.7
Step 97500 (9.8%): Train Loss = 0.043515, Val Loss = 0.044938, Gnorm = 0.111211, Samples = 24960256, LR = 1.95e-04, Steps/sec = 1.04, Samples/sec = 265.0
Step 98000 (9.8%): Train Loss = 0.044546, Val Loss = 0.041337, Gnorm = 0.096680, Samples = 25088256, LR = 1.95e-04, Steps/sec = 1.01, Samples/sec = 258.5
Step 98500 (9.9%): Train Loss = 0.049611, Val Loss = 0.041786, Gnorm = 0.094474, Samples = 25216256, LR = 1.95e-04, Steps/sec = 1.04, Samples/sec = 265.4
Step 99000 (9.9%): Train Loss = 0.043332, Val Loss = 0.041356, Gnorm = 0.189203, Samples = 25344256, LR = 1.95e-04, Steps/sec = 1.01, Samples/sec = 259.0
Step 99500 (10.0%): Train Loss = 0.043840, Val Loss = 0.041488, Gnorm = 0.132262, Samples = 25472256, LR = 1.95e-04, Steps/sec = 1.04, Samples/sec = 265.2
Step 100000 (10.0%): Train Loss = 0.043383, Val Loss = 0.040868, Gnorm = 0.154184, Samples = 25600256, LR = 1.95e-04, Steps/sec = 1.03, Samples/sec = 264.7
Step 100500 (10.1%): Train Loss = 0.040533, Val Loss = 0.039349, Gnorm = 0.086483, Samples = 25728256, LR = 1.95e-04, Steps/sec = 1.01, Samples/sec = 258.6
Step 101000 (10.1%): Train Loss = 0.041118, Val Loss = 0.039981, Gnorm = 0.093461, Samples = 25856256, LR = 1.95e-04, Steps/sec = 1.04, Samples/sec = 265.5
Step 101500 (10.2%): Train Loss = 0.046476, Val Loss = 0.041466, Gnorm = 0.187328, Samples = 25984256, LR = 1.95e-04, Steps/sec = 1.01, Samples/sec = 258.9
Step 102000 (10.2%): Train Loss = 0.041277, Val Loss = 0.043704, Gnorm = 0.059903, Samples = 26112256, LR = 1.95e-04, Steps/sec = 1.03, Samples/sec = 264.9
Step 102500 (10.3%): Train Loss = 0.043284, Val Loss = 0.043945, Gnorm = 0.087922, Samples = 26240256, LR = 1.95e-04, Steps/sec = 1.01, Samples/sec = 258.0
Step 103000 (10.3%): Train Loss = 0.044790, Val Loss = 0.041939, Gnorm = 0.103475, Samples = 26368256, LR = 1.95e-04, Steps/sec = 1.04, Samples/sec = 265.7
Step 103500 (10.4%): Train Loss = 0.047057, Val Loss = 0.040116, Gnorm = 0.172948, Samples = 26496256, LR = 1.95e-04, Steps/sec = 1.04, Samples/sec = 266.0
Step 104000 (10.4%): Train Loss = 0.041331, Val Loss = 0.040453, Gnorm = 0.119341, Samples = 26624256, LR = 1.95e-04, Steps/sec = 1.01, Samples/sec = 259.3
Step 104500 (10.5%): Train Loss = 0.045315, Val Loss = 0.041019, Gnorm = 0.216489, Samples = 26752256, LR = 1.95e-04, Steps/sec = 1.04, Samples/sec = 265.4
Step 105000 (10.5%): Train Loss = 0.041657, Val Loss = 0.039159, Gnorm = 0.050497, Samples = 26880256, LR = 1.95e-04, Steps/sec = 1.01, Samples/sec = 259.1
Step 105500 (10.6%): Train Loss = 0.045025, Val Loss = 0.041381, Gnorm = 0.104888, Samples = 27008256, LR = 1.95e-04, Steps/sec = 1.04, Samples/sec = 265.3
Step 106000 (10.6%): Train Loss = 0.041910, Val Loss = 0.039912, Gnorm = 0.106565, Samples = 27136256, LR = 1.95e-04, Steps/sec = 1.03, Samples/sec = 264.4
Step 106500 (10.7%): Train Loss = 0.043000, Val Loss = 0.043648, Gnorm = 0.082615, Samples = 27264256, LR = 1.94e-04, Steps/sec = 1.01, Samples/sec = 259.3
Step 107000 (10.7%): Train Loss = 0.039099, Val Loss = 0.041568, Gnorm = 0.094958, Samples = 27392256, LR = 1.94e-04, Steps/sec = 1.03, Samples/sec = 264.1
Step 107500 (10.8%): Train Loss = 0.042084, Val Loss = 0.039575, Gnorm = 0.096196, Samples = 27520256, LR = 1.94e-04, Steps/sec = 1.01, Samples/sec = 258.6
Step 108000 (10.8%): Train Loss = 0.040834, Val Loss = 0.039297, Gnorm = 0.144270, Samples = 27648256, LR = 1.94e-04, Steps/sec = 1.03, Samples/sec = 264.8
Step 108500 (10.9%): Train Loss = 0.045022, Val Loss = 0.042102, Gnorm = 0.101927, Samples = 27776256, LR = 1.94e-04, Steps/sec = 1.01, Samples/sec = 258.8
Step 109000 (10.9%): Train Loss = 0.043689, Val Loss = 0.038244, Gnorm = 0.233523, Samples = 27904256, LR = 1.94e-04, Steps/sec = 1.04, Samples/sec = 265.7
Step 109500 (11.0%): Train Loss = 0.042061, Val Loss = 0.036756, Gnorm = 0.104432, Samples = 28032256, LR = 1.94e-04, Steps/sec = 1.04, Samples/sec = 265.4
Step 110000 (11.0%): Train Loss = 0.042754, Val Loss = 0.039451, Gnorm = 0.190045, Samples = 28160256, LR = 1.94e-04, Steps/sec = 1.01, Samples/sec = 258.3
Step 110500 (11.1%): Train Loss = 0.043115, Val Loss = 0.038093, Gnorm = 0.170913, Samples = 28288256, LR = 1.94e-04, Steps/sec = 1.03, Samples/sec = 264.9
Step 111000 (11.1%): Train Loss = 0.044313, Val Loss = 0.042432, Gnorm = 0.076973, Samples = 28416256, LR = 1.94e-04, Steps/sec = 1.01, Samples/sec = 258.8
Step 111500 (11.2%): Train Loss = 0.038098, Val Loss = 0.038279, Gnorm = 0.076770, Samples = 28544256, LR = 1.94e-04, Steps/sec = 1.03, Samples/sec = 264.9
Step 112000 (11.2%): Train Loss = 0.041634, Val Loss = 0.043066, Gnorm = 0.122841, Samples = 28672256, LR = 1.94e-04, Steps/sec = 1.01, Samples/sec = 258.3
Step 112500 (11.3%): Train Loss = 0.040183, Val Loss = 0.040629, Gnorm = 0.109529, Samples = 28800256, LR = 1.94e-04, Steps/sec = 1.04, Samples/sec = 265.0
Step 113000 (11.3%): Train Loss = 0.040415, Val Loss = 0.037422, Gnorm = 0.148574, Samples = 28928256, LR = 1.94e-04, Steps/sec = 1.03, Samples/sec = 264.6
Step 113500 (11.4%): Train Loss = 0.040895, Val Loss = 0.041213, Gnorm = 0.052517, Samples = 29056256, LR = 1.94e-04, Steps/sec = 1.01, Samples/sec = 259.2
Step 114000 (11.4%): Train Loss = 0.042149, Val Loss = 0.039024, Gnorm = 0.221852, Samples = 29184256, LR = 1.94e-04, Steps/sec = 1.03, Samples/sec = 264.8
Step 114500 (11.5%): Train Loss = 0.041565, Val Loss = 0.037283, Gnorm = 0.211934, Samples = 29312256, LR = 1.94e-04, Steps/sec = 1.01, Samples/sec = 258.6
Step 115000 (11.5%): Train Loss = 0.043290, Val Loss = 0.036751, Gnorm = 0.094447, Samples = 29440256, LR = 1.94e-04, Steps/sec = 1.03, Samples/sec = 264.9
Step 115500 (11.6%): Train Loss = 0.039333, Val Loss = 0.037726, Gnorm = 0.067366, Samples = 29568256, LR = 1.93e-04, Steps/sec = 1.01, Samples/sec = 258.1
Step 116000 (11.6%): Train Loss = 0.041390, Val Loss = 0.038365, Gnorm = 0.108115, Samples = 29696256, LR = 1.93e-04, Steps/sec = 1.04, Samples/sec = 265.0
Step 116500 (11.7%): Train Loss = 0.039820, Val Loss = 0.034699, Gnorm = 0.107416, Samples = 29824256, LR = 1.93e-04, Steps/sec = 1.03, Samples/sec = 265.0
Step 117000 (11.7%): Train Loss = 0.040430, Val Loss = 0.037586, Gnorm = 0.072228, Samples = 29952256, LR = 1.93e-04, Steps/sec = 1.01, Samples/sec = 259.5
Step 117500 (11.8%): Train Loss = 0.043069, Val Loss = 0.038335, Gnorm = 0.073179, Samples = 30080256, LR = 1.93e-04, Steps/sec = 1.04, Samples/sec = 266.0
Step 118000 (11.8%): Train Loss = 0.042870, Val Loss = 0.035792, Gnorm = 0.112522, Samples = 30208256, LR = 1.93e-04, Steps/sec = 1.01, Samples/sec = 258.6
Step 118500 (11.9%): Train Loss = 0.038285, Val Loss = 0.039004, Gnorm = 0.079698, Samples = 30336256, LR = 1.93e-04, Steps/sec = 1.04, Samples/sec = 265.1
Step 119000 (11.9%): Train Loss = 0.037649, Val Loss = 0.040069, Gnorm = 0.119125, Samples = 30464256, LR = 1.93e-04, Steps/sec = 1.01, Samples/sec = 258.3
Step 119500 (12.0%): Train Loss = 0.040406, Val Loss = 0.037827, Gnorm = 0.086955, Samples = 30592256, LR = 1.93e-04, Steps/sec = 1.04, Samples/sec = 265.1
Step 120000 (12.0%): Train Loss = 0.041908, Val Loss = 0.042627, Gnorm = 0.137672, Samples = 30720256, LR = 1.93e-04, Steps/sec = 1.03, Samples/sec = 264.2
Step 120500 (12.1%): Train Loss = 0.040917, Val Loss = 0.039268, Gnorm = 0.080535, Samples = 30848256, LR = 1.93e-04, Steps/sec = 1.01, Samples/sec = 257.6
Step 121000 (12.1%): Train Loss = 0.040541, Val Loss = 0.039662, Gnorm = 0.078770, Samples = 30976256, LR = 1.93e-04, Steps/sec = 1.03, Samples/sec = 264.8
Step 121500 (12.2%): Train Loss = 0.040087, Val Loss = 0.037757, Gnorm = 0.129165, Samples = 31104256, LR = 1.93e-04, Steps/sec = 1.01, Samples/sec = 257.8
Step 122000 (12.2%): Train Loss = 0.039550, Val Loss = 0.038824, Gnorm = 0.113231, Samples = 31232256, LR = 1.93e-04, Steps/sec = 1.04, Samples/sec = 265.1
Step 122500 (12.3%): Train Loss = 0.038355, Val Loss = 0.039738, Gnorm = 0.082285, Samples = 31360256, LR = 1.93e-04, Steps/sec = 1.01, Samples/sec = 257.7
Step 123000 (12.3%): Train Loss = 0.039300, Val Loss = 0.037853, Gnorm = 0.178393, Samples = 31488256, LR = 1.93e-04, Steps/sec = 1.04, Samples/sec = 265.6
Step 123500 (12.4%): Train Loss = 0.043804, Val Loss = 0.040988, Gnorm = 0.289510, Samples = 31616256, LR = 1.93e-04, Steps/sec = 1.04, Samples/sec = 265.2
Step 124000 (12.4%): Train Loss = 0.039504, Val Loss = 0.041825, Gnorm = 0.211170, Samples = 31744256, LR = 1.93e-04, Steps/sec = 1.01, Samples/sec = 258.3
Step 124500 (12.5%): Train Loss = 0.039154, Val Loss = 0.039837, Gnorm = 0.100815, Samples = 31872256, LR = 1.92e-04, Steps/sec = 1.04, Samples/sec = 265.4
Step 125000 (12.5%): Train Loss = 0.037838, Val Loss = 0.039296, Gnorm = 0.105954, Samples = 32000256, LR = 1.92e-04, Steps/sec = 1.01, Samples/sec = 259.0
Step 125500 (12.6%): Train Loss = 0.042632, Val Loss = 0.035957, Gnorm = 0.093699, Samples = 32128256, LR = 1.92e-04, Steps/sec = 1.03, Samples/sec = 264.5
Step 126000 (12.6%): Train Loss = 0.042448, Val Loss = 0.038852, Gnorm = 0.085001, Samples = 32256256, LR = 1.92e-04, Steps/sec = 1.03, Samples/sec = 263.7
Step 126500 (12.7%): Train Loss = 0.043528, Val Loss = 0.034871, Gnorm = 0.179071, Samples = 32384256, LR = 1.92e-04, Steps/sec = 1.01, Samples/sec = 258.5
Step 127000 (12.7%): Train Loss = 0.038558, Val Loss = 0.035963, Gnorm = 0.200105, Samples = 32512256, LR = 1.92e-04, Steps/sec = 1.04, Samples/sec = 265.2
Step 127500 (12.8%): Train Loss = 0.040059, Val Loss = 0.034301, Gnorm = 0.052000, Samples = 32640256, LR = 1.92e-04, Steps/sec = 1.01, Samples/sec = 258.5
Step 128000 (12.8%): Train Loss = 0.039699, Val Loss = 0.034963, Gnorm = 0.145011, Samples = 32768256, LR = 1.92e-04, Steps/sec = 1.03, Samples/sec = 264.2
Step 128500 (12.9%): Train Loss = 0.037297, Val Loss = 0.035274, Gnorm = 0.076355, Samples = 32896256, LR = 1.92e-04, Steps/sec = 1.01, Samples/sec = 258.5
Step 129000 (12.9%): Train Loss = 0.038257, Val Loss = 0.036521, Gnorm = 0.073162, Samples = 33024256, LR = 1.92e-04, Steps/sec = 1.04, Samples/sec = 266.0
Step 129500 (13.0%): Train Loss = 0.041185, Val Loss = 0.034434, Gnorm = 0.182107, Samples = 33152256, LR = 1.92e-04, Steps/sec = 1.04, Samples/sec = 265.5
Step 130000 (13.0%): Train Loss = 0.041060, Val Loss = 0.038035, Gnorm = 0.155745, Samples = 33280256, LR = 1.92e-04, Steps/sec = 1.01, Samples/sec = 258.9
Step 130500 (13.1%): Train Loss = 0.036447, Val Loss = 0.034503, Gnorm = 0.121806, Samples = 33408256, LR = 1.92e-04, Steps/sec = 1.04, Samples/sec = 265.4
Step 131000 (13.1%): Train Loss = 0.038210, Val Loss = 0.036079, Gnorm = 0.061391, Samples = 33536256, LR = 1.92e-04, Steps/sec = 1.01, Samples/sec = 259.1
Step 131500 (13.2%): Train Loss = 0.037883, Val Loss = 0.033127, Gnorm = 0.102287, Samples = 33664256, LR = 1.92e-04, Steps/sec = 1.04, Samples/sec = 265.2
Step 132000 (13.2%): Train Loss = 0.041441, Val Loss = 0.035810, Gnorm = 0.098853, Samples = 33792256, LR = 1.92e-04, Steps/sec = 1.01, Samples/sec = 258.8
Step 132500 (13.3%): Train Loss = 0.040793, Val Loss = 0.040953, Gnorm = 0.280025, Samples = 33920256, LR = 1.91e-04, Steps/sec = 1.04, Samples/sec = 266.1
Step 133000 (13.3%): Train Loss = 0.037566, Val Loss = 0.037845, Gnorm = 0.076641, Samples = 34048256, LR = 1.91e-04, Steps/sec = 1.04, Samples/sec = 265.8
Step 133500 (13.4%): Train Loss = 0.037288, Val Loss = 0.037331, Gnorm = 0.135914, Samples = 34176256, LR = 1.91e-04, Steps/sec = 1.01, Samples/sec = 259.4
Step 134000 (13.4%): Train Loss = 0.037912, Val Loss = 0.038091, Gnorm = 0.151908, Samples = 34304256, LR = 1.91e-04, Steps/sec = 1.04, Samples/sec = 265.0
Step 134500 (13.5%): Train Loss = 0.040958, Val Loss = 0.037923, Gnorm = 0.119852, Samples = 34432256, LR = 1.91e-04, Steps/sec = 1.01, Samples/sec = 258.2
Step 135000 (13.5%): Train Loss = 0.038474, Val Loss = 0.041119, Gnorm = 0.135442, Samples = 34560256, LR = 1.91e-04, Steps/sec = 1.04, Samples/sec = 266.1
Step 135500 (13.6%): Train Loss = 0.040448, Val Loss = 0.038369, Gnorm = 0.124573, Samples = 34688256, LR = 1.91e-04, Steps/sec = 1.01, Samples/sec = 258.5
Step 136000 (13.6%): Train Loss = 0.040049, Val Loss = 0.035978, Gnorm = 0.087442, Samples = 34816256, LR = 1.91e-04, Steps/sec = 1.04, Samples/sec = 265.2
Step 136500 (13.7%): Train Loss = 0.038816, Val Loss = 0.035984, Gnorm = 0.120655, Samples = 34944256, LR = 1.91e-04, Steps/sec = 1.04, Samples/sec = 265.1
Step 137000 (13.7%): Train Loss = 0.039489, Val Loss = 0.039710, Gnorm = 0.158614, Samples = 35072256, LR = 1.91e-04, Steps/sec = 1.01, Samples/sec = 259.3
Step 137500 (13.8%): Train Loss = 0.037932, Val Loss = 0.037148, Gnorm = 0.136219, Samples = 35200256, LR = 1.91e-04, Steps/sec = 1.03, Samples/sec = 264.9
Step 138000 (13.8%): Train Loss = 0.036825, Val Loss = 0.039188, Gnorm = 0.065872, Samples = 35328256, LR = 1.91e-04, Steps/sec = 1.01, Samples/sec = 258.4
Step 138500 (13.9%): Train Loss = 0.038444, Val Loss = 0.040469, Gnorm = 0.158732, Samples = 35456256, LR = 1.91e-04, Steps/sec = 1.04, Samples/sec = 265.2
Step 139000 (13.9%): Train Loss = 0.036954, Val Loss = 0.036662, Gnorm = 0.054111, Samples = 35584256, LR = 1.91e-04, Steps/sec = 1.00, Samples/sec = 257.1
Step 139500 (14.0%): Train Loss = 0.034725, Val Loss = 0.039510, Gnorm = 0.089358, Samples = 35712256, LR = 1.91e-04, Steps/sec = 1.04, Samples/sec = 265.8
Step 140000 (14.0%): Train Loss = 0.041312, Val Loss = 0.034571, Gnorm = 0.198921, Samples = 35840256, LR = 1.90e-04, Steps/sec = 1.04, Samples/sec = 265.9
Step 140500 (14.1%): Train Loss = 0.038460, Val Loss = 0.035493, Gnorm = 0.244643, Samples = 35968256, LR = 1.90e-04, Steps/sec = 1.01, Samples/sec = 259.7
Step 141000 (14.1%): Train Loss = 0.038460, Val Loss = 0.037917, Gnorm = 0.078395, Samples = 36096256, LR = 1.90e-04, Steps/sec = 1.04, Samples/sec = 267.3
Step 141500 (14.2%): Train Loss = 0.038439, Val Loss = 0.037155, Gnorm = 0.088461, Samples = 36224256, LR = 1.90e-04, Steps/sec = 1.01, Samples/sec = 259.7
Step 142000 (14.2%): Train Loss = 0.037297, Val Loss = 0.036975, Gnorm = 0.090792, Samples = 36352256, LR = 1.90e-04, Steps/sec = 1.04, Samples/sec = 266.0
Step 142500 (14.3%): Train Loss = 0.037436, Val Loss = 0.038614, Gnorm = 0.164184, Samples = 36480256, LR = 1.90e-04, Steps/sec = 1.04, Samples/sec = 265.9
Step 143000 (14.3%): Train Loss = 0.037652, Val Loss = 0.036732, Gnorm = 0.207495, Samples = 36608256, LR = 1.90e-04, Steps/sec = 1.01, Samples/sec = 259.7
Step 143500 (14.4%): Train Loss = 0.035456, Val Loss = 0.033721, Gnorm = 0.207150, Samples = 36736256, LR = 1.90e-04, Steps/sec = 1.04, Samples/sec = 266.3
Step 144000 (14.4%): Train Loss = 0.036622, Val Loss = 0.034498, Gnorm = 0.252635, Samples = 36864256, LR = 1.90e-04, Steps/sec = 1.01, Samples/sec = 258.5
Step 144500 (14.5%): Train Loss = 0.035933, Val Loss = 0.034888, Gnorm = 0.097538, Samples = 36992256, LR = 1.90e-04, Steps/sec = 1.04, Samples/sec = 266.2
Step 145000 (14.5%): Train Loss = 0.039588, Val Loss = 0.036286, Gnorm = 0.109673, Samples = 37120256, LR = 1.90e-04, Steps/sec = 1.01, Samples/sec = 259.3
Step 145500 (14.6%): Train Loss = 0.038028, Val Loss = 0.035048, Gnorm = 0.134010, Samples = 37248256, LR = 1.90e-04, Steps/sec = 1.04, Samples/sec = 265.8
Step 146000 (14.6%): Train Loss = 0.037447, Val Loss = 0.034622, Gnorm = 0.123217, Samples = 37376256, LR = 1.90e-04, Steps/sec = 1.04, Samples/sec = 265.7
Step 146500 (14.7%): Train Loss = 0.040971, Val Loss = 0.038955, Gnorm = 0.135109, Samples = 37504256, LR = 1.90e-04, Steps/sec = 1.02, Samples/sec = 260.3
Step 147000 (14.7%): Train Loss = 0.040269, Val Loss = 0.034829, Gnorm = 0.331141, Samples = 37632256, LR = 1.90e-04, Steps/sec = 1.04, Samples/sec = 265.6
Step 147500 (14.8%): Train Loss = 0.039791, Val Loss = 0.035280, Gnorm = 0.072775, Samples = 37760256, LR = 1.89e-04, Steps/sec = 1.01, Samples/sec = 258.9
Step 148000 (14.8%): Train Loss = 0.035616, Val Loss = 0.033871, Gnorm = 0.114147, Samples = 37888256, LR = 1.89e-04, Steps/sec = 1.04, Samples/sec = 266.4
Step 148500 (14.9%): Train Loss = 0.037924, Val Loss = 0.036624, Gnorm = 0.155411, Samples = 38016256, LR = 1.89e-04, Steps/sec = 1.02, Samples/sec = 259.9
Step 149000 (14.9%): Train Loss = 0.040963, Val Loss = 0.036048, Gnorm = 0.190598, Samples = 38144256, LR = 1.89e-04, Steps/sec = 1.04, Samples/sec = 267.4
Step 149500 (15.0%): Train Loss = 0.037319, Val Loss = 0.038128, Gnorm = 0.117158, Samples = 38272256, LR = 1.89e-04, Steps/sec = 1.03, Samples/sec = 264.8
Step 150000 (15.0%): Train Loss = 0.035182, Val Loss = 0.036183, Gnorm = 0.051411, Samples = 38400256, LR = 1.89e-04, Steps/sec = 1.01, Samples/sec = 258.7
Step 150500 (15.1%): Train Loss = 0.036023, Val Loss = 0.034871, Gnorm = 0.109028, Samples = 38528256, LR = 1.89e-04, Steps/sec = 1.04, Samples/sec = 265.7
Step 151000 (15.1%): Train Loss = 0.038925, Val Loss = 0.037039, Gnorm = 0.153622, Samples = 38656256, LR = 1.89e-04, Steps/sec = 1.01, Samples/sec = 259.4
Step 151500 (15.2%): Train Loss = 0.039768, Val Loss = 0.035980, Gnorm = 0.080887, Samples = 38784256, LR = 1.89e-04, Steps/sec = 1.04, Samples/sec = 266.0
Step 152000 (15.2%): Train Loss = 0.037349, Val Loss = 0.038742, Gnorm = 0.114131, Samples = 38912256, LR = 1.89e-04, Steps/sec = 1.02, Samples/sec = 259.9
Step 152500 (15.3%): Train Loss = 0.037515, Val Loss = 0.036555, Gnorm = 0.119565, Samples = 39040256, LR = 1.89e-04, Steps/sec = 1.04, Samples/sec = 265.3
Step 153000 (15.3%): Train Loss = 0.035651, Val Loss = 0.037844, Gnorm = 0.108437, Samples = 39168256, LR = 1.89e-04, Steps/sec = 1.04, Samples/sec = 265.5
Step 153500 (15.4%): Train Loss = 0.035729, Val Loss = 0.037609, Gnorm = 0.086475, Samples = 39296256, LR = 1.89e-04, Steps/sec = 1.01, Samples/sec = 258.5
Step 154000 (15.4%): Train Loss = 0.038485, Val Loss = 0.038049, Gnorm = 0.088602, Samples = 39424256, LR = 1.89e-04, Steps/sec = 1.04, Samples/sec = 266.1
Step 154500 (15.5%): Train Loss = 0.035229, Val Loss = 0.037513, Gnorm = 0.204054, Samples = 39552256, LR = 1.88e-04, Steps/sec = 1.02, Samples/sec = 260.7
Step 155000 (15.5%): Train Loss = 0.036100, Val Loss = 0.035705, Gnorm = 0.148152, Samples = 39680256, LR = 1.88e-04, Steps/sec = 1.04, Samples/sec = 267.2
Step 155500 (15.6%): Train Loss = 0.037816, Val Loss = 0.032569, Gnorm = 0.112497, Samples = 39808256, LR = 1.88e-04, Steps/sec = 1.01, Samples/sec = 259.4
Step 156000 (15.6%): Train Loss = 0.035786, Val Loss = 0.036840, Gnorm = 0.079566, Samples = 39936256, LR = 1.88e-04, Steps/sec = 1.04, Samples/sec = 267.5
Step 156500 (15.7%): Train Loss = 0.034416, Val Loss = 0.039544, Gnorm = 0.097619, Samples = 40064256, LR = 1.88e-04, Steps/sec = 1.04, Samples/sec = 266.6
Step 157000 (15.7%): Train Loss = 0.039067, Val Loss = 0.035696, Gnorm = 0.104741, Samples = 40192256, LR = 1.88e-04, Steps/sec = 1.01, Samples/sec = 259.0
Step 157500 (15.8%): Train Loss = 0.038019, Val Loss = 0.034909, Gnorm = 0.125034, Samples = 40320256, LR = 1.88e-04, Steps/sec = 1.04, Samples/sec = 266.8
Step 158000 (15.8%): Train Loss = 0.038075, Val Loss = 0.035842, Gnorm = 0.145676, Samples = 40448256, LR = 1.88e-04, Steps/sec = 1.01, Samples/sec = 259.3
Step 158500 (15.9%): Train Loss = 0.037633, Val Loss = 0.033955, Gnorm = 0.086267, Samples = 40576256, LR = 1.88e-04, Steps/sec = 1.04, Samples/sec = 266.1
Step 159000 (15.9%): Train Loss = 0.037148, Val Loss = 0.033064, Gnorm = 0.172868, Samples = 40704256, LR = 1.88e-04, Steps/sec = 1.04, Samples/sec = 265.4
Step 159500 (16.0%): Train Loss = 0.038206, Val Loss = 0.032079, Gnorm = 0.152200, Samples = 40832256, LR = 1.88e-04, Steps/sec = 1.01, Samples/sec = 259.8
Step 160000 (16.0%): Train Loss = 0.038692, Val Loss = 0.035519, Gnorm = 0.197888, Samples = 40960256, LR = 1.88e-04, Steps/sec = 1.04, Samples/sec = 265.3
Step 160500 (16.1%): Train Loss = 0.037678, Val Loss = 0.034740, Gnorm = 0.300717, Samples = 41088256, LR = 1.88e-04, Steps/sec = 1.01, Samples/sec = 259.4
Step 161000 (16.1%): Train Loss = 0.036662, Val Loss = 0.032782, Gnorm = 0.166760, Samples = 41216256, LR = 1.87e-04, Steps/sec = 1.04, Samples/sec = 265.2
Step 161500 (16.2%): Train Loss = 0.038457, Val Loss = 0.035050, Gnorm = 0.130019, Samples = 41344256, LR = 1.87e-04, Steps/sec = 1.01, Samples/sec = 259.0
Step 162000 (16.2%): Train Loss = 0.039957, Val Loss = 0.036013, Gnorm = 0.152069, Samples = 41472256, LR = 1.87e-04, Steps/sec = 1.04, Samples/sec = 266.1
Step 162500 (16.3%): Train Loss = 0.037795, Val Loss = 0.031733, Gnorm = 0.150979, Samples = 41600256, LR = 1.87e-04, Steps/sec = 1.04, Samples/sec = 265.8
Step 163000 (16.3%): Train Loss = 0.033883, Val Loss = 0.034753, Gnorm = 0.056245, Samples = 41728256, LR = 1.87e-04, Steps/sec = 1.01, Samples/sec = 258.6
Step 163500 (16.4%): Train Loss = 0.037695, Val Loss = 0.031438, Gnorm = 0.057956, Samples = 41856256, LR = 1.87e-04, Steps/sec = 1.04, Samples/sec = 265.4
Step 164000 (16.4%): Train Loss = 0.034984, Val Loss = 0.032471, Gnorm = 0.099844, Samples = 41984256, LR = 1.87e-04, Steps/sec = 1.02, Samples/sec = 259.9
Step 164500 (16.5%): Train Loss = 0.037952, Val Loss = 0.031916, Gnorm = 0.109936, Samples = 42112256, LR = 1.87e-04, Steps/sec = 1.04, Samples/sec = 266.0
Step 165000 (16.5%): Train Loss = 0.034714, Val Loss = 0.033641, Gnorm = 0.134539, Samples = 42240256, LR = 1.87e-04, Steps/sec = 1.01, Samples/sec = 259.3
Step 165500 (16.6%): Train Loss = 0.035992, Val Loss = 0.031743, Gnorm = 0.124663, Samples = 42368256, LR = 1.87e-04, Steps/sec = 1.04, Samples/sec = 266.5
Step 166000 (16.6%): Train Loss = 0.035092, Val Loss = 0.032865, Gnorm = 0.091388, Samples = 42496256, LR = 1.87e-04, Steps/sec = 1.04, Samples/sec = 265.6
Step 166500 (16.7%): Train Loss = 0.036939, Val Loss = 0.034147, Gnorm = 0.081161, Samples = 42624256, LR = 1.87e-04, Steps/sec = 1.01, Samples/sec = 259.5
Step 167000 (16.7%): Train Loss = 0.038960, Val Loss = 0.033933, Gnorm = 0.131004, Samples = 42752256, LR = 1.87e-04, Steps/sec = 1.04, Samples/sec = 265.7
Step 167500 (16.8%): Train Loss = 0.037226, Val Loss = 0.034899, Gnorm = 0.219171, Samples = 42880256, LR = 1.86e-04, Steps/sec = 1.01, Samples/sec = 259.0
Step 168000 (16.8%): Train Loss = 0.038317, Val Loss = 0.034351, Gnorm = 0.070508, Samples = 43008256, LR = 1.86e-04, Steps/sec = 1.04, Samples/sec = 265.8
Step 168500 (16.9%): Train Loss = 0.037921, Val Loss = 0.034363, Gnorm = 0.059618, Samples = 43136256, LR = 1.86e-04, Steps/sec = 1.01, Samples/sec = 258.2
Step 169000 (16.9%): Train Loss = 0.033916, Val Loss = 0.037298, Gnorm = 0.113167, Samples = 43264256, LR = 1.86e-04, Steps/sec = 1.04, Samples/sec = 265.6
Step 169500 (17.0%): Train Loss = 0.035242, Val Loss = 0.034655, Gnorm = 0.130696, Samples = 43392256, LR = 1.86e-04, Steps/sec = 1.04, Samples/sec = 265.7
Step 170000 (17.0%): Train Loss = 0.037054, Val Loss = 0.035268, Gnorm = 0.158284, Samples = 43520256, LR = 1.86e-04, Steps/sec = 1.01, Samples/sec = 258.9
Step 170500 (17.1%): Train Loss = 0.036100, Val Loss = 0.034290, Gnorm = 0.079509, Samples = 43648256, LR = 1.86e-04, Steps/sec = 1.04, Samples/sec = 265.2
Step 171000 (17.1%): Train Loss = 0.038810, Val Loss = 0.036317, Gnorm = 0.187629, Samples = 43776256, LR = 1.86e-04, Steps/sec = 1.01, Samples/sec = 258.9
Step 171500 (17.2%): Train Loss = 0.035242, Val Loss = 0.031394, Gnorm = 0.208776, Samples = 43904256, LR = 1.86e-04, Steps/sec = 1.04, Samples/sec = 266.4
Step 172000 (17.2%): Train Loss = 0.036074, Val Loss = 0.031005, Gnorm = 0.095823, Samples = 44032256, LR = 1.86e-04, Steps/sec = 1.01, Samples/sec = 258.4
Step 172500 (17.3%): Train Loss = 0.035332, Val Loss = 0.033687, Gnorm = 0.108435, Samples = 44160256, LR = 1.86e-04, Steps/sec = 1.03, Samples/sec = 264.9
Step 173000 (17.3%): Train Loss = 0.036627, Val Loss = 0.031538, Gnorm = 0.166190, Samples = 44288256, LR = 1.86e-04, Steps/sec = 1.04, Samples/sec = 265.6
Step 173500 (17.4%): Train Loss = 0.037020, Val Loss = 0.034786, Gnorm = 0.110744, Samples = 44416256, LR = 1.86e-04, Steps/sec = 1.01, Samples/sec = 259.6
Step 174000 (17.4%): Train Loss = 0.040687, Val Loss = 0.036216, Gnorm = 0.173485, Samples = 44544256, LR = 1.85e-04, Steps/sec = 1.03, Samples/sec = 264.9
Step 174500 (17.5%): Train Loss = 0.035291, Val Loss = 0.040084, Gnorm = 0.059766, Samples = 44672256, LR = 1.85e-04, Steps/sec = 1.01, Samples/sec = 259.7
Step 175000 (17.5%): Train Loss = 0.037041, Val Loss = 0.034533, Gnorm = 0.107358, Samples = 44800256, LR = 1.85e-04, Steps/sec = 1.04, Samples/sec = 266.2
Step 175500 (17.6%): Train Loss = 0.037621, Val Loss = 0.037761, Gnorm = 0.125227, Samples = 44928256, LR = 1.85e-04, Steps/sec = 0.97, Samples/sec = 247.7
Step 176000 (17.6%): Train Loss = 0.039502, Val Loss = 0.036257, Gnorm = 0.138738, Samples = 45056256, LR = 1.85e-04, Steps/sec = 1.05, Samples/sec = 268.3
Step 176500 (17.7%): Train Loss = 0.038891, Val Loss = 0.038257, Gnorm = 0.128803, Samples = 45184256, LR = 1.85e-04, Steps/sec = 1.04, Samples/sec = 265.3
Step 177000 (17.7%): Train Loss = 0.034508, Val Loss = 0.036387, Gnorm = 0.165328, Samples = 45312256, LR = 1.85e-04, Steps/sec = 1.01, Samples/sec = 258.7
Step 177500 (17.8%): Train Loss = 0.036434, Val Loss = 0.035054, Gnorm = 0.137297, Samples = 45440256, LR = 1.85e-04, Steps/sec = 1.04, Samples/sec = 265.2
Step 178000 (17.8%): Train Loss = 0.038249, Val Loss = 0.037248, Gnorm = 0.162468, Samples = 45568256, LR = 1.85e-04, Steps/sec = 1.01, Samples/sec = 258.5
Step 178500 (17.9%): Train Loss = 0.037745, Val Loss = 0.036722, Gnorm = 0.208305, Samples = 45696256, LR = 1.85e-04, Steps/sec = 1.04, Samples/sec = 266.8
Step 179000 (17.9%): Train Loss = 0.037422, Val Loss = 0.033859, Gnorm = 0.142363, Samples = 45824256, LR = 1.85e-04, Steps/sec = 1.04, Samples/sec = 265.0
Step 179500 (18.0%): Train Loss = 0.033747, Val Loss = 0.030836, Gnorm = 0.180049, Samples = 45952256, LR = 1.85e-04, Steps/sec = 1.01, Samples/sec = 259.1
Step 180000 (18.0%): Train Loss = 0.035346, Val Loss = 0.034681, Gnorm = 0.073715, Samples = 46080256, LR = 1.84e-04, Steps/sec = 1.04, Samples/sec = 265.6
Step 180500 (18.1%): Train Loss = 0.037538, Val Loss = 0.036889, Gnorm = 0.178588, Samples = 46208256, LR = 1.84e-04, Steps/sec = 1.02, Samples/sec = 260.0
Step 181000 (18.1%): Train Loss = 0.036537, Val Loss = 0.036457, Gnorm = 0.091283, Samples = 46336256, LR = 1.84e-04, Steps/sec = 1.04, Samples/sec = 266.6
Step 181500 (18.2%): Train Loss = 0.036638, Val Loss = 0.036839, Gnorm = 0.102123, Samples = 46464256, LR = 1.84e-04, Steps/sec = 1.01, Samples/sec = 258.4
Step 182000 (18.2%): Train Loss = 0.031341, Val Loss = 0.035786, Gnorm = 0.217967, Samples = 46592256, LR = 1.84e-04, Steps/sec = 1.04, Samples/sec = 266.0
Step 182500 (18.3%): Train Loss = 0.035503, Val Loss = 0.033385, Gnorm = 0.165567, Samples = 46720256, LR = 1.84e-04, Steps/sec = 1.04, Samples/sec = 265.3
Step 183000 (18.3%): Train Loss = 0.033693, Val Loss = 0.035989, Gnorm = 0.211562, Samples = 46848256, LR = 1.84e-04, Steps/sec = 1.01, Samples/sec = 259.0
Step 183500 (18.4%): Train Loss = 0.094286, Val Loss = 0.073404, Gnorm = 1.909809, Samples = 46976256, LR = 1.84e-04, Steps/sec = 1.04, Samples/sec = 266.2
Step 184000 (18.4%): Train Loss = 0.035969, Val Loss = 0.034226, Gnorm = 0.143913, Samples = 47104256, LR = 1.84e-04, Steps/sec = 1.02, Samples/sec = 260.4
Step 184500 (18.5%): Train Loss = 0.038577, Val Loss = 0.033314, Gnorm = 0.071784, Samples = 47232256, LR = 1.84e-04, Steps/sec = 1.04, Samples/sec = 267.1
Step 185000 (18.5%): Train Loss = 0.036136, Val Loss = 0.034801, Gnorm = 0.101654, Samples = 47360256, LR = 1.84e-04, Steps/sec = 1.02, Samples/sec = 260.3
Step 185500 (18.6%): Train Loss = 0.037331, Val Loss = 0.033826, Gnorm = 0.162280, Samples = 47488256, LR = 1.83e-04, Steps/sec = 1.04, Samples/sec = 266.7
Step 186000 (18.6%): Train Loss = 0.035725, Val Loss = 0.035831, Gnorm = 0.088616, Samples = 47616256, LR = 1.83e-04, Steps/sec = 1.04, Samples/sec = 265.4
Step 186500 (18.7%): Train Loss = 0.037535, Val Loss = 0.033862, Gnorm = 0.187897, Samples = 47744256, LR = 1.83e-04, Steps/sec = 1.01, Samples/sec = 259.8
Step 187000 (18.7%): Train Loss = 0.036286, Val Loss = 0.037650, Gnorm = 0.091045, Samples = 47872256, LR = 1.83e-04, Steps/sec = 1.04, Samples/sec = 265.1
Step 187500 (18.8%): Train Loss = 0.035705, Val Loss = 0.036643, Gnorm = 0.150686, Samples = 48000256, LR = 1.83e-04, Steps/sec = 1.02, Samples/sec = 260.3
Step 188000 (18.8%): Train Loss = 0.033954, Val Loss = 0.031343, Gnorm = 0.094870, Samples = 48128256, LR = 1.83e-04, Steps/sec = 1.04, Samples/sec = 265.8
Step 188500 (18.9%): Train Loss = 0.035583, Val Loss = 0.035506, Gnorm = 0.281346, Samples = 48256256, LR = 1.83e-04, Steps/sec = 1.01, Samples/sec = 258.3
Step 189000 (18.9%): Train Loss = 0.035074, Val Loss = 0.035595, Gnorm = 0.082024, Samples = 48384256, LR = 1.83e-04, Steps/sec = 1.04, Samples/sec = 266.1
Step 189500 (19.0%): Train Loss = 0.036972, Val Loss = 0.031758, Gnorm = 0.089793, Samples = 48512256, LR = 1.83e-04, Steps/sec = 1.04, Samples/sec = 265.7
Step 190000 (19.0%): Train Loss = 0.034535, Val Loss = 0.033692, Gnorm = 0.180384, Samples = 48640256, LR = 1.83e-04, Steps/sec = 1.01, Samples/sec = 259.0
Step 190500 (19.1%): Train Loss = 0.036258, Val Loss = 0.031025, Gnorm = 0.137637, Samples = 48768256, LR = 1.83e-04, Steps/sec = 1.04, Samples/sec = 266.3
Step 191000 (19.1%): Train Loss = 0.036919, Val Loss = 0.038781, Gnorm = 0.121772, Samples = 48896256, LR = 1.83e-04, Steps/sec = 1.01, Samples/sec = 259.3
Step 191500 (19.2%): Train Loss = 0.035737, Val Loss = 0.037700, Gnorm = 0.261659, Samples = 49024256, LR = 1.82e-04, Steps/sec = 1.04, Samples/sec = 265.4
Step 192000 (19.2%): Train Loss = 0.034007, Val Loss = 0.034943, Gnorm = 0.215391, Samples = 49152256, LR = 1.82e-04, Steps/sec = 1.01, Samples/sec = 258.2
Step 192500 (19.3%): Train Loss = 0.037267, Val Loss = 0.035500, Gnorm = 0.121800, Samples = 49280256, LR = 1.82e-04, Steps/sec = 1.04, Samples/sec = 265.9
Step 193000 (19.3%): Train Loss = 0.034209, Val Loss = 0.035478, Gnorm = 0.118537, Samples = 49408256, LR = 1.82e-04, Steps/sec = 1.04, Samples/sec = 265.6
Step 193500 (19.4%): Train Loss = 0.037648, Val Loss = 0.038234, Gnorm = 0.074797, Samples = 49536256, LR = 1.82e-04, Steps/sec = 1.01, Samples/sec = 259.8
Step 194000 (19.4%): Train Loss = 0.037901, Val Loss = 0.035150, Gnorm = 0.139535, Samples = 49664256, LR = 1.82e-04, Steps/sec = 1.04, Samples/sec = 266.3
Step 194500 (19.5%): Train Loss = 0.033685, Val Loss = 0.034266, Gnorm = 0.073747, Samples = 49792256, LR = 1.82e-04, Steps/sec = 1.01, Samples/sec = 258.2
Step 195000 (19.5%): Train Loss = 0.035604, Val Loss = 0.034142, Gnorm = 0.107006, Samples = 49920256, LR = 1.82e-04, Steps/sec = 1.04, Samples/sec = 266.6
Step 195500 (19.6%): Train Loss = 0.035850, Val Loss = 0.034063, Gnorm = 0.112271, Samples = 50048256, LR = 1.82e-04, Steps/sec = 1.04, Samples/sec = 265.6
Step 196000 (19.6%): Train Loss = 0.036188, Val Loss = 0.034430, Gnorm = 0.221531, Samples = 50176256, LR = 1.82e-04, Steps/sec = 1.01, Samples/sec = 259.4
Step 196500 (19.7%): Train Loss = 0.036384, Val Loss = 0.035913, Gnorm = 0.129678, Samples = 50304256, LR = 1.82e-04, Steps/sec = 1.04, Samples/sec = 266.1
Step 197000 (19.7%): Train Loss = 0.034673, Val Loss = 0.038622, Gnorm = 0.148739, Samples = 50432256, LR = 1.81e-04, Steps/sec = 1.01, Samples/sec = 259.1
Step 197500 (19.8%): Train Loss = 0.033779, Val Loss = 0.035205, Gnorm = 0.206359, Samples = 50560256, LR = 1.81e-04, Steps/sec = 1.04, Samples/sec = 265.4
Step 198000 (19.8%): Train Loss = 0.037473, Val Loss = 0.033328, Gnorm = 0.224638, Samples = 50688256, LR = 1.81e-04, Steps/sec = 1.01, Samples/sec = 258.4
Step 198500 (19.9%): Train Loss = 0.038250, Val Loss = 0.036424, Gnorm = 0.129506, Samples = 50816256, LR = 1.81e-04, Steps/sec = 1.04, Samples/sec = 266.6
Step 199000 (19.9%): Train Loss = 0.035735, Val Loss = 0.036764, Gnorm = 0.233124, Samples = 50944256, LR = 1.81e-04, Steps/sec = 1.04, Samples/sec = 265.8
Step 199500 (20.0%): Train Loss = 0.038187, Val Loss = 0.036942, Gnorm = 0.162207, Samples = 51072256, LR = 1.81e-04, Steps/sec = 1.01, Samples/sec = 259.1
Step 200000 (20.0%): Train Loss = 0.035420, Val Loss = 0.035212, Gnorm = 0.199327, Samples = 51200256, LR = 1.81e-04, Steps/sec = 1.04, Samples/sec = 266.4
Step 200500 (20.1%): Train Loss = 0.035354, Val Loss = 0.034063, Gnorm = 0.332407, Samples = 51328256, LR = 1.81e-04, Steps/sec = 1.01, Samples/sec = 259.6
Step 201000 (20.1%): Train Loss = 0.036553, Val Loss = 0.037958, Gnorm = 0.153221, Samples = 51456256, LR = 1.81e-04, Steps/sec = 1.04, Samples/sec = 265.8
Step 201500 (20.2%): Train Loss = 0.035255, Val Loss = 0.033338, Gnorm = 0.250747, Samples = 51584256, LR = 1.81e-04, Steps/sec = 1.01, Samples/sec = 259.1
Step 202000 (20.2%): Train Loss = 0.035396, Val Loss = 0.033237, Gnorm = 0.207723, Samples = 51712256, LR = 1.81e-04, Steps/sec = 1.04, Samples/sec = 266.6
Step 202500 (20.3%): Train Loss = 0.032708, Val Loss = 0.033991, Gnorm = 0.061096, Samples = 51840256, LR = 1.80e-04, Steps/sec = 1.04, Samples/sec = 266.5
Step 203000 (20.3%): Train Loss = 0.033867, Val Loss = 0.033279, Gnorm = 0.169982, Samples = 51968256, LR = 1.80e-04, Steps/sec = 1.01, Samples/sec = 259.3
Step 203500 (20.4%): Train Loss = 0.038346, Val Loss = 0.033236, Gnorm = 0.120672, Samples = 52096256, LR = 1.80e-04, Steps/sec = 1.04, Samples/sec = 266.2
Step 204000 (20.4%): Train Loss = 0.033583, Val Loss = 0.034141, Gnorm = 0.140603, Samples = 52224256, LR = 1.80e-04, Steps/sec = 1.01, Samples/sec = 258.6
Step 204500 (20.5%): Train Loss = 0.104404, Val Loss = 0.071547, Gnorm = 3.241402, Samples = 52352256, LR = 1.80e-04, Steps/sec = 1.04, Samples/sec = 267.1
Step 205000 (20.5%): Train Loss = 0.041526, Val Loss = 0.037920, Gnorm = 0.153720, Samples = 52480256, LR = 1.80e-04, Steps/sec = 1.01, Samples/sec = 259.8
Step 205500 (20.6%): Train Loss = 0.034697, Val Loss = 0.033977, Gnorm = 0.132202, Samples = 52608256, LR = 1.80e-04, Steps/sec = 1.04, Samples/sec = 267.2
Step 206000 (20.6%): Train Loss = 0.037192, Val Loss = 0.030997, Gnorm = 0.122977, Samples = 52736256, LR = 1.80e-04, Steps/sec = 1.04, Samples/sec = 267.3
Step 206500 (20.7%): Train Loss = 0.034381, Val Loss = 0.034891, Gnorm = 0.198450, Samples = 52864256, LR = 1.80e-04, Steps/sec = 1.01, Samples/sec = 259.7
Step 207000 (20.7%): Train Loss = 0.034451, Val Loss = 0.031937, Gnorm = 0.111754, Samples = 52992256, LR = 1.80e-04, Steps/sec = 1.04, Samples/sec = 266.7
Step 207500 (20.8%): Train Loss = 0.034450, Val Loss = 0.030258, Gnorm = 0.145979, Samples = 53120256, LR = 1.79e-04, Steps/sec = 1.01, Samples/sec = 259.7
Step 208000 (20.8%): Train Loss = 0.035017, Val Loss = 0.035554, Gnorm = 0.160970, Samples = 53248256, LR = 1.79e-04, Steps/sec = 1.04, Samples/sec = 266.7
Step 208500 (20.9%): Train Loss = 0.037466, Val Loss = 0.035726, Gnorm = 0.148769, Samples = 53376256, LR = 1.79e-04, Steps/sec = 1.01, Samples/sec = 259.3
Step 209000 (20.9%): Train Loss = 0.031708, Val Loss = 0.032620, Gnorm = 0.122879, Samples = 53504256, LR = 1.79e-04, Steps/sec = 1.04, Samples/sec = 266.6
Step 209500 (21.0%): Train Loss = 0.034863, Val Loss = 0.034049, Gnorm = 0.147932, Samples = 53632256, LR = 1.79e-04, Steps/sec = 1.04, Samples/sec = 266.5
Step 210000 (21.0%): Train Loss = 0.033287, Val Loss = 0.033207, Gnorm = 0.087206, Samples = 53760256, LR = 1.79e-04, Steps/sec = 1.02, Samples/sec = 259.9
Step 210500 (21.1%): Train Loss = 0.032586, Val Loss = 0.034235, Gnorm = 0.072389, Samples = 53888256, LR = 1.79e-04, Steps/sec = 1.04, Samples/sec = 266.3
Step 211000 (21.1%): Train Loss = 0.034735, Val Loss = 0.031609, Gnorm = 0.247652, Samples = 54016256, LR = 1.79e-04, Steps/sec = 1.01, Samples/sec = 259.2
Step 211500 (21.2%): Train Loss = 0.033975, Val Loss = 0.033452, Gnorm = 0.180506, Samples = 54144256, LR = 1.79e-04, Steps/sec = 1.04, Samples/sec = 265.9
Step 212000 (21.2%): Train Loss = 0.035674, Val Loss = 0.036776, Gnorm = 0.082445, Samples = 54272256, LR = 1.79e-04, Steps/sec = 1.04, Samples/sec = 266.7
Step 212500 (21.3%): Train Loss = 0.035546, Val Loss = 0.039190, Gnorm = 0.159106, Samples = 54400256, LR = 1.79e-04, Steps/sec = 1.02, Samples/sec = 260.2
