Loading BirdSet dataset: XCM, split: train
Starting to process samples...
Processed 250 samples → 249 spectrograms (0 skipped) in 161.7s
Processed 500 samples → 499 spectrograms (0 skipped) in 313.7s
Processed 750 samples → 749 spectrograms (0 skipped) in 588.9s
Processed 1000 samples → 999 spectrograms (0 skipped) in 886.7s
Processed 1250 samples → 1249 spectrograms (0 skipped) in 1104.7s
Processed 1500 samples → 1499 spectrograms (0 skipped) in 1364.9s
Processed 1750 samples → 1749 spectrograms (0 skipped) in 1574.1s
Processed 2000 samples → 1999 spectrograms (0 skipped) in 1792.0s
Processed 2250 samples → 2249 spectrograms (0 skipped) in 1999.9s
Processed 2500 samples → 2499 spectrograms (0 skipped) in 2173.6s
Processed 2750 samples → 2749 spectrograms (0 skipped) in 2460.9s
Processed 3000 samples → 2999 spectrograms (0 skipped) in 2737.4s
Processed 3250 samples → 3249 spectrograms (0 skipped) in 2898.8s
Processed 3500 samples → 3499 spectrograms (0 skipped) in 3067.7s
Processed 3750 samples → 3749 spectrograms (0 skipped) in 3425.1s
Processed 4000 samples → 3999 spectrograms (0 skipped) in 3784.8s
Processed 4250 samples → 4249 spectrograms (0 skipped) in 4020.8s
Processed 4500 samples → 4499 spectrograms (0 skipped) in 4253.3s
Processed 4750 samples → 4749 spectrograms (0 skipped) in 4511.4s
Processed 5000 samples → 4999 spectrograms (0 skipped) in 4731.9s
Processed 5250 samples → 5249 spectrograms (0 skipped) in 4963.0s
Processed 5500 samples → 5499 spectrograms (0 skipped) in 5206.3s
Processed 5750 samples → 5749 spectrograms (0 skipped) in 5607.4s
Processed 6000 samples → 5999 spectrograms (0 skipped) in 5981.3s
Processed 6250 samples → 6249 spectrograms (0 skipped) in 6290.8s
Processed 6500 samples → 6499 spectrograms (0 skipped) in 6641.2s
Processed 6750 samples → 6749 spectrograms (0 skipped) in 6911.4s
Processed 7000 samples → 6999 spectrograms (0 skipped) in 7189.5s
Processed 7250 samples → 7249 spectrograms (0 skipped) in 7480.3s
Processed 7500 samples → 7499 spectrograms (0 skipped) in 7774.4s
Processed 7750 samples → 7749 spectrograms (0 skipped) in 8087.7s
Processed 8000 samples → 7999 spectrograms (0 skipped) in 8374.2s
Processed 8250 samples → 8249 spectrograms (0 skipped) in 8685.3s
Processed 8500 samples → 8499 spectrograms (0 skipped) in 8979.9s
Processed 8750 samples → 8749 spectrograms (0 skipped) in 9267.1s
Processed 9000 samples → 8999 spectrograms (0 skipped) in 9565.8s
Processed 9250 samples → 9249 spectrograms (0 skipped) in 9885.3s
Processed 9500 samples → 9499 spectrograms (0 skipped) in 10221.0s
Processed 9750 samples → 9749 spectrograms (0 skipped) in 10500.2s
Processed 10000 samples → 9999 spectrograms (0 skipped) in 10808.1s
Processed 10250 samples → 10249 spectrograms (0 skipped) in 11111.1s
Processed 10500 samples → 10499 spectrograms (0 skipped) in 11428.3s
Processed 10750 samples → 10749 spectrograms (0 skipped) in 11720.9s
Processed 11000 samples → 10999 spectrograms (0 skipped) in 12034.5s
Processed 11250 samples → 11249 spectrograms (0 skipped) in 12346.0s
Processed 11500 samples → 11499 spectrograms (0 skipped) in 12673.2s
Processed 11750 samples → 11749 spectrograms (0 skipped) in 12936.1s
Processed 12000 samples → 11999 spectrograms (0 skipped) in 13202.9s
Processed 12250 samples → 12249 spectrograms (0 skipped) in 13635.1s
Processed 12500 samples → 12499 spectrograms (0 skipped) in 14072.8s
Processed 12750 samples → 12749 spectrograms (0 skipped) in 14393.2s
Processed 13000 samples → 12999 spectrograms (0 skipped) in 14726.6s
Processed 13250 samples → 13249 spectrograms (0 skipped) in 15086.6s
Processed 13500 samples → 13499 spectrograms (0 skipped) in 15466.6s
Processed 13750 samples → 13749 spectrograms (0 skipped) in 15842.6s
Processed 14000 samples → 13999 spectrograms (0 skipped) in 16206.2s
Processed 14250 samples → 14249 spectrograms (0 skipped) in 16568.4s
Processed 14500 samples → 14499 spectrograms (0 skipped) in 16920.1s
Processed 14750 samples → 14749 spectrograms (0 skipped) in 17262.4s
Processed 15000 samples → 14999 spectrograms (0 skipped) in 17605.3s
Processed 15250 samples → 15249 spectrograms (0 skipped) in 17946.0s
Processed 15500 samples → 15499 spectrograms (0 skipped) in 18290.8s
Processed 15750 samples → 15749 spectrograms (0 skipped) in 18733.3s
Processed 16000 samples → 15999 spectrograms (0 skipped) in 19178.1s
Processed 16250 samples → 16249 spectrograms (0 skipped) in 19580.8s
Processed 16500 samples → 16499 spectrograms (0 skipped) in 19976.9s
Processed 16750 samples → 16749 spectrograms (0 skipped) in 20371.5s
Processed 17000 samples → 16999 spectrograms (0 skipped) in 20739.9s
Processed 17250 samples → 17249 spectrograms (0 skipped) in 21125.0s
Processed 17500 samples → 17499 spectrograms (0 skipped) in 21520.6s
Processed 17750 samples → 17749 spectrograms (0 skipped) in 21919.7s
Processed 18000 samples → 17999 spectrograms (0 skipped) in 22343.8s
Processed 18250 samples → 18249 spectrograms (0 skipped) in 22788.2s
Processed 18500 samples → 18499 spectrograms (0 skipped) in 23276.1s
Processed 18750 samples → 18749 spectrograms (0 skipped) in 23685.6s
Processed 19000 samples → 18999 spectrograms (0 skipped) in 24087.4s
Processed 19250 samples → 19249 spectrograms (0 skipped) in 24543.5s
Processed 19500 samples → 19499 spectrograms (0 skipped) in 25007.0s
Processed 19750 samples → 19749 spectrograms (0 skipped) in 25462.7s
Processed 20000 samples → 19999 spectrograms (0 skipped) in 25954.9s
Processed 20250 samples → 20249 spectrograms (0 skipped) in 26339.3s
Processed 20500 samples → 20499 spectrograms (0 skipped) in 26717.3s
Processed 20750 samples → 20749 spectrograms (0 skipped) in 27106.1s
Processed 21000 samples → 20999 spectrograms (0 skipped) in 27508.9s
Processed 21250 samples → 21249 spectrograms (0 skipped) in 27917.9s
Processed 21500 samples → 21499 spectrograms (0 skipped) in 28334.8s
Processed 21750 samples → 21749 spectrograms (0 skipped) in 28758.9s
Processed 22000 samples → 21999 spectrograms (0 skipped) in 29187.1s
Processed 22250 samples → 22249 spectrograms (0 skipped) in 29653.1s
Processed 22500 samples → 22499 spectrograms (0 skipped) in 30148.0s
Processed 22750 samples → 22749 spectrograms (0 skipped) in 30567.1s
Processed 23000 samples → 22999 spectrograms (0 skipped) in 31003.8s
Processed 23250 samples → 23249 spectrograms (0 skipped) in 31519.2s
Processed 23500 samples → 23499 spectrograms (0 skipped) in 32025.8s
Processed 23750 samples → 23749 spectrograms (0 skipped) in 32544.7s
Processed 24000 samples → 23999 spectrograms (0 skipped) in 33038.9s
Processed 24250 samples → 24249 spectrograms (0 skipped) in 33543.3s
Processed 24500 samples → 24499 spectrograms (0 skipped) in 34047.3s
Processed 24750 samples → 24749 spectrograms (0 skipped) in 34512.1s
Processed 25000 samples → 24999 spectrograms (0 skipped) in 34971.3s
Processed 25250 samples → 25249 spectrograms (0 skipped) in 35483.6s
Processed 25500 samples → 25499 spectrograms (0 skipped) in 35991.9s
Processed 25750 samples → 25749 spectrograms (0 skipped) in 36550.5s
Processed 26000 samples → 25999 spectrograms (0 skipped) in 37134.5s
Processed 26250 samples → 26249 spectrograms (0 skipped) in 37661.1s
Processed 26500 samples → 26499 spectrograms (0 skipped) in 38191.1s
Processed 26750 samples → 26749 spectrograms (0 skipped) in 38760.9s
Processed 27000 samples → 26999 spectrograms (0 skipped) in 39343.5s
Processed 27250 samples → 27249 spectrograms (0 skipped) in 39868.2s
Processed 27500 samples → 27499 spectrograms (0 skipped) in 40383.0s
Processed 27750 samples → 27749 spectrograms (0 skipped) in 40898.2s
Processed 28000 samples → 27999 spectrograms (0 skipped) in 41412.0s
Processed 28250 samples → 28249 spectrograms (0 skipped) in 41993.5s
Processed 28500 samples → 28499 spectrograms (0 skipped) in 42611.4s
Processed 28750 samples → 28749 spectrograms (0 skipped) in 43275.7s
Processed 29000 samples → 28999 spectrograms (0 skipped) in 43944.5s
Processed 29250 samples → 29249 spectrograms (0 skipped) in 44654.2s
Processed 29500 samples → 29499 spectrograms (0 skipped) in 45345.4s
Processed 29750 samples → 29749 spectrograms (0 skipped) in 46030.3s
Processed 30000 samples → 29999 spectrograms (0 skipped) in 46688.7s
Processed 30250 samples → 30249 spectrograms (0 skipped) in 47359.0s
Processed 30500 samples → 30499 spectrograms (0 skipped) in 48036.4s
Processed 30750 samples → 30749 spectrograms (0 skipped) in 48734.6s
Processed 31000 samples → 30999 spectrograms (0 skipped) in 49436.6s
Processed 31250 samples → 31249 spectrograms (0 skipped) in 50143.9s
Processed 31500 samples → 31499 spectrograms (0 skipped) in 50918.2s
Processed 31750 samples → 31749 spectrograms (0 skipped) in 51609.4s
Processed 32000 samples → 31999 spectrograms (0 skipped) in 52245.6s
Processed 32250 samples → 32249 spectrograms (0 skipped) in 52842.9s
Processed 32500 samples → 32499 spectrograms (0 skipped) in 53410.0s
Processed 32750 samples → 32749 spectrograms (0 skipped) in 53987.5s
Processed 33000 samples → 32999 spectrograms (0 skipped) in 54539.9s
Processed 33250 samples → 33249 spectrograms (0 skipped) in 55165.0s
Processed 33500 samples → 33499 spectrograms (0 skipped) in 55774.2s
Processed 33750 samples → 33749 spectrograms (0 skipped) in 56388.1s
Processed 34000 samples → 33999 spectrograms (0 skipped) in 56973.6s
Processed 34250 samples → 34249 spectrograms (0 skipped) in 57557.5s
Processed 34500 samples → 34499 spectrograms (0 skipped) in 58175.9s
Processed 34750 samples → 34749 spectrograms (0 skipped) in 58812.4s
Processed 35000 samples → 34999 spectrograms (0 skipped) in 59452.5s
Processed 35250 samples → 35249 spectrograms (0 skipped) in 60076.0s
Processed 35500 samples → 35499 spectrograms (0 skipped) in 60703.4s
Processed 35750 samples → 35749 spectrograms (0 skipped) in 61341.8s
Processed 36000 samples → 35999 spectrograms (0 skipped) in 61937.0s
Processed 36250 samples → 36249 spectrograms (0 skipped) in 62575.3s
Processed 36500 samples → 36499 spectrograms (0 skipped) in 63220.4s
Processed 36750 samples → 36749 spectrograms (0 skipped) in 63854.2s
Processed 37000 samples → 36999 spectrograms (0 skipped) in 64515.9s
Processed 37250 samples → 37249 spectrograms (0 skipped) in 65161.5s
Processed 37500 samples → 37499 spectrograms (0 skipped) in 65823.3s
Processed 37750 samples → 37749 spectrograms (0 skipped) in 66533.5s
Processed 38000 samples → 37999 spectrograms (0 skipped) in 67192.1s
Processed 38250 samples → 38249 spectrograms (0 skipped) in 67846.4s
Processed 38500 samples → 38499 spectrograms (0 skipped) in 68487.3s
Processed 38750 samples → 38749 spectrograms (0 skipped) in 69131.0s
Processed 39000 samples → 38999 spectrograms (0 skipped) in 69788.1s
Processed 39250 samples → 39249 spectrograms (0 skipped) in 70447.8s
Processed 39500 samples → 39499 spectrograms (0 skipped) in 71187.7s
Processed 39750 samples → 39749 spectrograms (0 skipped) in 71914.5s
Processed 40000 samples → 39999 spectrograms (0 skipped) in 72653.2s
Processed 40250 samples → 40249 spectrograms (0 skipped) in 73328.6s
Processed 40500 samples → 40499 spectrograms (0 skipped) in 74022.6s
Processed 40750 samples → 40749 spectrograms (0 skipped) in 74710.6s
Processed 41000 samples → 40999 spectrograms (0 skipped) in 75425.3s
Processed 41250 samples → 41249 spectrograms (0 skipped) in 76127.5s
Processed 41500 samples → 41499 spectrograms (0 skipped) in 76835.5s
Processed 41750 samples → 41749 spectrograms (0 skipped) in 77518.5s
Processed 42000 samples → 41999 spectrograms (0 skipped) in 78213.5s
Processed 42250 samples → 42249 spectrograms (0 skipped) in 78890.7s
Processed 42500 samples → 42499 spectrograms (0 skipped) in 79647.9s
Processed 42750 samples → 42749 spectrograms (0 skipped) in 80392.7s
Processed 43000 samples → 42999 spectrograms (0 skipped) in 81135.1s
Processed 43250 samples → 43249 spectrograms (0 skipped) in 81831.9s
Processed 43500 samples → 43499 spectrograms (0 skipped) in 82595.6s
Processed 43750 samples → 43749 spectrograms (0 skipped) in 83315.1s
Processed 44000 samples → 43999 spectrograms (0 skipped) in 84025.1s
Processed 44250 samples → 44249 spectrograms (0 skipped) in 84733.6s
Processed 44500 samples → 44499 spectrograms (0 skipped) in 85433.7s
Processed 44750 samples → 44749 spectrograms (0 skipped) in 86159.6s
Processed 45000 samples → 44999 spectrograms (0 skipped) in 86886.0s
Processed 45250 samples → 45249 spectrograms (0 skipped) in 87593.2s
Processed 45500 samples → 45499 spectrograms (0 skipped) in 88334.3s
Processed 45750 samples → 45749 spectrograms (0 skipped) in 89061.8s
Processed 46000 samples → 45999 spectrograms (0 skipped) in 89812.9s
Processed 46250 samples → 46249 spectrograms (0 skipped) in 90554.0s
Processed 46500 samples → 46499 spectrograms (0 skipped) in 91307.3s
Processed 46750 samples → 46749 spectrograms (0 skipped) in 92056.9s
Processed 47000 samples → 46999 spectrograms (0 skipped) in 92839.7s
Processed 47250 samples → 47249 spectrograms (0 skipped) in 93593.1s
Processed 47500 samples → 47499 spectrograms (0 skipped) in 94341.0s
Processed 47750 samples → 47749 spectrograms (0 skipped) in 95111.2s
Processed 48000 samples → 47999 spectrograms (0 skipped) in 95881.7s
Processed 48250 samples → 48249 spectrograms (0 skipped) in 96620.1s
Processed 48500 samples → 48499 spectrograms (0 skipped) in 97376.7s
Processed 48750 samples → 48749 spectrograms (0 skipped) in 98145.3s
Processed 49000 samples → 48999 spectrograms (0 skipped) in 98891.6s
Processed 49250 samples → 49249 spectrograms (0 skipped) in 99662.2s
Processed 49500 samples → 49499 spectrograms (0 skipped) in 100441.1s
Processed 49750 samples → 49749 spectrograms (0 skipped) in 101238.7s
Processed 50000 samples → 49999 spectrograms (0 skipped) in 102090.9s
Processed 50250 samples → 50249 spectrograms (0 skipped) in 102909.2s
Processed 50500 samples → 50499 spectrograms (0 skipped) in 103716.4s
Processed 50750 samples → 50749 spectrograms (0 skipped) in 104581.5s
Processed 51000 samples → 50999 spectrograms (0 skipped) in 105424.9s
Processed 51250 samples → 51249 spectrograms (0 skipped) in 106244.4s
Processed 51500 samples → 51499 spectrograms (0 skipped) in 107053.9s
Processed 51750 samples → 51749 spectrograms (0 skipped) in 107850.1s
Processed 52000 samples → 51999 spectrograms (0 skipped) in 108660.1s
Processed 52250 samples → 52249 spectrograms (0 skipped) in 109477.0s
Processed 52500 samples → 52499 spectrograms (0 skipped) in 110301.3s
Processed 52750 samples → 52749 spectrograms (0 skipped) in 111129.4s
Processed 53000 samples → 52999 spectrograms (0 skipped) in 111963.8s
Processed 53250 samples → 53249 spectrograms (0 skipped) in 112860.7s
Processed 53500 samples → 53499 spectrograms (0 skipped) in 113712.4s
Processed 53750 samples → 53749 spectrograms (0 skipped) in 114573.3s
Processed 54000 samples → 53999 spectrograms (0 skipped) in 115433.3s
Processed 54250 samples → 54249 spectrograms (0 skipped) in 116285.5s
Processed 54500 samples → 54499 spectrograms (0 skipped) in 117134.8s
Processed 54750 samples → 54749 spectrograms (0 skipped) in 117982.0s
Processed 55000 samples → 54999 spectrograms (0 skipped) in 118838.7s
Processed 55250 samples → 55249 spectrograms (0 skipped) in 119720.9s
Processed 55500 samples → 55499 spectrograms (0 skipped) in 120650.4s
Processed 55750 samples → 55749 spectrograms (0 skipped) in 121609.1s
Processed 56000 samples → 55999 spectrograms (0 skipped) in 122527.8s
Processed 56250 samples → 56249 spectrograms (0 skipped) in 123400.0s
Processed 56500 samples → 56499 spectrograms (0 skipped) in 124362.5s
Processed 56750 samples → 56749 spectrograms (0 skipped) in 125298.4s
Processed 57000 samples → 56999 spectrograms (0 skipped) in 126214.4s
Processed 57250 samples → 57249 spectrograms (0 skipped) in 127113.6s
Processed 57500 samples → 57499 spectrograms (0 skipped) in 128061.5s
Processed 57750 samples → 57749 spectrograms (0 skipped) in 128989.1s
Processed 58000 samples → 57999 spectrograms (0 skipped) in 129955.6s
Processed 58250 samples → 58249 spectrograms (0 skipped) in 130880.8s
Processed 58500 samples → 58499 spectrograms (0 skipped) in 131863.0s
Processed 58750 samples → 58749 spectrograms (0 skipped) in 132824.7s
Processed 59000 samples → 58999 spectrograms (0 skipped) in 133764.6s
Processed 59250 samples → 59249 spectrograms (0 skipped) in 134720.3s
Processed 59500 samples → 59499 spectrograms (0 skipped) in 135732.9s
Processed 59750 samples → 59749 spectrograms (0 skipped) in 136754.7s
Processed 60000 samples → 59999 spectrograms (0 skipped) in 137732.1s
Processed 60250 samples → 60249 spectrograms (0 skipped) in 138719.5s
Processed 60500 samples → 60499 spectrograms (0 skipped) in 139723.7s
Processed 60750 samples → 60749 spectrograms (0 skipped) in 140715.8s
Processed 61000 samples → 60999 spectrograms (0 skipped) in 141713.4s
Processed 61250 samples → 61249 spectrograms (0 skipped) in 142728.0s
Processed 61500 samples → 61499 spectrograms (0 skipped) in 143738.3s
Processed 61750 samples → 61749 spectrograms (0 skipped) in 144752.4s
Processed 62000 samples → 61999 spectrograms (0 skipped) in 145776.1s
Processed 62250 samples → 62249 spectrograms (0 skipped) in 146797.3s
Processed 62500 samples → 62499 spectrograms (0 skipped) in 147824.6s
Processed 62750 samples → 62749 spectrograms (0 skipped) in 148832.5s
Processed 63000 samples → 62999 spectrograms (0 skipped) in 149883.6s
Processed 63250 samples → 63249 spectrograms (0 skipped) in 150970.6s
Processed 63500 samples → 63499 spectrograms (0 skipped) in 151963.2s
Processed 63750 samples → 63749 spectrograms (0 skipped) in 152961.6s
Processed 64000 samples → 63999 spectrograms (0 skipped) in 153998.1s
Processed 64250 samples → 64249 spectrograms (0 skipped) in 155021.4s
Processed 64500 samples → 64499 spectrograms (0 skipped) in 156056.9s
Processed 64750 samples → 64749 spectrograms (0 skipped) in 157093.6s
Processed 65000 samples → 64999 spectrograms (0 skipped) in 158174.9s
Processed 65250 samples → 65249 spectrograms (0 skipped) in 159215.9s
Processed 65500 samples → 65499 spectrograms (0 skipped) in 160313.6s
Processed 65750 samples → 65749 spectrograms (0 skipped) in 161384.7s
Processed 66000 samples → 65999 spectrograms (0 skipped) in 162455.7s
Processed 66250 samples → 66249 spectrograms (0 skipped) in 163502.9s
Processed 66500 samples → 66499 spectrograms (0 skipped) in 164584.2s
Processed 66750 samples → 66749 spectrograms (0 skipped) in 165691.3s
Processed 67000 samples → 66999 spectrograms (0 skipped) in 166847.7s
Processed 67250 samples → 67249 spectrograms (0 skipped) in 167931.3s
Processed 67500 samples → 67499 spectrograms (0 skipped) in 169046.4s
Processed 67750 samples → 67749 spectrograms (0 skipped) in 170146.4s
Processed 68000 samples → 67999 spectrograms (0 skipped) in 171271.3s
Processed 68250 samples → 68249 spectrograms (0 skipped) in 172379.8s
Processed 68500 samples → 68499 spectrograms (0 skipped) in 173494.5s
Processed 68750 samples → 68749 spectrograms (0 skipped) in 174626.8s
Processed 69000 samples → 68999 spectrograms (0 skipped) in 175720.2s
Processed 69250 samples → 69249 spectrograms (0 skipped) in 176807.4s
Processed 69500 samples → 69499 spectrograms (0 skipped) in 177972.3s
Processed 69750 samples → 69749 spectrograms (0 skipped) in 179112.7s
Processed 70000 samples → 69999 spectrograms (0 skipped) in 180220.7s
Processed 70250 samples → 70249 spectrograms (0 skipped) in 181353.6s
Processed 70500 samples → 70499 spectrograms (0 skipped) in 182473.9s
Processed 70750 samples → 70749 spectrograms (0 skipped) in 183580.7s
Processed 71000 samples → 70999 spectrograms (0 skipped) in 184747.6s
Processed 71250 samples → 71249 spectrograms (0 skipped) in 185923.0s
Processed 71500 samples → 71499 spectrograms (0 skipped) in 187134.0s
Processed 71750 samples → 71749 spectrograms (0 skipped) in 188284.4s
Processed 72000 samples → 71999 spectrograms (0 skipped) in 189438.7s
Processed 72250 samples → 72249 spectrograms (0 skipped) in 190598.9s
Processed 72500 samples → 72499 spectrograms (0 skipped) in 191809.4s
Processed 72750 samples → 72749 spectrograms (0 skipped) in 192979.5s
Processed 73000 samples → 72999 spectrograms (0 skipped) in 194149.5s
Processed 73250 samples → 73249 spectrograms (0 skipped) in 195303.5s
Processed 73500 samples → 73499 spectrograms (0 skipped) in 196493.4s
Processed 73750 samples → 73749 spectrograms (0 skipped) in 197660.6s
Processed 74000 samples → 73999 spectrograms (0 skipped) in 198842.0s
Processed 74250 samples → 74249 spectrograms (0 skipped) in 200014.9s
Processed 74500 samples → 74499 spectrograms (0 skipped) in 201164.5s
Processed 74750 samples → 74749 spectrograms (0 skipped) in 202432.5s
Processed 75000 samples → 74999 spectrograms (0 skipped) in 203653.5s
Processed 75250 samples → 75249 spectrograms (0 skipped) in 204900.5s
Processed 75500 samples → 75499 spectrograms (0 skipped) in 206091.1s
Processed 75750 samples → 75749 spectrograms (0 skipped) in 207286.4s
Processed 76000 samples → 75999 spectrograms (0 skipped) in 208532.4s
Processed 76250 samples → 76249 spectrograms (0 skipped) in 209758.0s
Processed 76500 samples → 76499 spectrograms (0 skipped) in 210983.7s
Processed 76750 samples → 76749 spectrograms (0 skipped) in 212231.9s
Processed 77000 samples → 76999 spectrograms (0 skipped) in 213481.1s
Processed 77250 samples → 77249 spectrograms (0 skipped) in 214753.9s
Processed 77500 samples → 77499 spectrograms (0 skipped) in 216015.1s
Processed 77750 samples → 77749 spectrograms (0 skipped) in 217236.8s
Processed 78000 samples → 77999 spectrograms (0 skipped) in 218467.1s
Processed 78250 samples → 78249 spectrograms (0 skipped) in 219677.8s
Processed 78500 samples → 78499 spectrograms (0 skipped) in 220892.0s
Processed 78750 samples → 78749 spectrograms (0 skipped) in 222102.5s
Processed 79000 samples → 78999 spectrograms (0 skipped) in 223315.9s
Processed 79250 samples → 79249 spectrograms (0 skipped) in 224543.2s
Processed 79500 samples → 79499 spectrograms (0 skipped) in 225780.8s
Processed 79750 samples → 79749 spectrograms (0 skipped) in 227031.8s
Processed 80000 samples → 79999 spectrograms (0 skipped) in 228266.4s
Processed 80250 samples → 80249 spectrograms (0 skipped) in 229517.6s
Processed 80500 samples → 80499 spectrograms (0 skipped) in 230777.8s
Processed 80750 samples → 80749 spectrograms (0 skipped) in 232014.2s
Processed 81000 samples → 80999 spectrograms (0 skipped) in 233277.1s
Processed 81250 samples → 81249 spectrograms (0 skipped) in 234556.1s
Processed 81500 samples → 81499 spectrograms (0 skipped) in 235838.2s
Processed 81750 samples → 81749 spectrograms (0 skipped) in 237070.7s
Processed 82000 samples → 81999 spectrograms (0 skipped) in 238349.4s
Processed 82250 samples → 82249 spectrograms (0 skipped) in 239612.1s
Processed 82500 samples → 82499 spectrograms (0 skipped) in 240895.9s
Processed 82750 samples → 82749 spectrograms (0 skipped) in 242182.8s
Processed 83000 samples → 82999 spectrograms (0 skipped) in 243461.4s
Processed 83250 samples → 83249 spectrograms (0 skipped) in 244767.1s
Processed 83500 samples → 83499 spectrograms (0 skipped) in 246084.4s
Processed 83750 samples → 83749 spectrograms (0 skipped) in 247375.1s
Processed 84000 samples → 83999 spectrograms (0 skipped) in 248643.2s
Processed 84250 samples → 84249 spectrograms (0 skipped) in 250021.2s
Processed 84500 samples → 84499 spectrograms (0 skipped) in 251359.0s
Processed 84750 samples → 84749 spectrograms (0 skipped) in 252684.9s
Processed 85000 samples → 84999 spectrograms (0 skipped) in 254012.3s
Processed 85250 samples → 85249 spectrograms (0 skipped) in 255397.3s
Processed 85500 samples → 85499 spectrograms (0 skipped) in 256731.8s
Processed 85750 samples → 85749 spectrograms (0 skipped) in 258122.6s
Processed 86000 samples → 85999 spectrograms (0 skipped) in 259645.2s
Processed 86250 samples → 86249 spectrograms (0 skipped) in 261174.0s
Processed 86500 samples → 86499 spectrograms (0 skipped) in 262607.3s
Processed 86750 samples → 86749 spectrograms (0 skipped) in 264117.1s
Processed 87000 samples → 86999 spectrograms (0 skipped) in 265625.2s
Processed 87250 samples → 87249 spectrograms (0 skipped) in 266956.4s
Processed 87500 samples → 87499 spectrograms (0 skipped) in 268284.0s
Processed 87750 samples → 87749 spectrograms (0 skipped) in 269756.5s
Processed 88000 samples → 87999 spectrograms (0 skipped) in 271453.0s
Processed 88250 samples → 88249 spectrograms (0 skipped) in 272849.4s
Processed 88500 samples → 88499 spectrograms (0 skipped) in 274234.4s
Processed 88750 samples → 88749 spectrograms (0 skipped) in 275575.3s
Processed 89000 samples → 88999 spectrograms (0 skipped) in 276968.0s
Processed 89250 samples → 89249 spectrograms (0 skipped) in 278378.5s
Processed 89500 samples → 89499 spectrograms (0 skipped) in 279801.2s
Processed 89750 samples → 89749 spectrograms (0 skipped) in 281181.2s
BirdSet processing complete: 89795 spectrograms created, 0 skipped (examined 89795 samples) in 281428.6s
BirdSet processing completed.
Done. Specs under: /scratch/gardnerlab/georgev/specs
