Using device: cuda
Initialized new model
============================================================
MODEL PARAMETER COUNT
============================================================
Encoder parameters:    12,232,320
Decoder parameters:    970,016
Total parameters:      13,202,336
============================================================
Training from step 0 to 1000000
Step 0 (0.0%): Train Loss = 1.846472, Val Loss = 1.295519, Gnorm = 6.976364, Samples = 256, LR = 2.00e-04, Steps/sec = 0.00, Samples/sec = 0.0
Step 500 (0.1%): Train Loss = 0.604791, Val Loss = 0.563872, Gnorm = 0.941558, Samples = 128256, LR = 2.00e-04, Steps/sec = 1.13, Samples/sec = 289.1
Step 1000 (0.1%): Train Loss = 0.518181, Val Loss = 0.496180, Gnorm = 0.161196, Samples = 256256, LR = 2.00e-04, Steps/sec = 1.12, Samples/sec = 287.1
Step 1500 (0.2%): Train Loss = 0.468716, Val Loss = 0.476625, Gnorm = 0.323985, Samples = 384256, LR = 2.00e-04, Steps/sec = 1.09, Samples/sec = 279.5
Step 2000 (0.2%): Train Loss = 0.480382, Val Loss = 0.433947, Gnorm = 0.268590, Samples = 512256, LR = 2.00e-04, Steps/sec = 1.13, Samples/sec = 288.1
Step 2500 (0.3%): Train Loss = 0.467942, Val Loss = 0.467644, Gnorm = 0.290585, Samples = 640256, LR = 2.00e-04, Steps/sec = 1.09, Samples/sec = 280.0
Step 3000 (0.3%): Train Loss = 0.454649, Val Loss = 0.462932, Gnorm = 0.324102, Samples = 768256, LR = 2.00e-04, Steps/sec = 1.12, Samples/sec = 287.9
Step 3500 (0.4%): Train Loss = 0.450069, Val Loss = 0.446835, Gnorm = 0.187960, Samples = 896256, LR = 2.00e-04, Steps/sec = 1.12, Samples/sec = 287.9
Step 4000 (0.4%): Train Loss = 0.472116, Val Loss = 0.490890, Gnorm = 0.323697, Samples = 1024256, LR = 2.00e-04, Steps/sec = 1.10, Samples/sec = 280.7
Step 4500 (0.5%): Train Loss = 0.449420, Val Loss = 0.430785, Gnorm = 0.265280, Samples = 1152256, LR = 2.00e-04, Steps/sec = 1.13, Samples/sec = 288.0
Step 5000 (0.5%): Train Loss = 0.456406, Val Loss = 0.438651, Gnorm = 0.239854, Samples = 1280256, LR = 2.00e-04, Steps/sec = 1.10, Samples/sec = 280.4
Step 5500 (0.6%): Train Loss = 0.447357, Val Loss = 0.447916, Gnorm = 0.277408, Samples = 1408256, LR = 2.00e-04, Steps/sec = 1.13, Samples/sec = 289.8
Step 6000 (0.6%): Train Loss = 0.453288, Val Loss = 0.427817, Gnorm = 0.236126, Samples = 1536256, LR = 2.00e-04, Steps/sec = 1.10, Samples/sec = 281.3
Step 6500 (0.7%): Train Loss = 0.431203, Val Loss = 0.431875, Gnorm = 0.299442, Samples = 1664256, LR = 2.00e-04, Steps/sec = 1.13, Samples/sec = 289.0
Step 7000 (0.7%): Train Loss = 0.452587, Val Loss = 0.484793, Gnorm = 0.441246, Samples = 1792256, LR = 2.00e-04, Steps/sec = 1.13, Samples/sec = 289.3
Step 7500 (0.8%): Train Loss = 0.445796, Val Loss = 0.437518, Gnorm = 0.243397, Samples = 1920256, LR = 2.00e-04, Steps/sec = 1.10, Samples/sec = 280.9
Step 8000 (0.8%): Train Loss = 0.444459, Val Loss = 0.421952, Gnorm = 0.198007, Samples = 2048256, LR = 2.00e-04, Steps/sec = 1.12, Samples/sec = 287.1
Step 8500 (0.9%): Train Loss = 0.451645, Val Loss = 0.398403, Gnorm = 0.181751, Samples = 2176256, LR = 2.00e-04, Steps/sec = 1.09, Samples/sec = 278.5
Step 9000 (0.9%): Train Loss = 0.439220, Val Loss = 0.428746, Gnorm = 0.280238, Samples = 2304256, LR = 2.00e-04, Steps/sec = 1.12, Samples/sec = 287.2
Step 9500 (1.0%): Train Loss = 0.429287, Val Loss = 0.413562, Gnorm = 0.316981, Samples = 2432256, LR = 2.00e-04, Steps/sec = 1.09, Samples/sec = 278.7
Step 10000 (1.0%): Train Loss = 0.434160, Val Loss = 0.442939, Gnorm = 0.223430, Samples = 2560256, LR = 2.00e-04, Steps/sec = 1.13, Samples/sec = 288.1
Step 10500 (1.1%): Train Loss = 0.444948, Val Loss = 0.397780, Gnorm = 0.175359, Samples = 2688256, LR = 2.00e-04, Steps/sec = 1.12, Samples/sec = 287.0
Step 11000 (1.1%): Train Loss = 0.423476, Val Loss = 0.409079, Gnorm = 0.204608, Samples = 2816256, LR = 2.00e-04, Steps/sec = 1.09, Samples/sec = 280.1
Step 11500 (1.2%): Train Loss = 0.425005, Val Loss = 0.417068, Gnorm = 0.313835, Samples = 2944256, LR = 2.00e-04, Steps/sec = 1.12, Samples/sec = 287.8
Step 12000 (1.2%): Train Loss = 0.442541, Val Loss = 0.468179, Gnorm = 0.151337, Samples = 3072256, LR = 2.00e-04, Steps/sec = 1.09, Samples/sec = 278.8
Step 12500 (1.3%): Train Loss = 0.429337, Val Loss = 0.422453, Gnorm = 0.194082, Samples = 3200256, LR = 2.00e-04, Steps/sec = 1.13, Samples/sec = 288.1
Step 13000 (1.3%): Train Loss = 0.431956, Val Loss = 0.424584, Gnorm = 0.300827, Samples = 3328256, LR = 2.00e-04, Steps/sec = 1.09, Samples/sec = 278.5
Step 13500 (1.4%): Train Loss = 0.428518, Val Loss = 0.454909, Gnorm = 0.243901, Samples = 3456256, LR = 2.00e-04, Steps/sec = 1.13, Samples/sec = 288.2
Step 14000 (1.4%): Train Loss = 0.448239, Val Loss = 0.398789, Gnorm = 0.209000, Samples = 3584256, LR = 2.00e-04, Steps/sec = 1.12, Samples/sec = 287.3
Step 14500 (1.5%): Train Loss = 0.422332, Val Loss = 0.421789, Gnorm = 0.168266, Samples = 3712256, LR = 2.00e-04, Steps/sec = 1.09, Samples/sec = 279.9
Step 15000 (1.5%): Train Loss = 0.418746, Val Loss = 0.407982, Gnorm = 0.157850, Samples = 3840256, LR = 2.00e-04, Steps/sec = 1.12, Samples/sec = 287.9
Step 15500 (1.6%): Train Loss = 0.423329, Val Loss = 0.404048, Gnorm = 0.210041, Samples = 3968256, LR = 2.00e-04, Steps/sec = 1.10, Samples/sec = 280.4
Step 16000 (1.6%): Train Loss = 0.425333, Val Loss = 0.447946, Gnorm = 0.338928, Samples = 4096256, LR = 2.00e-04, Steps/sec = 1.13, Samples/sec = 288.2
Step 16500 (1.7%): Train Loss = 0.434700, Val Loss = 0.414056, Gnorm = 0.220102, Samples = 4224256, LR = 2.00e-04, Steps/sec = 1.10, Samples/sec = 280.4
Step 17000 (1.7%): Train Loss = 0.423606, Val Loss = 0.413893, Gnorm = 0.189036, Samples = 4352256, LR = 2.00e-04, Steps/sec = 1.13, Samples/sec = 288.8
Step 17500 (1.8%): Train Loss = 0.433201, Val Loss = 0.387419, Gnorm = 0.190765, Samples = 4480256, LR = 2.00e-04, Steps/sec = 1.13, Samples/sec = 288.1
Step 18000 (1.8%): Train Loss = 0.432060, Val Loss = 0.461139, Gnorm = 0.191992, Samples = 4608256, LR = 2.00e-04, Steps/sec = 1.09, Samples/sec = 279.2
Step 18500 (1.9%): Train Loss = 0.427898, Val Loss = 0.402242, Gnorm = 0.212326, Samples = 4736256, LR = 2.00e-04, Steps/sec = 1.13, Samples/sec = 288.4
Step 19000 (1.9%): Train Loss = 0.399813, Val Loss = 0.420930, Gnorm = 0.244708, Samples = 4864256, LR = 2.00e-04, Steps/sec = 1.09, Samples/sec = 279.6
Step 19500 (2.0%): Train Loss = 0.425324, Val Loss = 0.410568, Gnorm = 0.145755, Samples = 4992256, LR = 2.00e-04, Steps/sec = 1.12, Samples/sec = 287.9
Step 20000 (2.0%): Train Loss = 0.427480, Val Loss = 0.373735, Gnorm = 0.158680, Samples = 5120256, LR = 2.00e-04, Steps/sec = 1.12, Samples/sec = 287.4
Step 20500 (2.1%): Train Loss = 0.414767, Val Loss = 0.394662, Gnorm = 0.134442, Samples = 5248256, LR = 2.00e-04, Steps/sec = 1.09, Samples/sec = 279.4
Step 21000 (2.1%): Train Loss = 0.418074, Val Loss = 0.409564, Gnorm = 0.219610, Samples = 5376256, LR = 2.00e-04, Steps/sec = 1.12, Samples/sec = 287.7
Step 21500 (2.2%): Train Loss = 0.415558, Val Loss = 0.377849, Gnorm = 0.171923, Samples = 5504256, LR = 2.00e-04, Steps/sec = 1.09, Samples/sec = 279.8
Step 22000 (2.2%): Train Loss = 0.416540, Val Loss = 0.363355, Gnorm = 0.152678, Samples = 5632256, LR = 2.00e-04, Steps/sec = 1.13, Samples/sec = 288.6
Step 22500 (2.3%): Train Loss = 0.420088, Val Loss = 0.405449, Gnorm = 0.159399, Samples = 5760256, LR = 2.00e-04, Steps/sec = 1.09, Samples/sec = 279.7
Step 23000 (2.3%): Train Loss = 0.409184, Val Loss = 0.406079, Gnorm = 0.218314, Samples = 5888256, LR = 2.00e-04, Steps/sec = 1.12, Samples/sec = 287.7
Step 23500 (2.4%): Train Loss = 0.423053, Val Loss = 0.397568, Gnorm = 0.202726, Samples = 6016256, LR = 2.00e-04, Steps/sec = 1.12, Samples/sec = 287.4
Step 24000 (2.4%): Train Loss = 0.408661, Val Loss = 0.369970, Gnorm = 0.159512, Samples = 6144256, LR = 2.00e-04, Steps/sec = 1.09, Samples/sec = 279.5
Step 24500 (2.5%): Train Loss = 0.409883, Val Loss = 0.426644, Gnorm = 0.177744, Samples = 6272256, LR = 2.00e-04, Steps/sec = 1.12, Samples/sec = 287.2
Step 25000 (2.5%): Train Loss = 0.413482, Val Loss = 0.411346, Gnorm = 0.155615, Samples = 6400256, LR = 2.00e-04, Steps/sec = 1.09, Samples/sec = 279.0
Step 25500 (2.6%): Train Loss = 0.422441, Val Loss = 0.406445, Gnorm = 0.143227, Samples = 6528256, LR = 2.00e-04, Steps/sec = 1.12, Samples/sec = 287.7
Step 26000 (2.6%): Train Loss = 0.401048, Val Loss = 0.369210, Gnorm = 0.194048, Samples = 6656256, LR = 2.00e-04, Steps/sec = 1.09, Samples/sec = 278.6
Step 26500 (2.7%): Train Loss = 0.403414, Val Loss = 0.415720, Gnorm = 0.160874, Samples = 6784256, LR = 2.00e-04, Steps/sec = 1.12, Samples/sec = 287.5
Step 27000 (2.7%): Train Loss = 0.408183, Val Loss = 0.473875, Gnorm = 0.155978, Samples = 6912256, LR = 2.00e-04, Steps/sec = 1.12, Samples/sec = 287.7
Step 27500 (2.8%): Train Loss = 0.412801, Val Loss = 0.406541, Gnorm = 0.172532, Samples = 7040256, LR = 2.00e-04, Steps/sec = 1.09, Samples/sec = 279.1
Step 28000 (2.8%): Train Loss = 0.401340, Val Loss = 0.403771, Gnorm = 0.160222, Samples = 7168256, LR = 2.00e-04, Steps/sec = 1.12, Samples/sec = 288.0
Step 28500 (2.9%): Train Loss = 0.399261, Val Loss = 0.401496, Gnorm = 0.256212, Samples = 7296256, LR = 2.00e-04, Steps/sec = 1.09, Samples/sec = 280.1
Step 29000 (2.9%): Train Loss = 0.422032, Val Loss = 0.403806, Gnorm = 0.210208, Samples = 7424256, LR = 2.00e-04, Steps/sec = 1.12, Samples/sec = 287.8
Step 29500 (3.0%): Train Loss = 0.392969, Val Loss = 0.420379, Gnorm = 0.208905, Samples = 7552256, LR = 2.00e-04, Steps/sec = 1.09, Samples/sec = 279.6
Step 30000 (3.0%): Train Loss = 0.415848, Val Loss = 0.388395, Gnorm = 0.152720, Samples = 7680256, LR = 2.00e-04, Steps/sec = 1.13, Samples/sec = 288.2
Step 30500 (3.1%): Train Loss = 0.403203, Val Loss = 0.401396, Gnorm = 0.217885, Samples = 7808256, LR = 2.00e-04, Steps/sec = 1.12, Samples/sec = 287.6
Step 31000 (3.1%): Train Loss = 0.407632, Val Loss = 0.421448, Gnorm = 0.144042, Samples = 7936256, LR = 2.00e-04, Steps/sec = 1.09, Samples/sec = 279.8
Step 31500 (3.2%): Train Loss = 0.409497, Val Loss = 0.387842, Gnorm = 0.186940, Samples = 8064256, LR = 2.00e-04, Steps/sec = 1.13, Samples/sec = 288.3
Step 32000 (3.2%): Train Loss = 0.405565, Val Loss = 0.425786, Gnorm = 0.211193, Samples = 8192256, LR = 1.99e-04, Steps/sec = 1.09, Samples/sec = 279.4
Step 32500 (3.3%): Train Loss = 0.407567, Val Loss = 0.393629, Gnorm = 0.167836, Samples = 8320256, LR = 1.99e-04, Steps/sec = 1.12, Samples/sec = 288.0
Step 33000 (3.3%): Train Loss = 0.398006, Val Loss = 0.398170, Gnorm = 0.168162, Samples = 8448256, LR = 1.99e-04, Steps/sec = 1.09, Samples/sec = 278.5
Step 33500 (3.4%): Train Loss = 0.400976, Val Loss = 0.408959, Gnorm = 0.208910, Samples = 8576256, LR = 1.99e-04, Steps/sec = 1.13, Samples/sec = 288.5
Step 34000 (3.4%): Train Loss = 0.403937, Val Loss = 0.382155, Gnorm = 0.208441, Samples = 8704256, LR = 1.99e-04, Steps/sec = 1.12, Samples/sec = 288.0
Step 34500 (3.5%): Train Loss = 0.406375, Val Loss = 0.409740, Gnorm = 0.200990, Samples = 8832256, LR = 1.99e-04, Steps/sec = 1.09, Samples/sec = 279.6
Step 35000 (3.5%): Train Loss = 0.416853, Val Loss = 0.399003, Gnorm = 0.181782, Samples = 8960256, LR = 1.99e-04, Steps/sec = 1.13, Samples/sec = 288.5
Step 35500 (3.6%): Train Loss = 0.401630, Val Loss = 0.408905, Gnorm = 0.149476, Samples = 9088256, LR = 1.99e-04, Steps/sec = 1.09, Samples/sec = 279.5
Step 36000 (3.6%): Train Loss = 0.389984, Val Loss = 0.394703, Gnorm = 0.197242, Samples = 9216256, LR = 1.99e-04, Steps/sec = 1.12, Samples/sec = 287.3
Step 36500 (3.7%): Train Loss = 0.408426, Val Loss = 0.403768, Gnorm = 0.159353, Samples = 9344256, LR = 1.99e-04, Steps/sec = 1.13, Samples/sec = 288.3
Step 37000 (3.7%): Train Loss = 0.409680, Val Loss = 0.395137, Gnorm = 0.205493, Samples = 9472256, LR = 1.99e-04, Steps/sec = 1.09, Samples/sec = 279.7
Step 37500 (3.8%): Train Loss = 0.405201, Val Loss = 0.391047, Gnorm = 0.234846, Samples = 9600256, LR = 1.99e-04, Steps/sec = 1.12, Samples/sec = 287.8
Step 38000 (3.8%): Train Loss = 0.388501, Val Loss = 0.398396, Gnorm = 0.205921, Samples = 9728256, LR = 1.99e-04, Steps/sec = 1.09, Samples/sec = 279.9
Step 38500 (3.9%): Train Loss = 0.396525, Val Loss = 0.432200, Gnorm = 0.247238, Samples = 9856256, LR = 1.99e-04, Steps/sec = 1.12, Samples/sec = 287.1
Step 39000 (3.9%): Train Loss = 0.400818, Val Loss = 0.426908, Gnorm = 0.133081, Samples = 9984256, LR = 1.99e-04, Steps/sec = 1.09, Samples/sec = 278.8
Step 39500 (4.0%): Train Loss = 0.396412, Val Loss = 0.434381, Gnorm = 0.246981, Samples = 10112256, LR = 1.99e-04, Steps/sec = 1.12, Samples/sec = 287.3
Step 40000 (4.0%): Train Loss = 0.400338, Val Loss = 0.418685, Gnorm = 0.183097, Samples = 10240256, LR = 1.99e-04, Steps/sec = 1.13, Samples/sec = 288.2
Step 40500 (4.1%): Train Loss = 0.409460, Val Loss = 0.386568, Gnorm = 0.244076, Samples = 10368256, LR = 1.99e-04, Steps/sec = 1.09, Samples/sec = 280.0
Step 41000 (4.1%): Train Loss = 0.397947, Val Loss = 0.399573, Gnorm = 0.231890, Samples = 10496256, LR = 1.99e-04, Steps/sec = 1.12, Samples/sec = 287.6
Step 41500 (4.2%): Train Loss = 0.402918, Val Loss = 0.396859, Gnorm = 0.229985, Samples = 10624256, LR = 1.99e-04, Steps/sec = 1.10, Samples/sec = 280.6
Step 42000 (4.2%): Train Loss = 0.396052, Val Loss = 0.425428, Gnorm = 0.264751, Samples = 10752256, LR = 1.99e-04, Steps/sec = 1.12, Samples/sec = 287.2
Step 42500 (4.3%): Train Loss = 0.383863, Val Loss = 0.382797, Gnorm = 0.213788, Samples = 10880256, LR = 1.99e-04, Steps/sec = 1.09, Samples/sec = 278.8
Step 43000 (4.3%): Train Loss = 0.403833, Val Loss = 0.429821, Gnorm = 0.276730, Samples = 11008256, LR = 1.99e-04, Steps/sec = 1.12, Samples/sec = 287.7
Step 43500 (4.4%): Train Loss = 0.403506, Val Loss = 0.397184, Gnorm = 0.230308, Samples = 11136256, LR = 1.99e-04, Steps/sec = 1.12, Samples/sec = 286.6
Step 44000 (4.4%): Train Loss = 0.403461, Val Loss = 0.382630, Gnorm = 0.217721, Samples = 11264256, LR = 1.99e-04, Steps/sec = 1.09, Samples/sec = 278.3
Step 44500 (4.5%): Train Loss = 0.413356, Val Loss = 0.386583, Gnorm = 0.201242, Samples = 11392256, LR = 1.99e-04, Steps/sec = 1.12, Samples/sec = 287.6
Step 45000 (4.5%): Train Loss = 0.406533, Val Loss = 0.397407, Gnorm = 0.187401, Samples = 11520256, LR = 1.99e-04, Steps/sec = 1.09, Samples/sec = 279.6
Step 45500 (4.6%): Train Loss = 0.390650, Val Loss = 0.389610, Gnorm = 0.235225, Samples = 11648256, LR = 1.99e-04, Steps/sec = 1.12, Samples/sec = 287.3
Step 46000 (4.6%): Train Loss = 0.394296, Val Loss = 0.366939, Gnorm = 0.164620, Samples = 11776256, LR = 1.99e-04, Steps/sec = 1.09, Samples/sec = 278.9
Step 46500 (4.7%): Train Loss = 0.406517, Val Loss = 0.398591, Gnorm = 0.222735, Samples = 11904256, LR = 1.99e-04, Steps/sec = 1.12, Samples/sec = 287.3
Step 47000 (4.7%): Train Loss = 0.381852, Val Loss = 0.388212, Gnorm = 0.309277, Samples = 12032256, LR = 1.99e-04, Steps/sec = 1.12, Samples/sec = 287.8
Step 47500 (4.8%): Train Loss = 0.403577, Val Loss = 0.385609, Gnorm = 0.174808, Samples = 12160256, LR = 1.99e-04, Steps/sec = 1.09, Samples/sec = 279.4
Step 48000 (4.8%): Train Loss = 0.404958, Val Loss = 0.374566, Gnorm = 0.252121, Samples = 12288256, LR = 1.99e-04, Steps/sec = 1.13, Samples/sec = 288.1
Step 48500 (4.9%): Train Loss = 0.389634, Val Loss = 0.362440, Gnorm = 0.201239, Samples = 12416256, LR = 1.99e-04, Steps/sec = 1.09, Samples/sec = 280.0
Step 49000 (4.9%): Train Loss = 0.409206, Val Loss = 0.375050, Gnorm = 0.244469, Samples = 12544256, LR = 1.99e-04, Steps/sec = 1.13, Samples/sec = 288.1
Step 49500 (5.0%): Train Loss = 0.391067, Val Loss = 0.403941, Gnorm = 0.194057, Samples = 12672256, LR = 1.99e-04, Steps/sec = 1.09, Samples/sec = 280.1
Step 50000 (5.0%): Train Loss = 0.397078, Val Loss = 0.365823, Gnorm = 0.219072, Samples = 12800256, LR = 1.99e-04, Steps/sec = 1.12, Samples/sec = 287.8
Step 50500 (5.1%): Train Loss = 0.392977, Val Loss = 0.370493, Gnorm = 0.190833, Samples = 12928256, LR = 1.99e-04, Steps/sec = 1.13, Samples/sec = 288.6
Step 51000 (5.1%): Train Loss = 0.390942, Val Loss = 0.393574, Gnorm = 0.194616, Samples = 13056256, LR = 1.99e-04, Steps/sec = 1.09, Samples/sec = 279.6
Step 51500 (5.2%): Train Loss = 0.390144, Val Loss = 0.376345, Gnorm = 0.241379, Samples = 13184256, LR = 1.99e-04, Steps/sec = 1.12, Samples/sec = 287.9
Step 52000 (5.2%): Train Loss = 0.399305, Val Loss = 0.350475, Gnorm = 0.231679, Samples = 13312256, LR = 1.99e-04, Steps/sec = 1.09, Samples/sec = 280.2
Step 52500 (5.3%): Train Loss = 0.382146, Val Loss = 0.336702, Gnorm = 0.269627, Samples = 13440256, LR = 1.99e-04, Steps/sec = 1.12, Samples/sec = 287.3
Step 53000 (5.3%): Train Loss = 0.373727, Val Loss = 0.391607, Gnorm = 0.256641, Samples = 13568256, LR = 1.99e-04, Steps/sec = 1.13, Samples/sec = 288.0
Step 53500 (5.4%): Train Loss = 0.378838, Val Loss = 0.387045, Gnorm = 0.240771, Samples = 13696256, LR = 1.99e-04, Steps/sec = 1.09, Samples/sec = 279.1
Step 54000 (5.4%): Train Loss = 0.373114, Val Loss = 0.363207, Gnorm = 0.276891, Samples = 13824256, LR = 1.99e-04, Steps/sec = 1.12, Samples/sec = 287.9
Step 54500 (5.5%): Train Loss = 0.392629, Val Loss = 0.394995, Gnorm = 0.237910, Samples = 13952256, LR = 1.99e-04, Steps/sec = 1.10, Samples/sec = 280.8
Step 55000 (5.5%): Train Loss = 0.399806, Val Loss = 0.387575, Gnorm = 0.228561, Samples = 14080256, LR = 1.99e-04, Steps/sec = 1.13, Samples/sec = 288.8
Step 55500 (5.6%): Train Loss = 0.394262, Val Loss = 0.373819, Gnorm = 0.273705, Samples = 14208256, LR = 1.98e-04, Steps/sec = 1.09, Samples/sec = 279.9
Step 56000 (5.6%): Train Loss = 0.399729, Val Loss = 0.378182, Gnorm = 0.279817, Samples = 14336256, LR = 1.98e-04, Steps/sec = 1.12, Samples/sec = 288.0
Step 56500 (5.7%): Train Loss = 0.394343, Val Loss = 0.391575, Gnorm = 0.299846, Samples = 14464256, LR = 1.98e-04, Steps/sec = 1.12, Samples/sec = 287.7
Step 57000 (5.7%): Train Loss = 0.381904, Val Loss = 0.376181, Gnorm = 0.242455, Samples = 14592256, LR = 1.98e-04, Steps/sec = 1.09, Samples/sec = 279.4
Step 57500 (5.8%): Train Loss = 0.379925, Val Loss = 0.400254, Gnorm = 0.282276, Samples = 14720256, LR = 1.98e-04, Steps/sec = 1.12, Samples/sec = 287.5
Step 58000 (5.8%): Train Loss = 0.383591, Val Loss = 0.392206, Gnorm = 0.265577, Samples = 14848256, LR = 1.98e-04, Steps/sec = 1.09, Samples/sec = 279.2
Step 58500 (5.9%): Train Loss = 0.375357, Val Loss = 0.366483, Gnorm = 0.245262, Samples = 14976256, LR = 1.98e-04, Steps/sec = 1.13, Samples/sec = 288.1
Step 59000 (5.9%): Train Loss = 0.383512, Val Loss = 0.380456, Gnorm = 0.353944, Samples = 15104256, LR = 1.98e-04, Steps/sec = 1.09, Samples/sec = 280.0
Step 59500 (6.0%): Train Loss = 0.404956, Val Loss = 0.364824, Gnorm = 0.266546, Samples = 15232256, LR = 1.98e-04, Steps/sec = 1.13, Samples/sec = 288.3
Step 60000 (6.0%): Train Loss = 0.379541, Val Loss = 0.363324, Gnorm = 0.293397, Samples = 15360256, LR = 1.98e-04, Steps/sec = 1.13, Samples/sec = 289.1
Step 60500 (6.1%): Train Loss = 0.379705, Val Loss = 0.374965, Gnorm = 0.225728, Samples = 15488256, LR = 1.98e-04, Steps/sec = 1.09, Samples/sec = 279.8
Step 61000 (6.1%): Train Loss = 0.402479, Val Loss = 0.371844, Gnorm = 0.298734, Samples = 15616256, LR = 1.98e-04, Steps/sec = 1.13, Samples/sec = 288.2
Step 61500 (6.2%): Train Loss = 0.377481, Val Loss = 0.374720, Gnorm = 0.282990, Samples = 15744256, LR = 1.98e-04, Steps/sec = 1.09, Samples/sec = 279.7
Step 62000 (6.2%): Train Loss = 0.391045, Val Loss = 0.367033, Gnorm = 0.346528, Samples = 15872256, LR = 1.98e-04, Steps/sec = 1.12, Samples/sec = 288.0
Step 62500 (6.3%): Train Loss = 0.368571, Val Loss = 0.377430, Gnorm = 0.264859, Samples = 16000256, LR = 1.98e-04, Steps/sec = 1.09, Samples/sec = 279.2
Step 63000 (6.3%): Train Loss = 0.390962, Val Loss = 0.392362, Gnorm = 0.336088, Samples = 16128256, LR = 1.98e-04, Steps/sec = 1.13, Samples/sec = 289.1
Step 63500 (6.4%): Train Loss = 0.362908, Val Loss = 0.390488, Gnorm = 0.284009, Samples = 16256256, LR = 1.98e-04, Steps/sec = 1.13, Samples/sec = 288.9
Step 64000 (6.4%): Train Loss = 0.372814, Val Loss = 0.367137, Gnorm = 0.322222, Samples = 16384256, LR = 1.98e-04, Steps/sec = 1.09, Samples/sec = 278.6
Step 64500 (6.5%): Train Loss = 0.366776, Val Loss = 0.391011, Gnorm = 0.297949, Samples = 16512256, LR = 1.98e-04, Steps/sec = 1.13, Samples/sec = 288.3
Step 65000 (6.5%): Train Loss = 0.377369, Val Loss = 0.337793, Gnorm = 0.316802, Samples = 16640256, LR = 1.98e-04, Steps/sec = 1.09, Samples/sec = 279.9
Step 65500 (6.6%): Train Loss = 0.346466, Val Loss = 0.336727, Gnorm = 0.305384, Samples = 16768256, LR = 1.98e-04, Steps/sec = 1.12, Samples/sec = 287.9
Step 66000 (6.6%): Train Loss = 0.375561, Val Loss = 0.320169, Gnorm = 0.273584, Samples = 16896256, LR = 1.98e-04, Steps/sec = 1.09, Samples/sec = 279.8
Step 66500 (6.7%): Train Loss = 0.342566, Val Loss = 0.354201, Gnorm = 0.243457, Samples = 17024256, LR = 1.98e-04, Steps/sec = 1.12, Samples/sec = 287.7
Step 67000 (6.7%): Train Loss = 0.347785, Val Loss = 0.324301, Gnorm = 0.283879, Samples = 17152256, LR = 1.98e-04, Steps/sec = 1.12, Samples/sec = 287.7
Step 67500 (6.8%): Train Loss = 0.334910, Val Loss = 0.336748, Gnorm = 0.256273, Samples = 17280256, LR = 1.98e-04, Steps/sec = 1.09, Samples/sec = 280.3
Step 68000 (6.8%): Train Loss = 0.333141, Val Loss = 0.354740, Gnorm = 0.246830, Samples = 17408256, LR = 1.98e-04, Steps/sec = 1.12, Samples/sec = 287.9
Step 68500 (6.9%): Train Loss = 0.361786, Val Loss = 0.369486, Gnorm = 0.347346, Samples = 17536256, LR = 1.98e-04, Steps/sec = 1.09, Samples/sec = 279.9
Step 69000 (6.9%): Train Loss = 0.351219, Val Loss = 0.338991, Gnorm = 0.212198, Samples = 17664256, LR = 1.98e-04, Steps/sec = 1.12, Samples/sec = 287.6
Step 69500 (7.0%): Train Loss = 0.341309, Val Loss = 0.331868, Gnorm = 0.268499, Samples = 17792256, LR = 1.98e-04, Steps/sec = 1.09, Samples/sec = 279.3
Step 70000 (7.0%): Train Loss = 0.359437, Val Loss = 0.355411, Gnorm = 0.228261, Samples = 17920256, LR = 1.98e-04, Steps/sec = 1.12, Samples/sec = 287.8
Step 70500 (7.1%): Train Loss = 0.344019, Val Loss = 0.322847, Gnorm = 0.223472, Samples = 18048256, LR = 1.98e-04, Steps/sec = 1.13, Samples/sec = 288.0
Step 71000 (7.1%): Train Loss = 0.345844, Val Loss = 0.319087, Gnorm = 0.229110, Samples = 18176256, LR = 1.98e-04, Steps/sec = 1.09, Samples/sec = 279.7
Step 71500 (7.2%): Train Loss = 0.332365, Val Loss = 0.337063, Gnorm = 0.239720, Samples = 18304256, LR = 1.97e-04, Steps/sec = 1.13, Samples/sec = 288.2
Step 72000 (7.2%): Train Loss = 0.361218, Val Loss = 0.363217, Gnorm = 0.207987, Samples = 18432256, LR = 1.97e-04, Steps/sec = 1.09, Samples/sec = 279.8
Step 72500 (7.3%): Train Loss = 0.347149, Val Loss = 0.332879, Gnorm = 0.240046, Samples = 18560256, LR = 1.97e-04, Steps/sec = 1.12, Samples/sec = 287.5
Step 73000 (7.3%): Train Loss = 0.364845, Val Loss = 0.359050, Gnorm = 0.267609, Samples = 18688256, LR = 1.97e-04, Steps/sec = 1.12, Samples/sec = 288.0
Step 73500 (7.4%): Train Loss = 0.343347, Val Loss = 0.338101, Gnorm = 0.207368, Samples = 18816256, LR = 1.97e-04, Steps/sec = 1.09, Samples/sec = 279.4
Step 74000 (7.4%): Train Loss = 0.355317, Val Loss = 0.309009, Gnorm = 0.177431, Samples = 18944256, LR = 1.97e-04, Steps/sec = 1.12, Samples/sec = 287.4
Step 74500 (7.5%): Train Loss = 0.337949, Val Loss = 0.324845, Gnorm = 0.207245, Samples = 19072256, LR = 1.97e-04, Steps/sec = 1.10, Samples/sec = 280.5
Step 75000 (7.5%): Train Loss = 0.357331, Val Loss = 0.313322, Gnorm = 0.236938, Samples = 19200256, LR = 1.97e-04, Steps/sec = 1.13, Samples/sec = 288.8
Step 75500 (7.6%): Train Loss = 0.348020, Val Loss = 0.349995, Gnorm = 0.266961, Samples = 19328256, LR = 1.97e-04, Steps/sec = 1.09, Samples/sec = 279.6
Step 76000 (7.6%): Train Loss = 0.342181, Val Loss = 0.306238, Gnorm = 0.217997, Samples = 19456256, LR = 1.97e-04, Steps/sec = 1.12, Samples/sec = 287.4
Step 76500 (7.7%): Train Loss = 0.325789, Val Loss = 0.356878, Gnorm = 0.231284, Samples = 19584256, LR = 1.97e-04, Steps/sec = 1.12, Samples/sec = 286.7
Step 77000 (7.7%): Train Loss = 0.352021, Val Loss = 0.345119, Gnorm = 0.167283, Samples = 19712256, LR = 1.97e-04, Steps/sec = 1.10, Samples/sec = 280.6
Step 77500 (7.8%): Train Loss = 0.371385, Val Loss = 0.401537, Gnorm = 0.215031, Samples = 19840256, LR = 1.97e-04, Steps/sec = 1.12, Samples/sec = 287.9
Step 78000 (7.8%): Train Loss = 0.346494, Val Loss = 0.321456, Gnorm = 0.201597, Samples = 19968256, LR = 1.97e-04, Steps/sec = 1.10, Samples/sec = 280.5
Step 78500 (7.9%): Train Loss = 0.343442, Val Loss = 0.320736, Gnorm = 0.224401, Samples = 20096256, LR = 1.97e-04, Steps/sec = 1.12, Samples/sec = 287.8
Step 79000 (7.9%): Train Loss = 0.346337, Val Loss = 0.331184, Gnorm = 0.228446, Samples = 20224256, LR = 1.97e-04, Steps/sec = 1.09, Samples/sec = 279.1
Step 79500 (8.0%): Train Loss = 0.333215, Val Loss = 0.341747, Gnorm = 0.225313, Samples = 20352256, LR = 1.97e-04, Steps/sec = 1.13, Samples/sec = 288.4
Step 80000 (8.0%): Train Loss = 0.336377, Val Loss = 0.320930, Gnorm = 0.203123, Samples = 20480256, LR = 1.97e-04, Steps/sec = 1.13, Samples/sec = 288.5
Step 80500 (8.1%): Train Loss = 0.317617, Val Loss = 0.330248, Gnorm = 0.259597, Samples = 20608256, LR = 1.97e-04, Steps/sec = 1.09, Samples/sec = 279.2
Step 81000 (8.1%): Train Loss = 0.329964, Val Loss = 0.327621, Gnorm = 0.201258, Samples = 20736256, LR = 1.97e-04, Steps/sec = 1.12, Samples/sec = 287.5
Step 81500 (8.2%): Train Loss = 0.349448, Val Loss = 0.314619, Gnorm = 0.215593, Samples = 20864256, LR = 1.97e-04, Steps/sec = 1.09, Samples/sec = 280.0
Step 82000 (8.2%): Train Loss = 0.329033, Val Loss = 0.304510, Gnorm = 0.184750, Samples = 20992256, LR = 1.97e-04, Steps/sec = 1.12, Samples/sec = 287.2
Step 82500 (8.3%): Train Loss = 0.341380, Val Loss = 0.333630, Gnorm = 0.251981, Samples = 21120256, LR = 1.97e-04, Steps/sec = 1.09, Samples/sec = 279.2
Step 83000 (8.3%): Train Loss = 0.327155, Val Loss = 0.326857, Gnorm = 0.174328, Samples = 21248256, LR = 1.97e-04, Steps/sec = 1.12, Samples/sec = 287.6
Step 83500 (8.4%): Train Loss = 0.348599, Val Loss = 0.331527, Gnorm = 0.219156, Samples = 21376256, LR = 1.97e-04, Steps/sec = 1.12, Samples/sec = 287.6
Step 84000 (8.4%): Train Loss = 0.344256, Val Loss = 0.300903, Gnorm = 0.186030, Samples = 21504256, LR = 1.97e-04, Steps/sec = 1.09, Samples/sec = 279.1
Step 84500 (8.5%): Train Loss = 0.321610, Val Loss = 0.324373, Gnorm = 0.176294, Samples = 21632256, LR = 1.96e-04, Steps/sec = 1.13, Samples/sec = 288.1
Step 85000 (8.5%): Train Loss = 0.338237, Val Loss = 0.323500, Gnorm = 0.271737, Samples = 21760256, LR = 1.96e-04, Steps/sec = 1.09, Samples/sec = 279.7
Step 85500 (8.6%): Train Loss = 0.346079, Val Loss = 0.321316, Gnorm = 0.200121, Samples = 21888256, LR = 1.96e-04, Steps/sec = 1.12, Samples/sec = 287.3
Step 86000 (8.6%): Train Loss = 0.337366, Val Loss = 0.349388, Gnorm = 0.173621, Samples = 22016256, LR = 1.96e-04, Steps/sec = 1.09, Samples/sec = 278.4
Step 86500 (8.7%): Train Loss = 0.333862, Val Loss = 0.320455, Gnorm = 0.228861, Samples = 22144256, LR = 1.96e-04, Steps/sec = 1.13, Samples/sec = 288.6
Step 87000 (8.7%): Train Loss = 0.340600, Val Loss = 0.331050, Gnorm = 0.318400, Samples = 22272256, LR = 1.96e-04, Steps/sec = 1.13, Samples/sec = 288.1
Step 87500 (8.8%): Train Loss = 0.350263, Val Loss = 0.322305, Gnorm = 0.177054, Samples = 22400256, LR = 1.96e-04, Steps/sec = 1.09, Samples/sec = 279.6
Step 88000 (8.8%): Train Loss = 0.330499, Val Loss = 0.294945, Gnorm = 0.168625, Samples = 22528256, LR = 1.96e-04, Steps/sec = 1.12, Samples/sec = 287.4
Step 88500 (8.9%): Train Loss = 0.332629, Val Loss = 0.324857, Gnorm = 0.213793, Samples = 22656256, LR = 1.96e-04, Steps/sec = 1.09, Samples/sec = 279.9
Step 89000 (8.9%): Train Loss = 0.335478, Val Loss = 0.314304, Gnorm = 0.238911, Samples = 22784256, LR = 1.96e-04, Steps/sec = 1.13, Samples/sec = 288.4
Step 89500 (9.0%): Train Loss = 0.358468, Val Loss = 0.313507, Gnorm = 0.200257, Samples = 22912256, LR = 1.96e-04, Steps/sec = 1.13, Samples/sec = 288.2
Step 90000 (9.0%): Train Loss = 0.337874, Val Loss = 0.313359, Gnorm = 0.160329, Samples = 23040256, LR = 1.96e-04, Steps/sec = 1.09, Samples/sec = 280.3
Step 90500 (9.1%): Train Loss = 0.344550, Val Loss = 0.299171, Gnorm = 0.165409, Samples = 23168256, LR = 1.96e-04, Steps/sec = 1.12, Samples/sec = 287.9
Step 91000 (9.1%): Train Loss = 0.340828, Val Loss = 0.342464, Gnorm = 0.220101, Samples = 23296256, LR = 1.96e-04, Steps/sec = 1.08, Samples/sec = 277.6
Step 91500 (9.2%): Train Loss = 0.316644, Val Loss = 0.318808, Gnorm = 0.178774, Samples = 23424256, LR = 1.96e-04, Steps/sec = 1.13, Samples/sec = 288.4
Step 92000 (9.2%): Train Loss = 0.322248, Val Loss = 0.300811, Gnorm = 0.180639, Samples = 23552256, LR = 1.96e-04, Steps/sec = 1.09, Samples/sec = 279.7
Step 92500 (9.3%): Train Loss = 0.336443, Val Loss = 0.294671, Gnorm = 0.209433, Samples = 23680256, LR = 1.96e-04, Steps/sec = 1.12, Samples/sec = 287.4
Step 93000 (9.3%): Train Loss = 0.339500, Val Loss = 0.344461, Gnorm = 0.212138, Samples = 23808256, LR = 1.96e-04, Steps/sec = 1.13, Samples/sec = 288.2
Step 93500 (9.4%): Train Loss = 0.333020, Val Loss = 0.347802, Gnorm = 0.205412, Samples = 23936256, LR = 1.96e-04, Steps/sec = 1.10, Samples/sec = 280.5
Step 94000 (9.4%): Train Loss = 0.350001, Val Loss = 0.351801, Gnorm = 0.177331, Samples = 24064256, LR = 1.96e-04, Steps/sec = 1.13, Samples/sec = 289.5
Step 94500 (9.5%): Train Loss = 0.327945, Val Loss = 0.336655, Gnorm = 0.168986, Samples = 24192256, LR = 1.96e-04, Steps/sec = 1.10, Samples/sec = 281.3
Step 95000 (9.5%): Train Loss = 0.335648, Val Loss = 0.327334, Gnorm = 0.170167, Samples = 24320256, LR = 1.96e-04, Steps/sec = 1.13, Samples/sec = 289.8
Step 95500 (9.6%): Train Loss = 0.335275, Val Loss = 0.343986, Gnorm = 0.170563, Samples = 24448256, LR = 1.96e-04, Steps/sec = 1.10, Samples/sec = 281.3
Step 96000 (9.6%): Train Loss = 0.345473, Val Loss = 0.365246, Gnorm = 0.180102, Samples = 24576256, LR = 1.95e-04, Steps/sec = 1.13, Samples/sec = 289.5
Step 96500 (9.7%): Train Loss = 0.317515, Val Loss = 0.338315, Gnorm = 0.155772, Samples = 24704256, LR = 1.95e-04, Steps/sec = 1.13, Samples/sec = 289.1
Step 97000 (9.7%): Train Loss = 0.329727, Val Loss = 0.329731, Gnorm = 0.205506, Samples = 24832256, LR = 1.95e-04, Steps/sec = 1.09, Samples/sec = 280.0
Step 97500 (9.8%): Train Loss = 0.335647, Val Loss = 0.328831, Gnorm = 0.231850, Samples = 24960256, LR = 1.95e-04, Steps/sec = 1.13, Samples/sec = 288.6
Step 98000 (9.8%): Train Loss = 0.344806, Val Loss = 0.326058, Gnorm = 0.190558, Samples = 25088256, LR = 1.95e-04, Steps/sec = 1.09, Samples/sec = 280.2
Step 98500 (9.9%): Train Loss = 0.344605, Val Loss = 0.338334, Gnorm = 0.218681, Samples = 25216256, LR = 1.95e-04, Steps/sec = 1.13, Samples/sec = 289.8
Step 99000 (9.9%): Train Loss = 0.315882, Val Loss = 0.309440, Gnorm = 0.170856, Samples = 25344256, LR = 1.95e-04, Steps/sec = 1.10, Samples/sec = 281.6
Step 99500 (10.0%): Train Loss = 0.321390, Val Loss = 0.314006, Gnorm = 0.256447, Samples = 25472256, LR = 1.95e-04, Steps/sec = 1.13, Samples/sec = 289.5
Step 100000 (10.0%): Train Loss = 0.302158, Val Loss = 0.305579, Gnorm = 0.203057, Samples = 25600256, LR = 1.95e-04, Steps/sec = 1.13, Samples/sec = 289.3
Step 100500 (10.1%): Train Loss = 0.323914, Val Loss = 0.332269, Gnorm = 0.216493, Samples = 25728256, LR = 1.95e-04, Steps/sec = 1.10, Samples/sec = 280.7
Step 101000 (10.1%): Train Loss = 0.314699, Val Loss = 0.325425, Gnorm = 0.178071, Samples = 25856256, LR = 1.95e-04, Steps/sec = 1.13, Samples/sec = 289.3
Step 101500 (10.2%): Train Loss = 0.339818, Val Loss = 0.308295, Gnorm = 0.239361, Samples = 25984256, LR = 1.95e-04, Steps/sec = 1.10, Samples/sec = 281.5
Step 102000 (10.2%): Train Loss = 0.332231, Val Loss = 0.348313, Gnorm = 0.207999, Samples = 26112256, LR = 1.95e-04, Steps/sec = 1.13, Samples/sec = 289.5
Step 102500 (10.3%): Train Loss = 0.319406, Val Loss = 0.301370, Gnorm = 0.281162, Samples = 26240256, LR = 1.95e-04, Steps/sec = 1.10, Samples/sec = 281.5
Step 103000 (10.3%): Train Loss = 0.319692, Val Loss = 0.290329, Gnorm = 0.180693, Samples = 26368256, LR = 1.95e-04, Steps/sec = 1.13, Samples/sec = 289.3
Step 103500 (10.4%): Train Loss = 0.332247, Val Loss = 0.314588, Gnorm = 0.257147, Samples = 26496256, LR = 1.95e-04, Steps/sec = 1.13, Samples/sec = 288.1
Step 104000 (10.4%): Train Loss = 0.322036, Val Loss = 0.307613, Gnorm = 0.194490, Samples = 26624256, LR = 1.95e-04, Steps/sec = 1.09, Samples/sec = 279.4
Step 104500 (10.5%): Train Loss = 0.357910, Val Loss = 0.314038, Gnorm = 0.164495, Samples = 26752256, LR = 1.95e-04, Steps/sec = 1.13, Samples/sec = 288.4
Step 105000 (10.5%): Train Loss = 0.310535, Val Loss = 0.300468, Gnorm = 0.183831, Samples = 26880256, LR = 1.95e-04, Steps/sec = 1.09, Samples/sec = 279.3
Step 105500 (10.6%): Train Loss = 0.348241, Val Loss = 0.301944, Gnorm = 0.179228, Samples = 27008256, LR = 1.95e-04, Steps/sec = 1.12, Samples/sec = 287.4
Step 106000 (10.6%): Train Loss = 0.324419, Val Loss = 0.304208, Gnorm = 0.219539, Samples = 27136256, LR = 1.95e-04, Steps/sec = 1.13, Samples/sec = 288.5
Step 106500 (10.7%): Train Loss = 0.324046, Val Loss = 0.293630, Gnorm = 0.174542, Samples = 27264256, LR = 1.94e-04, Steps/sec = 1.09, Samples/sec = 279.4
Step 107000 (10.7%): Train Loss = 0.328888, Val Loss = 0.288300, Gnorm = 0.178950, Samples = 27392256, LR = 1.94e-04, Steps/sec = 1.13, Samples/sec = 289.1
Step 107500 (10.8%): Train Loss = 0.311638, Val Loss = 0.301758, Gnorm = 0.201430, Samples = 27520256, LR = 1.94e-04, Steps/sec = 1.09, Samples/sec = 280.1
Step 108000 (10.8%): Train Loss = 0.340961, Val Loss = 0.326509, Gnorm = 0.323201, Samples = 27648256, LR = 1.94e-04, Steps/sec = 1.13, Samples/sec = 288.8
Step 108500 (10.9%): Train Loss = 0.330231, Val Loss = 0.350549, Gnorm = 0.190261, Samples = 27776256, LR = 1.94e-04, Steps/sec = 1.10, Samples/sec = 281.0
Step 109000 (10.9%): Train Loss = 0.323466, Val Loss = 0.315924, Gnorm = 0.185719, Samples = 27904256, LR = 1.94e-04, Steps/sec = 1.13, Samples/sec = 288.6
Step 109500 (11.0%): Train Loss = 0.356504, Val Loss = 0.317578, Gnorm = 0.154321, Samples = 28032256, LR = 1.94e-04, Steps/sec = 1.13, Samples/sec = 288.7
Step 110000 (11.0%): Train Loss = 0.325597, Val Loss = 0.315404, Gnorm = 0.221050, Samples = 28160256, LR = 1.94e-04, Steps/sec = 1.09, Samples/sec = 279.9
Step 110500 (11.1%): Train Loss = 0.323564, Val Loss = 0.311106, Gnorm = 0.243601, Samples = 28288256, LR = 1.94e-04, Steps/sec = 1.13, Samples/sec = 288.0
Step 111000 (11.1%): Train Loss = 0.324794, Val Loss = 0.344873, Gnorm = 0.147561, Samples = 28416256, LR = 1.94e-04, Steps/sec = 1.09, Samples/sec = 280.1
Step 111500 (11.2%): Train Loss = 0.316979, Val Loss = 0.318602, Gnorm = 0.290935, Samples = 28544256, LR = 1.94e-04, Steps/sec = 1.13, Samples/sec = 288.7
Step 112000 (11.2%): Train Loss = 0.331114, Val Loss = 0.322857, Gnorm = 0.260689, Samples = 28672256, LR = 1.94e-04, Steps/sec = 1.09, Samples/sec = 280.0
Step 112500 (11.3%): Train Loss = 0.302389, Val Loss = 0.318114, Gnorm = 0.164194, Samples = 28800256, LR = 1.94e-04, Steps/sec = 1.13, Samples/sec = 289.4
Step 113000 (11.3%): Train Loss = 0.322049, Val Loss = 0.327265, Gnorm = 0.158587, Samples = 28928256, LR = 1.94e-04, Steps/sec = 1.13, Samples/sec = 288.7
Step 113500 (11.4%): Train Loss = 0.323683, Val Loss = 0.308754, Gnorm = 0.238750, Samples = 29056256, LR = 1.94e-04, Steps/sec = 1.09, Samples/sec = 279.7
Step 114000 (11.4%): Train Loss = 0.323493, Val Loss = 0.308587, Gnorm = 0.172715, Samples = 29184256, LR = 1.94e-04, Steps/sec = 1.13, Samples/sec = 289.4
Step 114500 (11.5%): Train Loss = 0.312130, Val Loss = 0.344609, Gnorm = 0.246419, Samples = 29312256, LR = 1.94e-04, Steps/sec = 1.09, Samples/sec = 280.3
Step 115000 (11.5%): Train Loss = 0.324920, Val Loss = 0.331902, Gnorm = 0.213001, Samples = 29440256, LR = 1.94e-04, Steps/sec = 1.13, Samples/sec = 288.2
Step 115500 (11.6%): Train Loss = 0.322586, Val Loss = 0.303398, Gnorm = 0.206745, Samples = 29568256, LR = 1.93e-04, Steps/sec = 1.09, Samples/sec = 278.5
Step 116000 (11.6%): Train Loss = 0.295866, Val Loss = 0.286354, Gnorm = 0.244416, Samples = 29696256, LR = 1.93e-04, Steps/sec = 1.13, Samples/sec = 288.3
Step 116500 (11.7%): Train Loss = 0.324348, Val Loss = 0.309979, Gnorm = 0.213981, Samples = 29824256, LR = 1.93e-04, Steps/sec = 1.13, Samples/sec = 288.7
Step 117000 (11.7%): Train Loss = 0.317620, Val Loss = 0.295400, Gnorm = 0.224543, Samples = 29952256, LR = 1.93e-04, Steps/sec = 1.10, Samples/sec = 280.7
Step 117500 (11.8%): Train Loss = 0.300621, Val Loss = 0.284564, Gnorm = 0.192959, Samples = 30080256, LR = 1.93e-04, Steps/sec = 1.13, Samples/sec = 288.3
Step 118000 (11.8%): Train Loss = 0.302363, Val Loss = 0.277091, Gnorm = 0.205033, Samples = 30208256, LR = 1.93e-04, Steps/sec = 1.09, Samples/sec = 279.3
Step 118500 (11.9%): Train Loss = 0.333542, Val Loss = 0.299072, Gnorm = 0.276782, Samples = 30336256, LR = 1.93e-04, Steps/sec = 1.12, Samples/sec = 287.6
Step 119000 (11.9%): Train Loss = 0.322472, Val Loss = 0.316337, Gnorm = 0.196401, Samples = 30464256, LR = 1.93e-04, Steps/sec = 1.09, Samples/sec = 279.0
Step 119500 (12.0%): Train Loss = 0.321129, Val Loss = 0.298781, Gnorm = 0.209998, Samples = 30592256, LR = 1.93e-04, Steps/sec = 1.13, Samples/sec = 288.1
Step 120000 (12.0%): Train Loss = 0.326739, Val Loss = 0.309377, Gnorm = 0.181646, Samples = 30720256, LR = 1.93e-04, Steps/sec = 1.13, Samples/sec = 288.1
Step 120500 (12.1%): Train Loss = 0.334038, Val Loss = 0.317498, Gnorm = 0.207858, Samples = 30848256, LR = 1.93e-04, Steps/sec = 1.09, Samples/sec = 278.7
Step 121000 (12.1%): Train Loss = 0.311419, Val Loss = 0.296972, Gnorm = 0.211240, Samples = 30976256, LR = 1.93e-04, Steps/sec = 1.13, Samples/sec = 288.2
Step 121500 (12.2%): Train Loss = 0.328737, Val Loss = 0.288526, Gnorm = 0.178435, Samples = 31104256, LR = 1.93e-04, Steps/sec = 1.09, Samples/sec = 279.8
Step 122000 (12.2%): Train Loss = 0.298574, Val Loss = 0.310570, Gnorm = 0.346266, Samples = 31232256, LR = 1.93e-04, Steps/sec = 1.13, Samples/sec = 288.0
Step 122500 (12.3%): Train Loss = 0.307132, Val Loss = 0.294797, Gnorm = 0.190079, Samples = 31360256, LR = 1.93e-04, Steps/sec = 1.09, Samples/sec = 279.7
Step 123000 (12.3%): Train Loss = 0.324110, Val Loss = 0.299431, Gnorm = 0.170517, Samples = 31488256, LR = 1.93e-04, Steps/sec = 1.13, Samples/sec = 288.7
Step 123500 (12.4%): Train Loss = 0.313554, Val Loss = 0.311959, Gnorm = 0.224436, Samples = 31616256, LR = 1.93e-04, Steps/sec = 1.13, Samples/sec = 288.1
Step 124000 (12.4%): Train Loss = 0.292796, Val Loss = 0.308796, Gnorm = 0.217304, Samples = 31744256, LR = 1.93e-04, Steps/sec = 1.09, Samples/sec = 278.5
Step 124500 (12.5%): Train Loss = 0.317481, Val Loss = 0.315864, Gnorm = 0.183820, Samples = 31872256, LR = 1.92e-04, Steps/sec = 1.13, Samples/sec = 288.2
Step 125000 (12.5%): Train Loss = 0.308838, Val Loss = 0.303448, Gnorm = 0.167195, Samples = 32000256, LR = 1.92e-04, Steps/sec = 1.09, Samples/sec = 278.9
Step 125500 (12.6%): Train Loss = 0.301655, Val Loss = 0.302295, Gnorm = 0.236094, Samples = 32128256, LR = 1.92e-04, Steps/sec = 1.12, Samples/sec = 287.8
Step 126000 (12.6%): Train Loss = 0.329221, Val Loss = 0.295563, Gnorm = 0.254345, Samples = 32256256, LR = 1.92e-04, Steps/sec = 1.12, Samples/sec = 288.0
Step 126500 (12.7%): Train Loss = 0.303460, Val Loss = 0.302003, Gnorm = 0.240410, Samples = 32384256, LR = 1.92e-04, Steps/sec = 1.09, Samples/sec = 280.2
Step 127000 (12.7%): Train Loss = 0.308032, Val Loss = 0.318972, Gnorm = 0.302873, Samples = 32512256, LR = 1.92e-04, Steps/sec = 1.12, Samples/sec = 287.4
Step 127500 (12.8%): Train Loss = 0.309339, Val Loss = 0.338224, Gnorm = 0.280821, Samples = 32640256, LR = 1.92e-04, Steps/sec = 1.10, Samples/sec = 280.5
Step 128000 (12.8%): Train Loss = 0.305561, Val Loss = 0.314302, Gnorm = 0.236367, Samples = 32768256, LR = 1.92e-04, Steps/sec = 1.13, Samples/sec = 288.1
Step 128500 (12.9%): Train Loss = 0.304339, Val Loss = 0.330397, Gnorm = 0.204981, Samples = 32896256, LR = 1.92e-04, Steps/sec = 1.09, Samples/sec = 279.2
Step 129000 (12.9%): Train Loss = 0.324547, Val Loss = 0.319056, Gnorm = 0.245947, Samples = 33024256, LR = 1.92e-04, Steps/sec = 1.13, Samples/sec = 288.2
Step 129500 (13.0%): Train Loss = 0.315702, Val Loss = 0.330701, Gnorm = 0.224143, Samples = 33152256, LR = 1.92e-04, Steps/sec = 1.12, Samples/sec = 287.6
Step 130000 (13.0%): Train Loss = 0.293298, Val Loss = 0.302241, Gnorm = 0.223230, Samples = 33280256, LR = 1.92e-04, Steps/sec = 1.09, Samples/sec = 279.8
Step 130500 (13.1%): Train Loss = 0.296431, Val Loss = 0.313362, Gnorm = 0.329206, Samples = 33408256, LR = 1.92e-04, Steps/sec = 1.12, Samples/sec = 287.7
Step 131000 (13.1%): Train Loss = 0.320670, Val Loss = 0.301695, Gnorm = 0.221865, Samples = 33536256, LR = 1.92e-04, Steps/sec = 1.09, Samples/sec = 279.7
Step 131500 (13.2%): Train Loss = 0.302131, Val Loss = 0.314463, Gnorm = 0.182697, Samples = 33664256, LR = 1.92e-04, Steps/sec = 1.12, Samples/sec = 287.8
Step 132000 (13.2%): Train Loss = 0.304789, Val Loss = 0.316827, Gnorm = 0.200044, Samples = 33792256, LR = 1.92e-04, Steps/sec = 1.09, Samples/sec = 279.9
Step 132500 (13.3%): Train Loss = 0.288910, Val Loss = 0.336449, Gnorm = 0.310576, Samples = 33920256, LR = 1.91e-04, Steps/sec = 1.12, Samples/sec = 287.1
Step 133000 (13.3%): Train Loss = 0.351546, Val Loss = 0.299790, Gnorm = 0.246023, Samples = 34048256, LR = 1.91e-04, Steps/sec = 1.12, Samples/sec = 287.3
Step 133500 (13.4%): Train Loss = 0.303894, Val Loss = 0.286198, Gnorm = 0.288208, Samples = 34176256, LR = 1.91e-04, Steps/sec = 1.09, Samples/sec = 279.8
Step 134000 (13.4%): Train Loss = 0.297254, Val Loss = 0.284820, Gnorm = 0.274923, Samples = 34304256, LR = 1.91e-04, Steps/sec = 1.12, Samples/sec = 287.5
Step 134500 (13.5%): Train Loss = 0.306984, Val Loss = 0.288599, Gnorm = 0.242696, Samples = 34432256, LR = 1.91e-04, Steps/sec = 1.09, Samples/sec = 279.5
Step 135000 (13.5%): Train Loss = 0.306846, Val Loss = 0.308382, Gnorm = 0.279408, Samples = 34560256, LR = 1.91e-04, Steps/sec = 1.12, Samples/sec = 288.0
Step 135500 (13.6%): Train Loss = 0.327535, Val Loss = 0.277659, Gnorm = 0.232150, Samples = 34688256, LR = 1.91e-04, Steps/sec = 1.09, Samples/sec = 279.5
Step 136000 (13.6%): Train Loss = 0.289879, Val Loss = 0.280735, Gnorm = 0.259016, Samples = 34816256, LR = 1.91e-04, Steps/sec = 1.13, Samples/sec = 288.6
Step 136500 (13.7%): Train Loss = 0.325585, Val Loss = 0.308346, Gnorm = 0.183454, Samples = 34944256, LR = 1.91e-04, Steps/sec = 1.13, Samples/sec = 288.1
Step 137000 (13.7%): Train Loss = 0.321399, Val Loss = 0.291711, Gnorm = 0.269582, Samples = 35072256, LR = 1.91e-04, Steps/sec = 1.09, Samples/sec = 280.0
Step 137500 (13.8%): Train Loss = 0.309298, Val Loss = 0.288112, Gnorm = 0.218184, Samples = 35200256, LR = 1.91e-04, Steps/sec = 1.12, Samples/sec = 287.5
Step 138000 (13.8%): Train Loss = 0.298986, Val Loss = 0.284710, Gnorm = 0.336859, Samples = 35328256, LR = 1.91e-04, Steps/sec = 1.09, Samples/sec = 278.9
Step 138500 (13.9%): Train Loss = 0.341198, Val Loss = 0.290033, Gnorm = 0.363731, Samples = 35456256, LR = 1.91e-04, Steps/sec = 1.12, Samples/sec = 287.2
Step 139000 (13.9%): Train Loss = 0.307529, Val Loss = 0.295677, Gnorm = 0.213771, Samples = 35584256, LR = 1.91e-04, Steps/sec = 1.09, Samples/sec = 278.4
Step 139500 (14.0%): Train Loss = 0.314928, Val Loss = 0.298340, Gnorm = 0.176617, Samples = 35712256, LR = 1.91e-04, Steps/sec = 1.12, Samples/sec = 287.9
Step 140000 (14.0%): Train Loss = 0.326403, Val Loss = 0.305944, Gnorm = 0.212715, Samples = 35840256, LR = 1.90e-04, Steps/sec = 1.12, Samples/sec = 287.0
Step 140500 (14.1%): Train Loss = 0.335878, Val Loss = 0.307681, Gnorm = 0.231586, Samples = 35968256, LR = 1.90e-04, Steps/sec = 1.09, Samples/sec = 279.5
Step 141000 (14.1%): Train Loss = 0.288024, Val Loss = 0.313802, Gnorm = 0.212289, Samples = 36096256, LR = 1.90e-04, Steps/sec = 1.12, Samples/sec = 287.1
Step 141500 (14.2%): Train Loss = 0.294993, Val Loss = 0.344520, Gnorm = 0.195848, Samples = 36224256, LR = 1.90e-04, Steps/sec = 1.09, Samples/sec = 279.3
Step 142000 (14.2%): Train Loss = 0.319798, Val Loss = 0.297539, Gnorm = 0.269050, Samples = 36352256, LR = 1.90e-04, Steps/sec = 1.12, Samples/sec = 287.8
Step 142500 (14.3%): Train Loss = 0.305237, Val Loss = 0.317309, Gnorm = 0.263254, Samples = 36480256, LR = 1.90e-04, Steps/sec = 1.12, Samples/sec = 287.7
Step 143000 (14.3%): Train Loss = 0.294199, Val Loss = 0.313669, Gnorm = 0.239485, Samples = 36608256, LR = 1.90e-04, Steps/sec = 1.09, Samples/sec = 279.2
Step 143500 (14.4%): Train Loss = 0.309241, Val Loss = 0.336860, Gnorm = 0.224493, Samples = 36736256, LR = 1.90e-04, Steps/sec = 1.12, Samples/sec = 287.2
Step 144000 (14.4%): Train Loss = 0.312243, Val Loss = 0.293784, Gnorm = 0.282167, Samples = 36864256, LR = 1.90e-04, Steps/sec = 1.09, Samples/sec = 279.9
Step 144500 (14.5%): Train Loss = 0.320582, Val Loss = 0.315937, Gnorm = 0.217675, Samples = 36992256, LR = 1.90e-04, Steps/sec = 1.13, Samples/sec = 288.8
Step 145000 (14.5%): Train Loss = 0.292953, Val Loss = 0.315360, Gnorm = 0.209066, Samples = 37120256, LR = 1.90e-04, Steps/sec = 1.09, Samples/sec = 279.2
Step 145500 (14.6%): Train Loss = 0.308247, Val Loss = 0.344501, Gnorm = 0.334477, Samples = 37248256, LR = 1.90e-04, Steps/sec = 1.13, Samples/sec = 288.5
Step 146000 (14.6%): Train Loss = 0.297492, Val Loss = 0.339712, Gnorm = 0.284382, Samples = 37376256, LR = 1.90e-04, Steps/sec = 1.13, Samples/sec = 288.2
Step 146500 (14.7%): Train Loss = 0.305591, Val Loss = 0.315619, Gnorm = 0.271840, Samples = 37504256, LR = 1.90e-04, Steps/sec = 1.09, Samples/sec = 278.2
Step 147000 (14.7%): Train Loss = 0.318478, Val Loss = 0.275632, Gnorm = 0.291534, Samples = 37632256, LR = 1.90e-04, Steps/sec = 1.12, Samples/sec = 287.8
Step 147500 (14.8%): Train Loss = 0.304296, Val Loss = 0.286761, Gnorm = 0.249014, Samples = 37760256, LR = 1.89e-04, Steps/sec = 1.09, Samples/sec = 278.5
Step 148000 (14.8%): Train Loss = 0.300012, Val Loss = 0.269914, Gnorm = 0.265997, Samples = 37888256, LR = 1.89e-04, Steps/sec = 1.12, Samples/sec = 287.5
Step 148500 (14.9%): Train Loss = 0.300521, Val Loss = 0.281460, Gnorm = 0.239018, Samples = 38016256, LR = 1.89e-04, Steps/sec = 1.09, Samples/sec = 279.3
Step 149000 (14.9%): Train Loss = 0.307062, Val Loss = 0.286499, Gnorm = 0.271617, Samples = 38144256, LR = 1.89e-04, Steps/sec = 1.12, Samples/sec = 287.9
Step 149500 (15.0%): Train Loss = 0.301225, Val Loss = 0.289429, Gnorm = 0.302722, Samples = 38272256, LR = 1.89e-04, Steps/sec = 1.12, Samples/sec = 287.6
Step 150000 (15.0%): Train Loss = 0.311567, Val Loss = 0.296148, Gnorm = 0.328223, Samples = 38400256, LR = 1.89e-04, Steps/sec = 1.09, Samples/sec = 278.5
Step 150500 (15.1%): Train Loss = 0.300657, Val Loss = 0.288773, Gnorm = 0.280213, Samples = 38528256, LR = 1.89e-04, Steps/sec = 1.12, Samples/sec = 286.9
Step 151000 (15.1%): Train Loss = 0.287458, Val Loss = 0.314795, Gnorm = 0.221627, Samples = 38656256, LR = 1.89e-04, Steps/sec = 1.09, Samples/sec = 279.2
Step 151500 (15.2%): Train Loss = 0.297970, Val Loss = 0.311040, Gnorm = 0.174997, Samples = 38784256, LR = 1.89e-04, Steps/sec = 1.12, Samples/sec = 287.4
Step 152000 (15.2%): Train Loss = 0.301665, Val Loss = 0.285754, Gnorm = 0.304274, Samples = 38912256, LR = 1.89e-04, Steps/sec = 1.09, Samples/sec = 279.3
Step 152500 (15.3%): Train Loss = 0.285671, Val Loss = 0.279594, Gnorm = 0.250810, Samples = 39040256, LR = 1.89e-04, Steps/sec = 1.12, Samples/sec = 286.9
Step 153000 (15.3%): Train Loss = 0.292898, Val Loss = 0.271837, Gnorm = 0.246072, Samples = 39168256, LR = 1.89e-04, Steps/sec = 1.12, Samples/sec = 287.1
Step 153500 (15.4%): Train Loss = 0.308520, Val Loss = 0.291734, Gnorm = 0.361307, Samples = 39296256, LR = 1.89e-04, Steps/sec = 1.09, Samples/sec = 278.9
Step 154000 (15.4%): Train Loss = 0.300668, Val Loss = 0.267802, Gnorm = 0.340545, Samples = 39424256, LR = 1.89e-04, Steps/sec = 1.12, Samples/sec = 286.6
Step 154500 (15.5%): Train Loss = 0.309869, Val Loss = 0.280457, Gnorm = 0.221771, Samples = 39552256, LR = 1.88e-04, Steps/sec = 1.09, Samples/sec = 278.9
Step 155000 (15.5%): Train Loss = 0.291590, Val Loss = 0.257177, Gnorm = 0.247949, Samples = 39680256, LR = 1.88e-04, Steps/sec = 1.12, Samples/sec = 287.0
Step 155500 (15.6%): Train Loss = 0.307349, Val Loss = 0.303233, Gnorm = 0.338278, Samples = 39808256, LR = 1.88e-04, Steps/sec = 1.09, Samples/sec = 279.9
Step 156000 (15.6%): Train Loss = 0.280253, Val Loss = 0.317262, Gnorm = 0.240807, Samples = 39936256, LR = 1.88e-04, Steps/sec = 1.12, Samples/sec = 287.4
Step 156500 (15.7%): Train Loss = 0.298522, Val Loss = 0.281929, Gnorm = 0.186217, Samples = 40064256, LR = 1.88e-04, Steps/sec = 1.12, Samples/sec = 286.3
Step 157000 (15.7%): Train Loss = 0.304783, Val Loss = 0.333406, Gnorm = 0.287844, Samples = 40192256, LR = 1.88e-04, Steps/sec = 1.09, Samples/sec = 278.4
Step 157500 (15.8%): Train Loss = 0.294925, Val Loss = 0.288487, Gnorm = 0.312557, Samples = 40320256, LR = 1.88e-04, Steps/sec = 1.12, Samples/sec = 286.2
Step 158000 (15.8%): Train Loss = 0.277202, Val Loss = 0.295534, Gnorm = 0.275060, Samples = 40448256, LR = 1.88e-04, Steps/sec = 1.09, Samples/sec = 279.3
Step 158500 (15.9%): Train Loss = 0.288884, Val Loss = 0.301230, Gnorm = 0.269982, Samples = 40576256, LR = 1.88e-04, Steps/sec = 1.12, Samples/sec = 287.2
Step 159000 (15.9%): Train Loss = 0.331950, Val Loss = 0.283415, Gnorm = 0.223168, Samples = 40704256, LR = 1.88e-04, Steps/sec = 1.12, Samples/sec = 286.6
Step 159500 (16.0%): Train Loss = 0.301731, Val Loss = 0.295585, Gnorm = 0.333482, Samples = 40832256, LR = 1.88e-04, Steps/sec = 1.09, Samples/sec = 279.6
Step 160000 (16.0%): Train Loss = 0.296308, Val Loss = 0.320482, Gnorm = 0.259821, Samples = 40960256, LR = 1.88e-04, Steps/sec = 1.12, Samples/sec = 286.4
Step 160500 (16.1%): Train Loss = 0.305704, Val Loss = 0.330063, Gnorm = 0.357509, Samples = 41088256, LR = 1.88e-04, Steps/sec = 1.09, Samples/sec = 279.5
Step 161000 (16.1%): Train Loss = 0.304062, Val Loss = 0.294394, Gnorm = 0.240593, Samples = 41216256, LR = 1.87e-04, Steps/sec = 1.12, Samples/sec = 287.7
Step 161500 (16.2%): Train Loss = 0.279529, Val Loss = 0.317214, Gnorm = 0.325393, Samples = 41344256, LR = 1.87e-04, Steps/sec = 1.09, Samples/sec = 278.1
Step 162000 (16.2%): Train Loss = 0.293341, Val Loss = 0.257046, Gnorm = 0.322956, Samples = 41472256, LR = 1.87e-04, Steps/sec = 1.12, Samples/sec = 287.5
Step 162500 (16.3%): Train Loss = 0.292459, Val Loss = 0.302334, Gnorm = 0.398864, Samples = 41600256, LR = 1.87e-04, Steps/sec = 1.12, Samples/sec = 286.9
Step 163000 (16.3%): Train Loss = 0.300942, Val Loss = 0.315341, Gnorm = 0.373060, Samples = 41728256, LR = 1.87e-04, Steps/sec = 1.09, Samples/sec = 278.6
Step 163500 (16.4%): Train Loss = 0.297803, Val Loss = 0.319208, Gnorm = 0.245144, Samples = 41856256, LR = 1.87e-04, Steps/sec = 1.12, Samples/sec = 286.3
Step 164000 (16.4%): Train Loss = 0.312458, Val Loss = 0.302122, Gnorm = 0.366428, Samples = 41984256, LR = 1.87e-04, Steps/sec = 1.09, Samples/sec = 278.5
Step 164500 (16.5%): Train Loss = 0.319322, Val Loss = 0.289894, Gnorm = 0.337669, Samples = 42112256, LR = 1.87e-04, Steps/sec = 1.13, Samples/sec = 288.2
Step 165000 (16.5%): Train Loss = 0.297756, Val Loss = 0.309116, Gnorm = 0.237671, Samples = 42240256, LR = 1.87e-04, Steps/sec = 1.09, Samples/sec = 277.8
Step 165500 (16.6%): Train Loss = 0.281193, Val Loss = 0.303049, Gnorm = 0.335247, Samples = 42368256, LR = 1.87e-04, Steps/sec = 1.12, Samples/sec = 286.2
Step 166000 (16.6%): Train Loss = 0.296940, Val Loss = 0.326500, Gnorm = 0.270142, Samples = 42496256, LR = 1.87e-04, Steps/sec = 1.12, Samples/sec = 286.9
Step 166500 (16.7%): Train Loss = 0.302402, Val Loss = 0.330025, Gnorm = 0.306396, Samples = 42624256, LR = 1.87e-04, Steps/sec = 1.09, Samples/sec = 279.0
Step 167000 (16.7%): Train Loss = 0.314941, Val Loss = 0.317004, Gnorm = 0.243832, Samples = 42752256, LR = 1.87e-04, Steps/sec = 1.12, Samples/sec = 287.1
Step 167500 (16.8%): Train Loss = 0.325340, Val Loss = 0.330370, Gnorm = 0.312487, Samples = 42880256, LR = 1.86e-04, Steps/sec = 1.08, Samples/sec = 277.4
Step 168000 (16.8%): Train Loss = 0.301887, Val Loss = 0.310614, Gnorm = 0.316175, Samples = 43008256, LR = 1.86e-04, Steps/sec = 1.12, Samples/sec = 286.7
Step 168500 (16.9%): Train Loss = 0.297554, Val Loss = 0.317618, Gnorm = 0.343844, Samples = 43136256, LR = 1.86e-04, Steps/sec = 1.09, Samples/sec = 278.4
Step 169000 (16.9%): Train Loss = 0.313064, Val Loss = 0.296240, Gnorm = 0.289854, Samples = 43264256, LR = 1.86e-04, Steps/sec = 1.12, Samples/sec = 286.9
Step 169500 (17.0%): Train Loss = 0.281668, Val Loss = 0.324700, Gnorm = 0.320216, Samples = 43392256, LR = 1.86e-04, Steps/sec = 1.12, Samples/sec = 286.3
Step 170000 (17.0%): Train Loss = 0.305544, Val Loss = 0.290753, Gnorm = 0.359611, Samples = 43520256, LR = 1.86e-04, Steps/sec = 1.09, Samples/sec = 280.1
Step 170500 (17.1%): Train Loss = 0.282742, Val Loss = 0.321199, Gnorm = 0.206676, Samples = 43648256, LR = 1.86e-04, Steps/sec = 1.12, Samples/sec = 287.7
Step 171000 (17.1%): Train Loss = 0.307473, Val Loss = 0.268442, Gnorm = 0.308347, Samples = 43776256, LR = 1.86e-04, Steps/sec = 1.09, Samples/sec = 278.6
Step 171500 (17.2%): Train Loss = 0.301809, Val Loss = 0.309926, Gnorm = 0.408813, Samples = 43904256, LR = 1.86e-04, Steps/sec = 1.12, Samples/sec = 286.9
Step 172000 (17.2%): Train Loss = 0.302062, Val Loss = 0.294973, Gnorm = 0.249211, Samples = 44032256, LR = 1.86e-04, Steps/sec = 1.09, Samples/sec = 278.1
Step 172500 (17.3%): Train Loss = 0.306776, Val Loss = 0.281832, Gnorm = 0.346252, Samples = 44160256, LR = 1.86e-04, Steps/sec = 1.12, Samples/sec = 287.0
Step 173000 (17.3%): Train Loss = 0.287309, Val Loss = 0.325215, Gnorm = 0.302393, Samples = 44288256, LR = 1.86e-04, Steps/sec = 1.12, Samples/sec = 286.4
Step 173500 (17.4%): Train Loss = 0.320658, Val Loss = 0.277618, Gnorm = 0.282969, Samples = 44416256, LR = 1.86e-04, Steps/sec = 1.09, Samples/sec = 278.7
Step 174000 (17.4%): Train Loss = 0.312487, Val Loss = 0.284628, Gnorm = 0.220784, Samples = 44544256, LR = 1.85e-04, Steps/sec = 1.12, Samples/sec = 286.8
Step 174500 (17.5%): Train Loss = 0.330490, Val Loss = 0.294039, Gnorm = 0.365404, Samples = 44672256, LR = 1.85e-04, Steps/sec = 1.09, Samples/sec = 278.5
Step 175000 (17.5%): Train Loss = 0.315480, Val Loss = 0.307899, Gnorm = 0.245959, Samples = 44800256, LR = 1.85e-04, Steps/sec = 1.12, Samples/sec = 287.5
Step 175500 (17.6%): Train Loss = 0.291306, Val Loss = 0.314678, Gnorm = 0.361122, Samples = 44928256, LR = 1.85e-04, Steps/sec = 1.04, Samples/sec = 266.1
Step 176000 (17.6%): Train Loss = 0.308389, Val Loss = 0.295975, Gnorm = 0.227087, Samples = 45056256, LR = 1.85e-04, Steps/sec = 1.13, Samples/sec = 288.7
Step 176500 (17.7%): Train Loss = 0.296215, Val Loss = 0.278658, Gnorm = 0.320184, Samples = 45184256, LR = 1.85e-04, Steps/sec = 1.12, Samples/sec = 285.5
Step 177000 (17.7%): Train Loss = 0.287180, Val Loss = 0.268368, Gnorm = 0.409552, Samples = 45312256, LR = 1.85e-04, Steps/sec = 1.09, Samples/sec = 279.3
Step 177500 (17.8%): Train Loss = 0.292945, Val Loss = 0.257820, Gnorm = 0.354219, Samples = 45440256, LR = 1.85e-04, Steps/sec = 1.12, Samples/sec = 287.4
Step 178000 (17.8%): Train Loss = 0.305332, Val Loss = 0.280698, Gnorm = 0.287955, Samples = 45568256, LR = 1.85e-04, Steps/sec = 1.09, Samples/sec = 278.5
Step 178500 (17.9%): Train Loss = 0.304992, Val Loss = 0.277500, Gnorm = 0.324215, Samples = 45696256, LR = 1.85e-04, Steps/sec = 1.12, Samples/sec = 287.9
Step 179000 (17.9%): Train Loss = 0.300002, Val Loss = 0.278505, Gnorm = 0.458890, Samples = 45824256, LR = 1.85e-04, Steps/sec = 1.12, Samples/sec = 286.7
Step 179500 (18.0%): Train Loss = 0.304011, Val Loss = 0.322787, Gnorm = 0.293527, Samples = 45952256, LR = 1.85e-04, Steps/sec = 1.09, Samples/sec = 278.9
Step 180000 (18.0%): Train Loss = 0.325977, Val Loss = 0.264950, Gnorm = 0.313250, Samples = 46080256, LR = 1.84e-04, Steps/sec = 1.12, Samples/sec = 287.4
Step 180500 (18.1%): Train Loss = 0.306007, Val Loss = 0.277965, Gnorm = 0.255910, Samples = 46208256, LR = 1.84e-04, Steps/sec = 1.09, Samples/sec = 278.3
Step 181000 (18.1%): Train Loss = 0.292945, Val Loss = 0.274956, Gnorm = 0.374982, Samples = 46336256, LR = 1.84e-04, Steps/sec = 1.12, Samples/sec = 287.0
Step 181500 (18.2%): Train Loss = 0.300390, Val Loss = 0.305410, Gnorm = 0.265492, Samples = 46464256, LR = 1.84e-04, Steps/sec = 1.09, Samples/sec = 278.8
Step 182000 (18.2%): Train Loss = 0.310132, Val Loss = 0.280790, Gnorm = 0.320997, Samples = 46592256, LR = 1.84e-04, Steps/sec = 1.12, Samples/sec = 287.8
Step 182500 (18.3%): Train Loss = 0.324345, Val Loss = 0.309374, Gnorm = 0.454360, Samples = 46720256, LR = 1.84e-04, Steps/sec = 1.12, Samples/sec = 287.1
Step 183000 (18.3%): Train Loss = 0.329065, Val Loss = 0.289961, Gnorm = 0.299559, Samples = 46848256, LR = 1.84e-04, Steps/sec = 1.09, Samples/sec = 278.9
Step 183500 (18.4%): Train Loss = 0.279047, Val Loss = 0.301300, Gnorm = 0.523474, Samples = 46976256, LR = 1.84e-04, Steps/sec = 1.12, Samples/sec = 287.4
Step 184000 (18.4%): Train Loss = 0.298555, Val Loss = 0.280148, Gnorm = 0.325509, Samples = 47104256, LR = 1.84e-04, Steps/sec = 1.09, Samples/sec = 279.8
Step 184500 (18.5%): Train Loss = 0.293972, Val Loss = 0.301669, Gnorm = 0.335066, Samples = 47232256, LR = 1.84e-04, Steps/sec = 1.12, Samples/sec = 287.9
Step 185000 (18.5%): Train Loss = 0.313766, Val Loss = 0.271124, Gnorm = 0.938125, Samples = 47360256, LR = 1.84e-04, Steps/sec = 1.08, Samples/sec = 277.4
Step 185500 (18.6%): Train Loss = 0.311839, Val Loss = 0.304891, Gnorm = 0.228947, Samples = 47488256, LR = 1.83e-04, Steps/sec = 1.12, Samples/sec = 286.5
Step 186000 (18.6%): Train Loss = 0.312950, Val Loss = 0.264255, Gnorm = 0.304501, Samples = 47616256, LR = 1.83e-04, Steps/sec = 1.12, Samples/sec = 287.2
Step 186500 (18.7%): Train Loss = 0.310755, Val Loss = 0.282882, Gnorm = 0.371585, Samples = 47744256, LR = 1.83e-04, Steps/sec = 1.09, Samples/sec = 277.9
Step 187000 (18.7%): Train Loss = 0.281866, Val Loss = 0.283630, Gnorm = 0.304434, Samples = 47872256, LR = 1.83e-04, Steps/sec = 1.12, Samples/sec = 287.8
Step 187500 (18.8%): Train Loss = 0.286009, Val Loss = 0.323917, Gnorm = 0.336714, Samples = 48000256, LR = 1.83e-04, Steps/sec = 1.09, Samples/sec = 279.1
Step 188000 (18.8%): Train Loss = 0.285542, Val Loss = 0.292808, Gnorm = 0.277984, Samples = 48128256, LR = 1.83e-04, Steps/sec = 1.12, Samples/sec = 287.7
Step 188500 (18.9%): Train Loss = 0.309550, Val Loss = 0.269440, Gnorm = 0.528621, Samples = 48256256, LR = 1.83e-04, Steps/sec = 1.09, Samples/sec = 279.2
Step 189000 (18.9%): Train Loss = 0.331061, Val Loss = 0.321028, Gnorm = 0.258805, Samples = 48384256, LR = 1.83e-04, Steps/sec = 1.13, Samples/sec = 288.7
Step 189500 (19.0%): Train Loss = 0.298055, Val Loss = 0.292239, Gnorm = 0.286478, Samples = 48512256, LR = 1.83e-04, Steps/sec = 1.13, Samples/sec = 288.1
Step 190000 (19.0%): Train Loss = 0.298386, Val Loss = 0.290320, Gnorm = 0.255636, Samples = 48640256, LR = 1.83e-04, Steps/sec = 1.09, Samples/sec = 280.0
Step 190500 (19.1%): Train Loss = 0.310615, Val Loss = 0.275334, Gnorm = 0.325232, Samples = 48768256, LR = 1.83e-04, Steps/sec = 1.13, Samples/sec = 289.4
Step 191000 (19.1%): Train Loss = 0.294966, Val Loss = 0.271380, Gnorm = 0.380515, Samples = 48896256, LR = 1.83e-04, Steps/sec = 1.09, Samples/sec = 279.1
Step 191500 (19.2%): Train Loss = 0.296782, Val Loss = 0.316121, Gnorm = 0.392850, Samples = 49024256, LR = 1.82e-04, Steps/sec = 1.13, Samples/sec = 288.8
Step 192000 (19.2%): Train Loss = 0.330824, Val Loss = 0.270607, Gnorm = 0.386766, Samples = 49152256, LR = 1.82e-04, Steps/sec = 1.09, Samples/sec = 278.6
Step 192500 (19.3%): Train Loss = 0.287304, Val Loss = 0.288928, Gnorm = 0.366721, Samples = 49280256, LR = 1.82e-04, Steps/sec = 1.13, Samples/sec = 288.9
Step 193000 (19.3%): Train Loss = 0.290362, Val Loss = 0.271271, Gnorm = 0.393163, Samples = 49408256, LR = 1.82e-04, Steps/sec = 1.13, Samples/sec = 288.7
Step 193500 (19.4%): Train Loss = 0.293626, Val Loss = 0.325463, Gnorm = 0.295880, Samples = 49536256, LR = 1.82e-04, Steps/sec = 1.09, Samples/sec = 279.3
Step 194000 (19.4%): Train Loss = 0.296878, Val Loss = 0.271680, Gnorm = 0.397193, Samples = 49664256, LR = 1.82e-04, Steps/sec = 1.12, Samples/sec = 287.7
Step 194500 (19.5%): Train Loss = 0.295305, Val Loss = 0.289057, Gnorm = 0.393377, Samples = 49792256, LR = 1.82e-04, Steps/sec = 1.09, Samples/sec = 279.1
Step 195000 (19.5%): Train Loss = 0.305145, Val Loss = 0.268093, Gnorm = 0.673943, Samples = 49920256, LR = 1.82e-04, Steps/sec = 1.12, Samples/sec = 288.0
Step 195500 (19.6%): Train Loss = 0.309172, Val Loss = 0.270775, Gnorm = 0.345150, Samples = 50048256, LR = 1.82e-04, Steps/sec = 1.12, Samples/sec = 286.8
Step 196000 (19.6%): Train Loss = 0.263553, Val Loss = 0.291273, Gnorm = 0.576605, Samples = 50176256, LR = 1.82e-04, Steps/sec = 1.10, Samples/sec = 280.4
Step 196500 (19.7%): Train Loss = 0.295010, Val Loss = 0.299851, Gnorm = 0.311535, Samples = 50304256, LR = 1.82e-04, Steps/sec = 1.13, Samples/sec = 288.3
Step 197000 (19.7%): Train Loss = 0.293475, Val Loss = 0.301985, Gnorm = 0.555538, Samples = 50432256, LR = 1.81e-04, Steps/sec = 1.09, Samples/sec = 279.5
Step 197500 (19.8%): Train Loss = 0.314369, Val Loss = 0.264124, Gnorm = 0.251428, Samples = 50560256, LR = 1.81e-04, Steps/sec = 1.12, Samples/sec = 287.5
Step 198000 (19.8%): Train Loss = 0.291270, Val Loss = 0.274855, Gnorm = 0.286825, Samples = 50688256, LR = 1.81e-04, Steps/sec = 1.09, Samples/sec = 280.2
Step 198500 (19.9%): Train Loss = 0.287985, Val Loss = 0.291922, Gnorm = 0.451754, Samples = 50816256, LR = 1.81e-04, Steps/sec = 1.13, Samples/sec = 288.9
Step 199000 (19.9%): Train Loss = 0.294613, Val Loss = 0.279856, Gnorm = 0.303435, Samples = 50944256, LR = 1.81e-04, Steps/sec = 1.13, Samples/sec = 288.5
Step 199500 (20.0%): Train Loss = 0.292658, Val Loss = 0.275461, Gnorm = 0.302670, Samples = 51072256, LR = 1.81e-04, Steps/sec = 1.09, Samples/sec = 279.5
Step 200000 (20.0%): Train Loss = 0.303266, Val Loss = 0.288117, Gnorm = 0.417263, Samples = 51200256, LR = 1.81e-04, Steps/sec = 1.12, Samples/sec = 286.6
Step 200500 (20.1%): Train Loss = 0.309455, Val Loss = 0.270862, Gnorm = 0.328189, Samples = 51328256, LR = 1.81e-04, Steps/sec = 1.09, Samples/sec = 279.3
Step 201000 (20.1%): Train Loss = 0.281185, Val Loss = 0.276580, Gnorm = 0.453152, Samples = 51456256, LR = 1.81e-04, Steps/sec = 1.12, Samples/sec = 287.5
Step 201500 (20.2%): Train Loss = 0.313778, Val Loss = 0.267451, Gnorm = 0.441743, Samples = 51584256, LR = 1.81e-04, Steps/sec = 1.09, Samples/sec = 279.1
Step 202000 (20.2%): Train Loss = 0.297558, Val Loss = 0.314848, Gnorm = 0.276895, Samples = 51712256, LR = 1.81e-04, Steps/sec = 1.13, Samples/sec = 289.1
Step 202500 (20.3%): Train Loss = 0.312425, Val Loss = 0.321447, Gnorm = 0.633100, Samples = 51840256, LR = 1.80e-04, Steps/sec = 1.12, Samples/sec = 286.6
Step 203000 (20.3%): Train Loss = 0.285708, Val Loss = 0.249213, Gnorm = 0.233165, Samples = 51968256, LR = 1.80e-04, Steps/sec = 1.09, Samples/sec = 279.3
Step 203500 (20.4%): Train Loss = 0.281767, Val Loss = 0.288705, Gnorm = 0.361534, Samples = 52096256, LR = 1.80e-04, Steps/sec = 1.12, Samples/sec = 287.8
Step 204000 (20.4%): Train Loss = 0.320396, Val Loss = 0.282733, Gnorm = 0.327296, Samples = 52224256, LR = 1.80e-04, Steps/sec = 1.09, Samples/sec = 278.7
Step 204500 (20.5%): Train Loss = 0.281664, Val Loss = 0.305577, Gnorm = 0.425895, Samples = 52352256, LR = 1.80e-04, Steps/sec = 1.13, Samples/sec = 288.3
Step 205000 (20.5%): Train Loss = 0.285834, Val Loss = 0.325266, Gnorm = 0.312776, Samples = 52480256, LR = 1.80e-04, Steps/sec = 1.10, Samples/sec = 280.7
Step 205500 (20.6%): Train Loss = 0.289783, Val Loss = 0.302711, Gnorm = 0.330661, Samples = 52608256, LR = 1.80e-04, Steps/sec = 1.13, Samples/sec = 288.1
Step 206000 (20.6%): Train Loss = 0.304977, Val Loss = 0.287627, Gnorm = 0.397876, Samples = 52736256, LR = 1.80e-04, Steps/sec = 1.13, Samples/sec = 288.4
Step 206500 (20.7%): Train Loss = 0.309487, Val Loss = 0.297598, Gnorm = 0.301584, Samples = 52864256, LR = 1.80e-04, Steps/sec = 1.09, Samples/sec = 279.5
Step 207000 (20.7%): Train Loss = 0.309727, Val Loss = 0.307089, Gnorm = 0.614895, Samples = 52992256, LR = 1.80e-04, Steps/sec = 1.13, Samples/sec = 289.1
Step 207500 (20.8%): Train Loss = 0.323141, Val Loss = 0.313129, Gnorm = 0.349238, Samples = 53120256, LR = 1.79e-04, Steps/sec = 1.09, Samples/sec = 279.8
Step 208000 (20.8%): Train Loss = 0.317585, Val Loss = 0.285183, Gnorm = 0.275504, Samples = 53248256, LR = 1.79e-04, Steps/sec = 1.12, Samples/sec = 287.5
Step 208500 (20.9%): Train Loss = 0.287524, Val Loss = 0.278990, Gnorm = 0.478052, Samples = 53376256, LR = 1.79e-04, Steps/sec = 1.09, Samples/sec = 279.0
Step 209000 (20.9%): Train Loss = 0.303136, Val Loss = 0.291003, Gnorm = 0.287349, Samples = 53504256, LR = 1.79e-04, Steps/sec = 1.13, Samples/sec = 288.9
Step 209500 (21.0%): Train Loss = 0.308889, Val Loss = 0.283159, Gnorm = 0.195124, Samples = 53632256, LR = 1.79e-04, Steps/sec = 1.12, Samples/sec = 287.5
Step 210000 (21.0%): Train Loss = 0.297424, Val Loss = 0.256910, Gnorm = 0.374241, Samples = 53760256, LR = 1.79e-04, Steps/sec = 1.09, Samples/sec = 278.7
Step 210500 (21.1%): Train Loss = 0.313939, Val Loss = 0.286969, Gnorm = 0.405341, Samples = 53888256, LR = 1.79e-04, Steps/sec = 1.12, Samples/sec = 286.0
Step 211000 (21.1%): Train Loss = 0.299240, Val Loss = 0.290274, Gnorm = 0.322267, Samples = 54016256, LR = 1.79e-04, Steps/sec = 1.09, Samples/sec = 278.7
Step 211500 (21.2%): Train Loss = 0.284271, Val Loss = 0.288678, Gnorm = 0.473996, Samples = 54144256, LR = 1.79e-04, Steps/sec = 1.13, Samples/sec = 288.2
Step 212000 (21.2%): Train Loss = 0.312608, Val Loss = 0.287220, Gnorm = 0.395593, Samples = 54272256, LR = 1.79e-04, Steps/sec = 1.12, Samples/sec = 287.1
Step 212500 (21.3%): Train Loss = 0.300113, Val Loss = 0.308125, Gnorm = 0.670637, Samples = 54400256, LR = 1.79e-04, Steps/sec = 1.09, Samples/sec = 279.1
Step 213000 (21.3%): Train Loss = 0.267384, Val Loss = 0.291737, Gnorm = 0.385567, Samples = 54528256, LR = 1.78e-04, Steps/sec = 1.12, Samples/sec = 288.0
Step 213500 (21.4%): Train Loss = 0.298616, Val Loss = 0.318056, Gnorm = 0.301949, Samples = 54656256, LR = 1.78e-04, Steps/sec = 1.09, Samples/sec = 279.3
Step 214000 (21.4%): Train Loss = 0.320958, Val Loss = 0.329071, Gnorm = 0.323872, Samples = 54784256, LR = 1.78e-04, Steps/sec = 1.12, Samples/sec = 287.3
Step 214500 (21.5%): Train Loss = 0.304399, Val Loss = 0.314855, Gnorm = 0.306425, Samples = 54912256, LR = 1.78e-04, Steps/sec = 1.09, Samples/sec = 279.2
Step 215000 (21.5%): Train Loss = 0.309867, Val Loss = 0.293754, Gnorm = 0.330231, Samples = 55040256, LR = 1.78e-04, Steps/sec = 1.12, Samples/sec = 287.4
Step 215500 (21.6%): Train Loss = 0.279651, Val Loss = 0.280328, Gnorm = 0.334273, Samples = 55168256, LR = 1.78e-04, Steps/sec = 1.12, Samples/sec = 287.3
Step 216000 (21.6%): Train Loss = 0.283664, Val Loss = 0.283703, Gnorm = 0.314754, Samples = 55296256, LR = 1.78e-04, Steps/sec = 1.09, Samples/sec = 280.2
Step 216500 (21.7%): Train Loss = 0.297527, Val Loss = 0.302999, Gnorm = 0.311150, Samples = 55424256, LR = 1.78e-04, Steps/sec = 1.13, Samples/sec = 289.1
Step 217000 (21.7%): Train Loss = 0.294113, Val Loss = 0.306909, Gnorm = 0.370646, Samples = 55552256, LR = 1.78e-04, Steps/sec = 1.09, Samples/sec = 279.8
Step 217500 (21.8%): Train Loss = 0.291248, Val Loss = 0.317552, Gnorm = 0.239196, Samples = 55680256, LR = 1.78e-04, Steps/sec = 1.12, Samples/sec = 286.8
Step 218000 (21.8%): Train Loss = 0.281568, Val Loss = 0.286438, Gnorm = 0.327782, Samples = 55808256, LR = 1.77e-04, Steps/sec = 1.09, Samples/sec = 278.7
Step 218500 (21.9%): Train Loss = 0.297316, Val Loss = 0.306527, Gnorm = 0.308132, Samples = 55936256, LR = 1.77e-04, Steps/sec = 1.12, Samples/sec = 287.6
Step 219000 (21.9%): Train Loss = 0.312584, Val Loss = 0.309504, Gnorm = 0.229874, Samples = 56064256, LR = 1.77e-04, Steps/sec = 1.12, Samples/sec = 287.4
Step 219500 (22.0%): Train Loss = 0.286601, Val Loss = 0.263110, Gnorm = 0.246084, Samples = 56192256, LR = 1.77e-04, Steps/sec = 1.09, Samples/sec = 280.0
Step 220000 (22.0%): Train Loss = 0.295842, Val Loss = 0.274700, Gnorm = 0.324692, Samples = 56320256, LR = 1.77e-04, Steps/sec = 1.12, Samples/sec = 287.4
Step 220500 (22.1%): Train Loss = 0.297873, Val Loss = 0.324711, Gnorm = 0.380053, Samples = 56448256, LR = 1.77e-04, Steps/sec = 1.09, Samples/sec = 278.7
Step 221000 (22.1%): Train Loss = 0.313800, Val Loss = 0.303783, Gnorm = 0.576960, Samples = 56576256, LR = 1.77e-04, Steps/sec = 1.12, Samples/sec = 287.8
Step 221500 (22.2%): Train Loss = 0.299668, Val Loss = 0.287157, Gnorm = 0.329810, Samples = 56704256, LR = 1.77e-04, Steps/sec = 1.09, Samples/sec = 279.0
Step 222000 (22.2%): Train Loss = 0.305821, Val Loss = 0.266849, Gnorm = 0.312823, Samples = 56832256, LR = 1.77e-04, Steps/sec = 1.13, Samples/sec = 288.2
Step 222500 (22.3%): Train Loss = 0.297851, Val Loss = 0.299070, Gnorm = 0.335347, Samples = 56960256, LR = 1.77e-04, Steps/sec = 1.12, Samples/sec = 286.8
Step 223000 (22.3%): Train Loss = 0.281007, Val Loss = 0.285691, Gnorm = 0.407860, Samples = 57088256, LR = 1.76e-04, Steps/sec = 1.09, Samples/sec = 279.0
Step 223500 (22.4%): Train Loss = 0.287340, Val Loss = 0.301796, Gnorm = 0.309428, Samples = 57216256, LR = 1.76e-04, Steps/sec = 1.13, Samples/sec = 288.2
Step 224000 (22.4%): Train Loss = 0.307214, Val Loss = 0.267629, Gnorm = 0.504144, Samples = 57344256, LR = 1.76e-04, Steps/sec = 1.09, Samples/sec = 278.0
Step 224500 (22.5%): Train Loss = 0.284919, Val Loss = 0.273155, Gnorm = 0.380544, Samples = 57472256, LR = 1.76e-04, Steps/sec = 1.12, Samples/sec = 287.5
Step 225000 (22.5%): Train Loss = 0.316216, Val Loss = 0.290124, Gnorm = 0.449558, Samples = 57600256, LR = 1.76e-04, Steps/sec = 1.09, Samples/sec = 278.4
Step 225500 (22.6%): Train Loss = 0.303593, Val Loss = 0.271988, Gnorm = 0.415994, Samples = 57728256, LR = 1.76e-04, Steps/sec = 1.12, Samples/sec = 287.0
Step 226000 (22.6%): Train Loss = 0.273088, Val Loss = 0.291778, Gnorm = 0.358217, Samples = 57856256, LR = 1.76e-04, Steps/sec = 1.12, Samples/sec = 286.8
Step 226500 (22.7%): Train Loss = 0.322575, Val Loss = 0.305237, Gnorm = 0.288041, Samples = 57984256, LR = 1.76e-04, Steps/sec = 1.09, Samples/sec = 280.2
Step 227000 (22.7%): Train Loss = 0.294418, Val Loss = 0.280196, Gnorm = 0.242190, Samples = 58112256, LR = 1.76e-04, Steps/sec = 1.13, Samples/sec = 289.0
Step 227500 (22.8%): Train Loss = 0.309904, Val Loss = 0.263561, Gnorm = 0.614160, Samples = 58240256, LR = 1.76e-04, Steps/sec = 1.10, Samples/sec = 280.9
Step 228000 (22.8%): Train Loss = 0.311981, Val Loss = 0.259944, Gnorm = 0.511960, Samples = 58368256, LR = 1.75e-04, Steps/sec = 1.13, Samples/sec = 288.8
Step 228500 (22.9%): Train Loss = 0.293304, Val Loss = 0.280070, Gnorm = 0.325519, Samples = 58496256, LR = 1.75e-04, Steps/sec = 1.12, Samples/sec = 286.9
Step 229000 (22.9%): Train Loss = 0.293983, Val Loss = 0.288557, Gnorm = 0.561443, Samples = 58624256, LR = 1.75e-04, Steps/sec = 1.09, Samples/sec = 279.5
Step 229500 (23.0%): Train Loss = 0.309047, Val Loss = 0.271885, Gnorm = 0.379781, Samples = 58752256, LR = 1.75e-04, Steps/sec = 1.12, Samples/sec = 287.0
Step 230000 (23.0%): Train Loss = 0.307662, Val Loss = 0.292431, Gnorm = 0.432037, Samples = 58880256, LR = 1.75e-04, Steps/sec = 1.09, Samples/sec = 279.5
Step 230500 (23.1%): Train Loss = 0.313132, Val Loss = 0.297808, Gnorm = 0.259380, Samples = 59008256, LR = 1.75e-04, Steps/sec = 1.12, Samples/sec = 287.1
Step 231000 (23.1%): Train Loss = 0.318883, Val Loss = 0.278583, Gnorm = 0.320155, Samples = 59136256, LR = 1.75e-04, Steps/sec = 1.09, Samples/sec = 279.6
Step 231500 (23.2%): Train Loss = 0.302860, Val Loss = 0.281710, Gnorm = 0.278505, Samples = 59264256, LR = 1.75e-04, Steps/sec = 1.12, Samples/sec = 286.4
Step 232000 (23.2%): Train Loss = 0.297491, Val Loss = 0.287630, Gnorm = 0.283969, Samples = 59392256, LR = 1.75e-04, Steps/sec = 1.12, Samples/sec = 286.7
Step 232500 (23.3%): Train Loss = 0.297430, Val Loss = 0.284624, Gnorm = 0.370717, Samples = 59520256, LR = 1.74e-04, Steps/sec = 1.09, Samples/sec = 280.3
Step 233000 (23.3%): Train Loss = 0.308916, Val Loss = 0.293120, Gnorm = 0.416269, Samples = 59648256, LR = 1.74e-04, Steps/sec = 1.12, Samples/sec = 287.6
Step 233500 (23.4%): Train Loss = 0.273876, Val Loss = 0.296497, Gnorm = 0.534428, Samples = 59776256, LR = 1.74e-04, Steps/sec = 1.09, Samples/sec = 279.5
Step 234000 (23.4%): Train Loss = 0.295802, Val Loss = 0.271171, Gnorm = 0.215601, Samples = 59904256, LR = 1.74e-04, Steps/sec = 1.12, Samples/sec = 287.9
Step 234500 (23.5%): Train Loss = 0.263994, Val Loss = 0.287793, Gnorm = 0.308021, Samples = 60032256, LR = 1.74e-04, Steps/sec = 1.09, Samples/sec = 278.0
Step 235000 (23.5%): Train Loss = 0.299310, Val Loss = 0.262355, Gnorm = 0.311992, Samples = 60160256, LR = 1.74e-04, Steps/sec = 1.12, Samples/sec = 287.3
Step 235500 (23.6%): Train Loss = 0.295658, Val Loss = 0.286363, Gnorm = 0.277689, Samples = 60288256, LR = 1.74e-04, Steps/sec = 1.12, Samples/sec = 286.9
Step 236000 (23.6%): Train Loss = 0.297534, Val Loss = 0.292720, Gnorm = 0.227282, Samples = 60416256, LR = 1.74e-04, Steps/sec = 1.09, Samples/sec = 280.0
Step 236500 (23.7%): Train Loss = 0.273571, Val Loss = 0.301795, Gnorm = 0.374440, Samples = 60544256, LR = 1.74e-04, Steps/sec = 1.12, Samples/sec = 286.9
Step 237000 (23.7%): Train Loss = 0.325787, Val Loss = 0.308261, Gnorm = 0.310288, Samples = 60672256, LR = 1.74e-04, Steps/sec = 1.09, Samples/sec = 279.3
Step 237500 (23.8%): Train Loss = 0.293524, Val Loss = 0.286304, Gnorm = 0.282697, Samples = 60800256, LR = 1.73e-04, Steps/sec = 1.12, Samples/sec = 287.7
Step 238000 (23.8%): Train Loss = 0.322299, Val Loss = 0.292330, Gnorm = 0.346871, Samples = 60928256, LR = 1.73e-04, Steps/sec = 1.09, Samples/sec = 278.6
Step 238500 (23.9%): Train Loss = 0.287307, Val Loss = 0.316618, Gnorm = 0.388709, Samples = 61056256, LR = 1.73e-04, Steps/sec = 1.12, Samples/sec = 287.0
Step 239000 (23.9%): Train Loss = 0.310876, Val Loss = 0.311256, Gnorm = 0.432317, Samples = 61184256, LR = 1.73e-04, Steps/sec = 1.12, Samples/sec = 286.7
Step 239500 (24.0%): Train Loss = 0.282333, Val Loss = 0.315158, Gnorm = 0.271639, Samples = 61312256, LR = 1.73e-04, Steps/sec = 1.09, Samples/sec = 278.3
Step 240000 (24.0%): Train Loss = 0.299842, Val Loss = 0.294110, Gnorm = 0.329488, Samples = 61440256, LR = 1.73e-04, Steps/sec = 1.12, Samples/sec = 286.7
Step 240500 (24.1%): Train Loss = 0.289275, Val Loss = 0.271723, Gnorm = 0.294618, Samples = 61568256, LR = 1.73e-04, Steps/sec = 1.09, Samples/sec = 278.7
Step 241000 (24.1%): Train Loss = 0.291610, Val Loss = 0.284115, Gnorm = 0.611559, Samples = 61696256, LR = 1.73e-04, Steps/sec = 1.12, Samples/sec = 287.3
Step 241500 (24.2%): Train Loss = 0.284551, Val Loss = 0.272194, Gnorm = 0.373946, Samples = 61824256, LR = 1.73e-04, Steps/sec = 1.09, Samples/sec = 278.1
Step 242000 (24.2%): Train Loss = 0.292921, Val Loss = 0.293012, Gnorm = 0.261872, Samples = 61952256, LR = 1.72e-04, Steps/sec = 1.12, Samples/sec = 287.2
Step 242500 (24.3%): Train Loss = 0.281502, Val Loss = 0.277179, Gnorm = 0.317444, Samples = 62080256, LR = 1.72e-04, Steps/sec = 1.12, Samples/sec = 286.5
Step 243000 (24.3%): Train Loss = 0.290904, Val Loss = 0.281088, Gnorm = 0.675151, Samples = 62208256, LR = 1.72e-04, Steps/sec = 1.09, Samples/sec = 278.5
Step 243500 (24.4%): Train Loss = 0.310874, Val Loss = 0.298093, Gnorm = 0.368307, Samples = 62336256, LR = 1.72e-04, Steps/sec = 1.12, Samples/sec = 286.9
Step 244000 (24.4%): Train Loss = 0.272279, Val Loss = 0.315463, Gnorm = 0.399019, Samples = 62464256, LR = 1.72e-04, Steps/sec = 1.08, Samples/sec = 277.8
Step 244500 (24.5%): Train Loss = 0.281104, Val Loss = 0.292126, Gnorm = 0.277277, Samples = 62592256, LR = 1.72e-04, Steps/sec = 1.12, Samples/sec = 286.3
Step 245000 (24.5%): Train Loss = 0.307514, Val Loss = 0.281552, Gnorm = 0.265839, Samples = 62720256, LR = 1.72e-04, Steps/sec = 1.09, Samples/sec = 278.9
Step 245500 (24.6%): Train Loss = 0.280675, Val Loss = 0.300749, Gnorm = 0.229674, Samples = 62848256, LR = 1.72e-04, Steps/sec = 1.13, Samples/sec = 288.4
Step 246000 (24.6%): Train Loss = 0.301224, Val Loss = 0.260206, Gnorm = 0.510973, Samples = 62976256, LR = 1.72e-04, Steps/sec = 1.12, Samples/sec = 287.0
Step 246500 (24.7%): Train Loss = 0.293926, Val Loss = 0.277816, Gnorm = 0.292089, Samples = 63104256, LR = 1.71e-04, Steps/sec = 1.09, Samples/sec = 279.5
Step 247000 (24.7%): Train Loss = 0.295758, Val Loss = 0.245056, Gnorm = 0.247581, Samples = 63232256, LR = 1.71e-04, Steps/sec = 1.12, Samples/sec = 288.0
Step 247500 (24.8%): Train Loss = 0.288893, Val Loss = 0.309027, Gnorm = 0.283422, Samples = 63360256, LR = 1.71e-04, Steps/sec = 1.09, Samples/sec = 279.0
Step 248000 (24.8%): Train Loss = 0.303417, Val Loss = 0.314440, Gnorm = 0.309831, Samples = 63488256, LR = 1.71e-04, Steps/sec = 1.13, Samples/sec = 288.1
Step 248500 (24.9%): Train Loss = 0.300766, Val Loss = 0.298515, Gnorm = 0.318748, Samples = 63616256, LR = 1.71e-04, Steps/sec = 1.13, Samples/sec = 288.3
Step 249000 (24.9%): Train Loss = 0.314388, Val Loss = 0.310614, Gnorm = 0.351389, Samples = 63744256, LR = 1.71e-04, Steps/sec = 1.09, Samples/sec = 279.4
Step 249500 (25.0%): Train Loss = 0.296912, Val Loss = 0.260001, Gnorm = 0.261367, Samples = 63872256, LR = 1.71e-04, Steps/sec = 1.12, Samples/sec = 286.8
Step 250000 (25.0%): Train Loss = 0.273523, Val Loss = 0.270746, Gnorm = 0.614351, Samples = 64000256, LR = 1.71e-04, Steps/sec = 1.09, Samples/sec = 278.3
Step 250500 (25.1%): Train Loss = 0.288569, Val Loss = 0.250240, Gnorm = 0.391523, Samples = 64128256, LR = 1.71e-04, Steps/sec = 1.13, Samples/sec = 288.1
Step 251000 (25.1%): Train Loss = 0.308739, Val Loss = 0.289009, Gnorm = 0.309895, Samples = 64256256, LR = 1.70e-04, Steps/sec = 1.09, Samples/sec = 279.6
Step 251500 (25.2%): Train Loss = 0.286914, Val Loss = 0.265151, Gnorm = 0.386133, Samples = 64384256, LR = 1.70e-04, Steps/sec = 1.12, Samples/sec = 287.9
Step 252000 (25.2%): Train Loss = 0.290057, Val Loss = 0.315973, Gnorm = 0.283368, Samples = 64512256, LR = 1.70e-04, Steps/sec = 1.12, Samples/sec = 287.3
Step 252500 (25.3%): Train Loss = 0.287783, Val Loss = 0.301824, Gnorm = 0.225256, Samples = 64640256, LR = 1.70e-04, Steps/sec = 1.09, Samples/sec = 278.9
Step 253000 (25.3%): Train Loss = 0.327656, Val Loss = 0.363286, Gnorm = 0.280210, Samples = 64768256, LR = 1.70e-04, Steps/sec = 1.12, Samples/sec = 286.6
Step 253500 (25.4%): Train Loss = 0.282669, Val Loss = 0.279744, Gnorm = 0.314173, Samples = 64896256, LR = 1.70e-04, Steps/sec = 1.09, Samples/sec = 278.4
Step 254000 (25.4%): Train Loss = 0.292767, Val Loss = 0.295093, Gnorm = 0.280471, Samples = 65024256, LR = 1.70e-04, Steps/sec = 1.12, Samples/sec = 287.3
Step 254500 (25.5%): Train Loss = 0.308785, Val Loss = 0.300791, Gnorm = 0.289448, Samples = 65152256, LR = 1.70e-04, Steps/sec = 1.09, Samples/sec = 278.4
Step 255000 (25.5%): Train Loss = 0.290369, Val Loss = 0.322914, Gnorm = 0.321358, Samples = 65280256, LR = 1.70e-04, Steps/sec = 1.13, Samples/sec = 288.4
Step 255500 (25.6%): Train Loss = 0.303980, Val Loss = 0.255930, Gnorm = 0.346532, Samples = 65408256, LR = 1.69e-04, Steps/sec = 1.13, Samples/sec = 288.2
Step 256000 (25.6%): Train Loss = 0.296989, Val Loss = 0.258530, Gnorm = 0.299068, Samples = 65536256, LR = 1.69e-04, Steps/sec = 1.09, Samples/sec = 279.4
Step 256500 (25.7%): Train Loss = 0.285223, Val Loss = 0.283659, Gnorm = 0.260620, Samples = 65664256, LR = 1.69e-04, Steps/sec = 1.12, Samples/sec = 287.6
Step 257000 (25.7%): Train Loss = 0.283443, Val Loss = 0.284481, Gnorm = 0.268980, Samples = 65792256, LR = 1.69e-04, Steps/sec = 1.09, Samples/sec = 278.5
Step 257500 (25.8%): Train Loss = 0.316820, Val Loss = 0.258469, Gnorm = 0.275776, Samples = 65920256, LR = 1.69e-04, Steps/sec = 1.12, Samples/sec = 288.0
Step 258000 (25.8%): Train Loss = 0.293434, Val Loss = 0.301858, Gnorm = 0.244022, Samples = 66048256, LR = 1.69e-04, Steps/sec = 1.09, Samples/sec = 278.9
Step 258500 (25.9%): Train Loss = 0.295352, Val Loss = 0.285854, Gnorm = 0.252809, Samples = 66176256, LR = 1.69e-04, Steps/sec = 1.13, Samples/sec = 288.6
Step 259000 (25.9%): Train Loss = 0.296954, Val Loss = 0.279105, Gnorm = 0.291521, Samples = 66304256, LR = 1.69e-04, Steps/sec = 1.13, Samples/sec = 288.2
Step 259500 (26.0%): Train Loss = 0.319763, Val Loss = 0.284758, Gnorm = 0.335121, Samples = 66432256, LR = 1.69e-04, Steps/sec = 1.09, Samples/sec = 279.1
Step 260000 (26.0%): Train Loss = 0.278593, Val Loss = 0.284144, Gnorm = 0.329398, Samples = 66560256, LR = 1.68e-04, Steps/sec = 1.12, Samples/sec = 287.9
Step 260500 (26.1%): Train Loss = 0.289465, Val Loss = 0.285149, Gnorm = 0.225883, Samples = 66688256, LR = 1.68e-04, Steps/sec = 1.09, Samples/sec = 278.2
Step 261000 (26.1%): Train Loss = 0.287154, Val Loss = 0.269907, Gnorm = 0.458782, Samples = 66816256, LR = 1.68e-04, Steps/sec = 1.13, Samples/sec = 288.2
Step 261500 (26.2%): Train Loss = 0.303254, Val Loss = 0.298739, Gnorm = 0.382361, Samples = 66944256, LR = 1.68e-04, Steps/sec = 1.09, Samples/sec = 278.6
Step 262000 (26.2%): Train Loss = 0.283019, Val Loss = 0.300148, Gnorm = 0.436649, Samples = 67072256, LR = 1.68e-04, Steps/sec = 1.13, Samples/sec = 288.1
Step 262500 (26.3%): Train Loss = 0.295779, Val Loss = 0.307323, Gnorm = 0.305458, Samples = 67200256, LR = 1.68e-04, Steps/sec = 1.12, Samples/sec = 287.3
Step 263000 (26.3%): Train Loss = 0.299245, Val Loss = 0.279769, Gnorm = 0.218128, Samples = 67328256, LR = 1.68e-04, Steps/sec = 1.09, Samples/sec = 278.8
Step 263500 (26.4%): Train Loss = 0.295412, Val Loss = 0.281935, Gnorm = 0.427719, Samples = 67456256, LR = 1.68e-04, Steps/sec = 1.12, Samples/sec = 287.5
Step 264000 (26.4%): Train Loss = 0.284847, Val Loss = 0.278041, Gnorm = 0.255967, Samples = 67584256, LR = 1.68e-04, Steps/sec = 1.09, Samples/sec = 279.6
Step 264500 (26.5%): Train Loss = 0.316055, Val Loss = 0.281656, Gnorm = 0.303059, Samples = 67712256, LR = 1.67e-04, Steps/sec = 1.13, Samples/sec = 288.3
Step 265000 (26.5%): Train Loss = 0.305767, Val Loss = 0.289118, Gnorm = 0.291769, Samples = 67840256, LR = 1.67e-04, Steps/sec = 1.13, Samples/sec = 288.5
Step 265500 (26.6%): Train Loss = 0.295206, Val Loss = 0.269283, Gnorm = 0.481881, Samples = 67968256, LR = 1.67e-04, Steps/sec = 1.09, Samples/sec = 279.6
Step 266000 (26.6%): Train Loss = 0.299118, Val Loss = 0.282562, Gnorm = 0.308243, Samples = 68096256, LR = 1.67e-04, Steps/sec = 1.12, Samples/sec = 287.6
Step 266500 (26.7%): Train Loss = 0.297763, Val Loss = 0.302513, Gnorm = 0.259751, Samples = 68224256, LR = 1.67e-04, Steps/sec = 1.09, Samples/sec = 278.8
Step 267000 (26.7%): Train Loss = 0.302501, Val Loss = 0.275552, Gnorm = 0.329275, Samples = 68352256, LR = 1.67e-04, Steps/sec = 1.13, Samples/sec = 288.4
Step 267500 (26.8%): Train Loss = 0.292040, Val Loss = 0.272988, Gnorm = 0.286844, Samples = 68480256, LR = 1.67e-04, Steps/sec = 1.09, Samples/sec = 278.1
